2024-10-27T22:15:55.165Z [info]: Server running on http://localhost:5000 
2024-10-27T22:16:33.916Z [info]: Server running on http://localhost:5000 
2024-10-27T22:19:23.494Z [info]: POST /api/auth/login 
2024-10-27T22:20:00.734Z [info]: POST /api/companies 
2024-10-28T09:16:07.937Z [info]: Server running on http://localhost:5000 
2024-10-28T09:16:57.797Z [info]: POST /api/auth/login 
2024-10-28T09:17:06.595Z [info]: GET /api/companies?page=1&limit=8&sort=newest 
2024-10-28T09:19:03.019Z [info]: POST /api/companies 
2024-10-28T09:19:03.878Z [info]: POST /api/companies 
2024-10-28T09:38:45.338Z [info]: Shutting down gracefully... 
2024-10-28T09:38:55.651Z [info]: Shutting down gracefully... 
2024-10-28T09:38:57.111Z [info]: Shutting down gracefully... 
2024-10-28T09:38:57.716Z [info]: Shutting down gracefully... 
2024-10-28T09:40:14.704Z [info]: Shutting down gracefully... 
2024-10-28T10:05:45.484Z [info]: Server running on http://localhost:5000 
2024-10-28T10:06:25.372Z [info]: POST /api/auth/login 
2024-10-28T10:06:32.218Z [info]: GET /api/companies?page=1&limit=8&sort=newest 
2024-10-28T10:06:56.192Z [info]: POST /api/companies 
2024-10-28T10:06:56.198Z [error]: Error creating company: Unknown column 'phone' in 'field list' {"code":"ER_BAD_FIELD_ERROR","errno":1054,"sql":"INSERT INTO companies (id, name, companyType, phone, email, city, url) VALUES ('adf3e9ec-f6ce-4390-a91c-75e51ac044f5', 'ubaid textile', NULL, NULL, 'shaheerkq@gmail.com', 'Karachi', 'ubaid-textile')","sqlState":"42S22","sqlMessage":"Unknown column 'phone' in 'field list'","stack":"Error: Unknown column 'phone' in 'field list'\n    at PromisePool.query (D:\\backup\\login\\my-node-backend\\git code\\risk_assessment\\node_modules\\mysql2\\promise.js:356:22)\n    at exports.createCompany (D:\\backup\\login\\my-node-backend\\git code\\risk_assessment\\src\\controllers\\companyController.js:24:18)\n    at process.processTicksAndRejections (node:internal/process/task_queues:95:5)"}
2024-10-28T10:11:42.810Z [info]: POST /api/companies 
2024-10-28T10:11:42.816Z [error]: Error creating company: Unknown column 'phone' in 'field list' {"code":"ER_BAD_FIELD_ERROR","errno":1054,"sql":"INSERT INTO companies (id, name, companyType, phone, email, city, url) VALUES ('8f3e6054-8e89-4b66-9a39-f4a8d0911018', 'ubaid textile', NULL, NULL, 'shaheerkq@gmail.com', 'Karachi', 'ubaid-textile')","sqlState":"42S22","sqlMessage":"Unknown column 'phone' in 'field list'","stack":"Error: Unknown column 'phone' in 'field list'\n    at PromisePool.query (D:\\backup\\login\\my-node-backend\\git code\\risk_assessment\\node_modules\\mysql2\\promise.js:356:22)\n    at exports.createCompany (D:\\backup\\login\\my-node-backend\\git code\\risk_assessment\\src\\controllers\\companyController.js:24:18)\n    at process.processTicksAndRejections (node:internal/process/task_queues:95:5)"}
2024-10-28T10:13:37.030Z [info]: POST /api/companies 
2024-10-28T10:13:37.037Z [error]: Error creating company: Unknown column 'phone' in 'field list' {"code":"ER_BAD_FIELD_ERROR","errno":1054,"sql":"INSERT INTO companies (id, name, companyType, phone, email, city, url) VALUES ('c88e66dc-6f6e-4a09-8d5a-abfe9211c563', 'ubaid textile', NULL, NULL, 'shaheerkq@gmail.com', 'Karachi', 'ubaid-textile')","sqlState":"42S22","sqlMessage":"Unknown column 'phone' in 'field list'","stack":"Error: Unknown column 'phone' in 'field list'\n    at PromisePool.query (D:\\backup\\login\\my-node-backend\\git code\\risk_assessment\\node_modules\\mysql2\\promise.js:356:22)\n    at exports.createCompany (D:\\backup\\login\\my-node-backend\\git code\\risk_assessment\\src\\controllers\\companyController.js:24:18)\n    at process.processTicksAndRejections (node:internal/process/task_queues:95:5)"}
2024-10-28T10:13:44.137Z [info]: Shutting down gracefully... 
2024-10-28T10:13:49.818Z [info]: Server running on http://localhost:5000 
2024-10-28T10:14:23.698Z [info]: POST /api/companies 
2024-10-28T10:14:23.722Z [error]: Error creating company: Unknown column 'phone' in 'field list' {"code":"ER_BAD_FIELD_ERROR","errno":1054,"sql":"INSERT INTO companies (id, name, companyType, phone, email, city, url) VALUES ('78ea555f-9287-4316-bf6b-29bb61464635', 'ubaid textile', NULL, NULL, 'info@ubaidtextile.com', 'Karachi', 'ubaid-textile')","sqlState":"42S22","sqlMessage":"Unknown column 'phone' in 'field list'","stack":"Error: Unknown column 'phone' in 'field list'\n    at PromisePool.query (D:\\backup\\login\\my-node-backend\\git code\\risk_assessment\\node_modules\\mysql2\\promise.js:356:22)\n    at exports.createCompany (D:\\backup\\login\\my-node-backend\\git code\\risk_assessment\\src\\controllers\\companyController.js:24:18)\n    at process.processTicksAndRejections (node:internal/process/task_queues:95:5)"}
2024-10-28T10:16:08.907Z [info]: POST /api/companies 
2024-10-28T10:16:08.916Z [error]: Error creating company: Unknown column 'phone' in 'field list' {"code":"ER_BAD_FIELD_ERROR","errno":1054,"sql":"INSERT INTO companies (id, name, companyType, phone, email, city, url) VALUES ('c4b9dcb6-178c-42bd-9889-2b22a3715407', 'ubaid textile', NULL, NULL, 'info@ubaidtextile.com', 'Karachi', 'ubaid-textile')","sqlState":"42S22","sqlMessage":"Unknown column 'phone' in 'field list'","stack":"Error: Unknown column 'phone' in 'field list'\n    at PromisePool.query (D:\\backup\\login\\my-node-backend\\git code\\risk_assessment\\node_modules\\mysql2\\promise.js:356:22)\n    at exports.createCompany (D:\\backup\\login\\my-node-backend\\git code\\risk_assessment\\src\\controllers\\companyController.js:24:18)\n    at process.processTicksAndRejections (node:internal/process/task_queues:95:5)"}
2024-10-28T10:19:07.732Z [info]: Shutting down gracefully... 
2024-10-28T10:19:12.182Z [info]: Server running on http://localhost:5000 
2024-10-28T10:19:17.895Z [info]: POST /api/companies 
2024-10-28T10:19:17.954Z [error]: Error creating company: Duplicate entry '' for key 'PRIMARY' {"code":"ER_DUP_ENTRY","errno":1062,"sql":"INSERT INTO form_structure (company_id) VALUES ('41db4ec5-c2c3-4232-9c5c-34b8eb1bd62d')","sqlState":"23000","sqlMessage":"Duplicate entry '' for key 'PRIMARY'","stack":"Error: Duplicate entry '' for key 'PRIMARY'\n    at PromisePool.query (D:\\backup\\login\\my-node-backend\\git code\\risk_assessment\\node_modules\\mysql2\\promise.js:356:22)\n    at exports.createCompany (D:\\backup\\login\\my-node-backend\\git code\\risk_assessment\\src\\controllers\\companyController.js:26:18)\n    at process.processTicksAndRejections (node:internal/process/task_queues:95:5)"}
2024-10-28T10:30:52.243Z [info]: POST /api/companies 
2024-10-28T10:31:30.247Z [info]: POST /api/companies 
2024-10-28T10:31:30.259Z [error]: Error creating company: Duplicate entry '2' for key 'PRIMARY' {"code":"ER_DUP_ENTRY","errno":1062,"sql":"INSERT INTO companies (id, name, companyType, phoneNumber, email, city, url) VALUES ('2cb7441c-fd56-4183-baa8-b6d59b2b12d7', 'faizan textile', NULL, '02125698659', 'info@faizan.com', 'Karachi', 'faizan-textile')","sqlState":"23000","sqlMessage":"Duplicate entry '2' for key 'PRIMARY'","stack":"Error: Duplicate entry '2' for key 'PRIMARY'\n    at PromisePool.query (D:\\backup\\login\\my-node-backend\\git code\\risk_assessment\\node_modules\\mysql2\\promise.js:356:22)\n    at exports.createCompany (D:\\backup\\login\\my-node-backend\\git code\\risk_assessment\\src\\controllers\\companyController.js:24:18)\n    at process.processTicksAndRejections (node:internal/process/task_queues:95:5)"}
2024-10-28T10:37:44.267Z [info]: POST /api/companies 
2024-10-28T10:40:19.800Z [info]: GET /api/companies?page=1&limit=8&sort=newest 
2024-10-28T10:40:26.693Z [info]: GET /api/companies?page=1&limit=8&sort=newest 
2024-10-28T10:40:28.292Z [info]: GET /api/companies?page=1&limit=8&sort=newest 
2024-10-28T10:40:30.720Z [info]: GET /api/companies?page=1&limit=8&sort=newest 
2024-10-28T10:40:32.264Z [info]: GET /api/companies?page=1&limit=8&sort=newest 
2024-10-28T10:40:33.254Z [info]: GET /api/companies?page=1&limit=8&sort=newest 
2024-10-28T10:43:10.201Z [info]: GET /api/companies?page=1&limit=8&sort=newest 
2024-10-28T10:44:40.012Z [info]: GET /api/companies?page=1&limit=8&sort=newest 
2024-10-28T10:44:55.552Z [info]: GET /api/companies?page=1&limit=8&sort=newest 
2024-10-28T10:44:59.033Z [info]: GET /api/companies?page=1&limit=8&sort=newest 
2024-10-28T10:45:59.951Z [info]: POST /api/companies 
2024-10-28T10:45:59.986Z [error]: Error creating company: Duplicate entry '' for key 'PRIMARY' {"code":"ER_DUP_ENTRY","errno":1062,"sql":"INSERT INTO form_structure (company_id) VALUES ('85240630-7e9e-423b-bb48-1455c7d0dcf3')","sqlState":"23000","sqlMessage":"Duplicate entry '' for key 'PRIMARY'","stack":"Error: Duplicate entry '' for key 'PRIMARY'\n    at PromisePool.query (D:\\backup\\login\\my-node-backend\\git code\\risk_assessment\\node_modules\\mysql2\\promise.js:356:22)\n    at exports.createCompany (D:\\backup\\login\\my-node-backend\\git code\\risk_assessment\\src\\controllers\\companyController.js:26:18)\n    at process.processTicksAndRejections (node:internal/process/task_queues:95:5)"}
2024-10-28T11:29:23.890Z [info]: Shutting down gracefully... 
2024-10-28T11:29:28.401Z [info]: Server running on http://localhost:5000 
2024-10-28T11:30:28.700Z [info]: POST /api/companies 
2024-10-28T13:37:28.625Z [info]: POST /api/auth/login 
2024-10-28T14:56:30.867Z [info]: GET /api/formdata/url/ 
2024-10-28T14:56:34.108Z [info]: GET /api/formdata/url/ 
2024-10-28T14:57:40.705Z [info]: GET /api/companies?page=1&limit=8&sort=newest 
2024-10-28T14:58:09.332Z [info]: GET /api/formdata/url/ 
2024-10-28T14:58:16.306Z [info]: POST /api/personal-info 
2024-10-28T15:01:30.555Z [info]: GET /api/formdata/url/ 
2024-10-28T15:02:26.753Z [info]: GET /api/formdata/url/ 
2024-10-28T15:02:30.720Z [info]: GET /api/formdata/url/ 
2024-10-28T15:02:52.217Z [info]: GET /api/formdata/url/ 
2024-10-28T15:16:12.671Z [info]: GET /api/formdata/url/ 
2024-10-28T15:16:44.704Z [info]: POST /api/auth/login 
2024-10-28T15:16:49.136Z [info]: GET /api/companies?page=1&limit=8&sort=newest 
2024-10-28T15:19:41.473Z [info]: GET /api/companies?page=1&limit=8&sort=newest 
2024-10-28T15:19:57.472Z [info]: GET /api/companies?page=1&limit=8&sort=newest 
2024-10-28T15:20:06.895Z [info]: GET /api/companies?page=1&limit=8&sort=newest 
2024-10-28T15:20:51.164Z [info]: POST /api/companies 
2024-10-28T15:20:59.173Z [info]: GET /api/companies?page=1&limit=8&sort=newest 
2024-10-28T15:21:18.414Z [info]: GET /api/companies?page=1&limit=8&sort=newest 
2024-10-28T15:22:30.617Z [info]: POST /api/companies 
2024-10-28T15:22:34.089Z [info]: GET /api/companies?page=1&limit=8&sort=newest 
2024-10-28T15:28:58.923Z [info]: POST /api/companies 
2024-10-28T15:31:12.222Z [info]: POST /api/companies 
2024-10-28T15:45:41.733Z [info]: GET /api/companies?page=1&limit=8&sort=newest 
2024-10-28T15:51:31.647Z [info]: POST /api/companies 
2024-10-28T15:55:27.191Z [info]: POST /api/companies 
2024-10-28T15:58:21.996Z [info]: POST /api/companies 
2024-10-28T15:58:22.001Z [error]: Error creating company: Duplicate entry '2147483647' for key 'PRIMARY' {"code":"ER_DUP_ENTRY","errno":1062,"sql":"INSERT INTO companies (id, name, companyType, phoneNumber, email, city, url) VALUES ('1e323778-b689-4d22-adb2-f100a55f5de6', 'syedenterprises', 'oil distributors', '554269889965', 'info@syedgmail.com', 'karachi sindh', 'syedenterprises')","sqlState":"23000","sqlMessage":"Duplicate entry '2147483647' for key 'PRIMARY'","stack":"Error: Duplicate entry '2147483647' for key 'PRIMARY'\n    at PromisePool.query (D:\\backup\\login\\my-node-backend\\git code\\risk_assessment\\node_modules\\mysql2\\promise.js:356:22)\n    at exports.createCompany (D:\\backup\\login\\my-node-backend\\git code\\risk_assessment\\src\\controllers\\companyController.js:24:18)\n    at process.processTicksAndRejections (node:internal/process/task_queues:95:5)"}
2024-10-28T16:01:20.019Z [info]: POST /api/companies 
2024-10-28T16:17:04.621Z [info]: POST /api/companies 
2024-10-28T17:28:47.284Z [info]: Shutting down gracefully... 
2024-10-28T19:59:08.899Z [info]: Server running on http://localhost:5000 
2024-10-28T20:00:19.042Z [info]: POST /api/auth/login 
2024-10-28T20:00:36.292Z [info]: POST /api/auth/login 
2024-10-28T20:01:01.385Z [info]: POST /api/auth/login 
2024-10-28T20:01:02.911Z [info]: POST /api/auth/login 
2024-10-28T20:01:08.716Z [info]: POST /api/auth/login 
2024-10-28T20:02:40.803Z [info]: POST /api/auth/login 
2024-10-28T20:03:02.097Z [info]: POST /api/auth/login 
2024-10-28T20:03:13.537Z [info]: GET /api/companies?page=1&limit=8&sort=newest 
2024-10-28T20:10:24.370Z [info]: GET /api/companies?page=1&limit=8&sort=newest 
2024-10-28T20:13:05.197Z [info]: POST /api/companies 
2024-10-28T20:13:05.205Z [error]: Error creating company: Out of range value for column 'id' at row 1 {"code":"HA_ERR_AUTOINC_ERANGE","errno":167,"sql":"INSERT INTO companies (id, name, companyType, phoneNumber, email, city, url) VALUES ('d415213d-3a0b-4b0b-96fd-2537cdc66505', 'Fake Company', 'Fake type', '3121286800', 'test@example.us', 'Belo Horizonte', 'fake-company')","sqlState":"22003","sqlMessage":"Out of range value for column 'id' at row 1","stack":"Error: Out of range value for column 'id' at row 1\n    at PromisePool.query (E:\\Projects\\Shaheer\\New folder\\risk_assessment\\node_modules\\mysql2\\promise.js:356:22)\n    at exports.createCompany (E:\\Projects\\Shaheer\\New folder\\risk_assessment\\src\\controllers\\companyController.js:29:18)\n    at process.processTicksAndRejections (node:internal/process/task_queues:105:5)"}
2024-10-28T20:20:47.048Z [info]: Server running on http://localhost:5000 
2024-10-28T20:20:52.736Z [info]: Server running on http://localhost:5000 
2024-10-28T20:21:04.289Z [info]: Server running on http://localhost:5000 
2024-10-28T20:21:44.272Z [info]: Server running on http://localhost:5000 
2024-10-28T20:21:51.631Z [info]: POST /api/companies 
2024-10-28T20:21:51.659Z [error]: Error creating company: Out of range value for column 'id' at row 1 {"code":"HA_ERR_AUTOINC_ERANGE","errno":167,"sql":"INSERT INTO companies (uuid, name, companyType, phoneNumber, email, city, url) VALUES ('48646e7f-34e0-4eba-b0d7-b9875a16596c', 'Fake Company', 'Fake type', '3121286800', 'test@example.us', 'Belo Horizonte', 'fake-company')","sqlState":"22003","sqlMessage":"Out of range value for column 'id' at row 1","stack":"Error: Out of range value for column 'id' at row 1\n    at PromisePool.query (E:\\Projects\\Shaheer\\New folder\\risk_assessment\\node_modules\\mysql2\\promise.js:356:22)\n    at exports.createCompany (E:\\Projects\\Shaheer\\New folder\\risk_assessment\\src\\controllers\\companyController.js:29:18)\n    at process.processTicksAndRejections (node:internal/process/task_queues:105:5)"}
2024-10-28T20:22:47.769Z [info]: POST /api/companies 
2024-10-28T20:22:47.823Z [error]: Error creating company: Duplicate entry '' for key 'PRIMARY' {"code":"ER_DUP_ENTRY","errno":1062,"sql":"INSERT INTO form_structure (company_id) VALUES ('fde3ac94-4774-4ddc-a620-13e045314e30')","sqlState":"23000","sqlMessage":"Duplicate entry '' for key 'PRIMARY'","stack":"Error: Duplicate entry '' for key 'PRIMARY'\n    at PromisePool.query (E:\\Projects\\Shaheer\\New folder\\risk_assessment\\node_modules\\mysql2\\promise.js:356:22)\n    at exports.createCompany (E:\\Projects\\Shaheer\\New folder\\risk_assessment\\src\\controllers\\companyController.js:32:18)\n    at process.processTicksAndRejections (node:internal/process/task_queues:105:5)"}
2024-10-28T20:23:54.358Z [info]: POST /api/companies 
2024-10-28T20:23:54.409Z [error]: Error creating company: Duplicate entry '' for key 'PRIMARY' {"code":"ER_DUP_ENTRY","errno":1062,"sql":"INSERT INTO form_structure (company_id) VALUES ('972b4394-a12d-4807-b978-f6b0488912fa')","sqlState":"23000","sqlMessage":"Duplicate entry '' for key 'PRIMARY'","stack":"Error: Duplicate entry '' for key 'PRIMARY'\n    at PromisePool.query (E:\\Projects\\Shaheer\\New folder\\risk_assessment\\node_modules\\mysql2\\promise.js:356:22)\n    at exports.createCompany (E:\\Projects\\Shaheer\\New folder\\risk_assessment\\src\\controllers\\companyController.js:32:18)\n    at process.processTicksAndRejections (node:internal/process/task_queues:105:5)"}
2024-10-28T20:24:08.147Z [info]: POST /api/companies 
2024-10-28T20:24:57.140Z [info]: GET /api/formdata/url/register 
2024-10-28T20:25:42.620Z [info]: GET /api/formdata/url/register 
2024-10-28T20:26:01.359Z [info]: GET /api/formdata/url/register 
2024-10-28T20:26:13.021Z [info]: GET /api/formdata/url/register 
2024-10-28T20:26:43.227Z [info]: GET /api/formdata/url/register 
2024-10-28T20:27:46.722Z [info]: POST /api/personal-info 
2024-10-28T20:29:30.246Z [info]: POST /api/auth/login 
2024-10-28T20:32:21.942Z [info]: POST /api/auth/login 
2024-10-28T20:32:47.597Z [info]: GET /api/companies?page=1&limit=8&sort=newest 
2024-10-28T20:33:36.073Z [info]: POST /api/companies 
2024-10-28T20:33:36.169Z [error]: Error creating company: Duplicate entry '' for key 'PRIMARY' {"code":"ER_DUP_ENTRY","errno":1062,"sql":"INSERT INTO form_structure (company_id) VALUES ('ba14be29-b2e1-4eb7-81bf-1bd8e236b306')","sqlState":"23000","sqlMessage":"Duplicate entry '' for key 'PRIMARY'","stack":"Error: Duplicate entry '' for key 'PRIMARY'\n    at PromisePool.query (E:\\Projects\\Shaheer\\New folder\\risk_assessment\\node_modules\\mysql2\\promise.js:356:22)\n    at exports.createCompany (E:\\Projects\\Shaheer\\New folder\\risk_assessment\\src\\controllers\\companyController.js:32:18)\n    at process.processTicksAndRejections (node:internal/process/task_queues:105:5)"}
2024-10-28T20:33:41.482Z [info]: GET /api/companies?page=1&limit=8&sort=newest 
2024-10-28T20:35:10.428Z [info]: POST /api/companies 
2024-10-28T20:37:01.738Z [info]: Server running on http://localhost:5000 
2024-10-28T20:37:03.365Z [info]: Server running on http://localhost:5000 
