2024-11-08T20:19:48.526Z [info]: Server running on http://localhost:5000 
2024-11-08T20:22:46.922Z [info]: Server running on http://localhost:5000 
2024-11-08T20:22:55.609Z [info]: Server running on http://localhost:5000 
2024-11-08T20:24:02.530Z [info]: GET /api//api/company-calculation/companies/healthsolutions/report-calculation 
2024-11-08T20:24:11.162Z [info]: GET /api/company-calculation/companies/healthsolutions/report-calculation 
2024-11-08T20:24:11.179Z [error]: "undefined" is not valid JSON {"stack":"SyntaxError: \"undefined\" is not valid JSON\n    at JSON.parse (<anonymous>)\n    at E:\\Projects\\Shaheer\\New folder (3)\\backend\\src\\routes\\companyCalculationsRoutes.js:116:35\n    at Array.map (<anonymous>)\n    at E:\\Projects\\Shaheer\\New folder (3)\\backend\\src\\routes\\companyCalculationsRoutes.js:115:43\n    at process.processTicksAndRejections (node:internal/process/task_queues:105:5)"}
2024-11-08T20:24:46.631Z [info]: Server running on http://localhost:5000 
2024-11-08T20:24:48.588Z [info]: GET /api/company-calculation/companies/healthsolutions/report-calculation 
2024-11-08T20:24:48.609Z [error]: "undefined" is not valid JSON {"stack":"SyntaxError: \"undefined\" is not valid JSON\n    at JSON.parse (<anonymous>)\n    at E:\\Projects\\Shaheer\\New folder (3)\\backend\\src\\routes\\companyCalculationsRoutes.js:126:29\n    at Array.map (<anonymous>)\n    at E:\\Projects\\Shaheer\\New folder (3)\\backend\\src\\routes\\companyCalculationsRoutes.js:125:39\n    at process.processTicksAndRejections (node:internal/process/task_queues:105:5)"}
2024-11-08T20:25:46.755Z [info]: Server running on http://localhost:5000 
2024-11-08T20:25:57.152Z [info]: Server running on http://localhost:5000 
2024-11-08T20:26:20.149Z [info]: GET /api/company-calculation/companies/healthsolutions/report-calculation 
2024-11-08T20:26:20.175Z [error]: "undefined" is not valid JSON {"stack":"SyntaxError: \"undefined\" is not valid JSON\n    at JSON.parse (<anonymous>)\n    at E:\\Projects\\Shaheer\\New folder (3)\\backend\\src\\routes\\companyCalculationsRoutes.js:126:29\n    at Array.map (<anonymous>)\n    at E:\\Projects\\Shaheer\\New folder (3)\\backend\\src\\routes\\companyCalculationsRoutes.js:125:39\n    at process.processTicksAndRejections (node:internal/process/task_queues:105:5)"}
2024-11-08T20:27:00.952Z [info]: Server running on http://localhost:5000 
2024-11-08T20:27:08.438Z [info]: Server running on http://localhost:5000 
2024-11-08T20:27:11.767Z [info]: Server running on http://localhost:5000 
2024-11-08T20:27:25.265Z [info]: Server running on http://localhost:5000 
2024-11-08T20:27:32.645Z [info]: Server running on http://localhost:5000 
2024-11-08T20:27:39.161Z [info]: Server running on http://localhost:5000 
2024-11-08T20:28:01.847Z [info]: Server running on http://localhost:5000 
2024-11-08T20:28:05.517Z [info]: Server running on http://localhost:5000 
2024-11-08T20:28:14.712Z [info]: Server running on http://localhost:5000 
2024-11-08T20:29:00.999Z [info]: Server running on http://localhost:5000 
2024-11-08T20:29:04.988Z [info]: Server running on http://localhost:5000 
2024-11-08T20:29:10.974Z [info]: GET /api/company-calculation/companies/shaheercorp/report-calculation 
2024-11-08T20:29:11.003Z [error]: JSON.parse(...).gender.tolowerCase is not a function {"stack":"TypeError: JSON.parse(...).gender.tolowerCase is not a function\n    at E:\\Projects\\Shaheer\\New folder (3)\\backend\\src\\routes\\companyCalculationsRoutes.js:60:55\n    at Array.filter (<anonymous>)\n    at E:\\Projects\\Shaheer\\New folder (3)\\backend\\src\\routes\\companyCalculationsRoutes.js:59:42\n    at process.processTicksAndRejections (node:internal/process/task_queues:105:5)"}
2024-11-08T20:29:51.192Z [info]: Server running on http://localhost:5000 
2024-11-08T20:30:03.967Z [info]: Server running on http://localhost:5000 
2024-11-08T20:30:08.833Z [info]: Server running on http://localhost:5000 
2024-11-08T20:30:10.641Z [info]: GET /api/company-calculation/companies/shaheercorp/report-calculation 
2024-11-08T20:30:10.658Z [error]: emp is not defined {"stack":"ReferenceError: emp is not defined\n    at E:\\Projects\\Shaheer\\New folder (3)\\backend\\src\\routes\\companyCalculationsRoutes.js:57:28\n    at process.processTicksAndRejections (node:internal/process/task_queues:105:5)"}
2024-11-08T20:30:35.910Z [info]: Server running on http://localhost:5000 
2024-11-08T20:30:56.153Z [info]: Server running on http://localhost:5000 
2024-11-08T20:31:00.235Z [info]: Server running on http://localhost:5000 
2024-11-08T20:31:04.857Z [info]: GET /api/company-calculation/companies/shaheercorp/report-calculation 
2024-11-08T20:31:04.889Z [error]: "undefined" is not valid JSON {"stack":"SyntaxError: \"undefined\" is not valid JSON\n    at JSON.parse (<anonymous>)\n    at E:\\Projects\\Shaheer\\New folder (3)\\backend\\src\\routes\\companyCalculationsRoutes.js:137:29\n    at Array.map (<anonymous>)\n    at E:\\Projects\\Shaheer\\New folder (3)\\backend\\src\\routes\\companyCalculationsRoutes.js:136:42\n    at process.processTicksAndRejections (node:internal/process/task_queues:105:5)"}
2024-11-08T20:31:18.325Z [info]: Server running on http://localhost:5000 
2024-11-08T20:31:23.404Z [info]: GET /api/company-calculation/companies/shaheercorp/report-calculation 
2024-11-08T20:31:23.434Z [error]: Cannot read properties of undefined (reading 'toLowercase') {"stack":"TypeError: Cannot read properties of undefined (reading 'toLowercase')\n    at E:\\Projects\\Shaheer\\New folder (3)\\backend\\src\\routes\\companyCalculationsRoutes.js:60:56\n    at Array.filter (<anonymous>)\n    at E:\\Projects\\Shaheer\\New folder (3)\\backend\\src\\routes\\companyCalculationsRoutes.js:59:42\n    at process.processTicksAndRejections (node:internal/process/task_queues:105:5)"}
2024-11-08T20:31:40.748Z [info]: Server running on http://localhost:5000 
2024-11-08T20:31:42.462Z [info]: GET /api/company-calculation/companies/shaheercorp/report-calculation 
2024-11-08T20:31:42.491Z [error]: JSON.parse(...).gender.toLowercase is not a function {"stack":"TypeError: JSON.parse(...).gender.toLowercase is not a function\n    at E:\\Projects\\Shaheer\\New folder (3)\\backend\\src\\routes\\companyCalculationsRoutes.js:60:56\n    at Array.filter (<anonymous>)\n    at E:\\Projects\\Shaheer\\New folder (3)\\backend\\src\\routes\\companyCalculationsRoutes.js:59:42\n    at process.processTicksAndRejections (node:internal/process/task_queues:105:5)"}
2024-11-08T20:32:04.664Z [info]: Server running on http://localhost:5000 
2024-11-08T20:32:10.930Z [info]: Server running on http://localhost:5000 
2024-11-08T20:32:11.880Z [info]: GET /api/company-calculation/companies/shaheercorp/report-calculation 
2024-11-08T20:32:11.912Z [error]: "undefined" is not valid JSON {"stack":"SyntaxError: \"undefined\" is not valid JSON\n    at JSON.parse (<anonymous>)\n    at E:\\Projects\\Shaheer\\New folder (3)\\backend\\src\\routes\\companyCalculationsRoutes.js:136:29\n    at Array.map (<anonymous>)\n    at E:\\Projects\\Shaheer\\New folder (3)\\backend\\src\\routes\\companyCalculationsRoutes.js:135:42\n    at process.processTicksAndRejections (node:internal/process/task_queues:105:5)"}
2024-11-08T20:32:38.623Z [info]: Server running on http://localhost:5000 
2024-11-08T20:32:44.947Z [info]: Server running on http://localhost:5000 
2024-11-08T20:32:48.624Z [info]: GET /api/company-calculation/companies/shaheercorp/report-calculation 
2024-11-08T20:32:48.657Z [error]: conditionPrevalence is not defined {"stack":"ReferenceError: conditionPrevalence is not defined\n    at E:\\Projects\\Shaheer\\New folder (3)\\backend\\src\\routes\\companyCalculationsRoutes.js:162:9\n    at process.processTicksAndRejections (node:internal/process/task_queues:105:5)"}
2024-11-08T20:33:14.846Z [info]: Server running on http://localhost:5000 
2024-11-08T20:33:15.483Z [info]: GET /api/company-calculation/companies/shaheercorp/report-calculation 
2024-11-08T20:34:07.013Z [info]: GET /api/company-calculation/companies/shaheercorp/report-calculation 
2024-11-08T20:34:33.016Z [info]: Server running on http://localhost:5000 
2024-11-08T20:34:34.774Z [info]: GET /api/company-calculation/companies/shaheercorp/report-calculation 
2024-11-08T20:34:45.689Z [info]: Server running on http://localhost:5000 
2024-11-08T20:34:52.996Z [info]: Server running on http://localhost:5000 
2024-11-08T20:34:55.719Z [info]: GET /api/company-calculation/companies/shaheercorp/report-calculation 
2024-11-08T20:37:37.958Z [info]: Server running on http://localhost:5000 
2024-11-08T20:37:42.304Z [info]: Server running on http://localhost:5000 
2024-11-08T20:37:46.221Z [info]: Server running on http://localhost:5000 
2024-11-08T20:37:49.554Z [info]: Server running on http://localhost:5000 
2024-11-08T20:39:05.903Z [info]: Server running on http://localhost:5000 
2024-11-08T20:39:10.017Z [info]: GET /api/company-calculation/companies/shaheercorp/report-calculation 
2024-11-08T20:41:58.806Z [info]: Server running on http://localhost:5000 
2024-11-08T20:42:11.035Z [info]: Server running on http://localhost:5000 
2024-11-08T20:42:12.808Z [info]: GET /api/company-calculation/companies/shaheercorp/report-calculation 
2024-11-08T20:42:36.011Z [info]: Server running on http://localhost:5000 
2024-11-08T20:42:41.618Z [info]: Server running on http://localhost:5000 
2024-11-08T20:42:45.789Z [info]: Server running on http://localhost:5000 
2024-11-08T20:42:46.732Z [info]: GET /api/company-calculation/companies/shaheercorp/report-calculation 
2024-11-08T20:44:18.858Z [info]: Server running on http://localhost:5000 
2024-11-08T20:45:21.524Z [info]: Server running on http://localhost:5000 
2024-11-08T20:45:36.188Z [info]: Server running on http://localhost:5000 
2024-11-08T20:45:45.204Z [info]: Server running on http://localhost:5000 
2024-11-08T20:45:48.706Z [info]: GET /api/company-calculation/companies/shaheercorp/report-calculation 
2024-11-08T20:51:15.594Z [info]: Server running on http://localhost:5000 
2024-11-08T20:51:26.321Z [info]: Server running on http://localhost:5000 
2024-11-08T20:51:34.887Z [info]: Server running on http://localhost:5000 
2024-11-08T20:53:38.114Z [info]: GET /api/company-employees/profile 
2024-11-08T20:54:30.164Z [info]: Server running on http://localhost:5000 
2024-11-08T20:54:54.722Z [info]: Server running on http://localhost:5000 
2024-11-08T20:55:06.452Z [info]: Server running on http://localhost:5000 
2024-11-08T20:55:18.403Z [info]: Server running on http://localhost:5000 
2024-11-08T20:55:26.201Z [info]: GET /api/single-emp/profile 
2024-11-08T20:56:08.882Z [info]: Server running on http://localhost:5000 
2024-11-08T20:56:41.367Z [info]: Server running on http://localhost:5000 
2024-11-08T20:56:54.372Z [info]: Server running on http://localhost:5000 
2024-11-08T20:56:58.065Z [info]: Server running on http://localhost:5000 
2024-11-08T20:57:12.884Z [info]: Server running on http://localhost:5000 
2024-11-08T20:57:14.945Z [info]: GET /api/single-emp/profile?assessment_id=1 
2024-11-08T20:57:14.949Z [error]: Error stack: 
2024-11-08T20:57:28.277Z [info]: Server running on http://localhost:5000 
2024-11-08T20:57:30.032Z [info]: GET /api/single-emp/profile?assessment_id=1 
2024-11-08T20:57:37.276Z [info]: Shutting down gracefully... 
2024-11-08T20:57:41.697Z [info]: Closed all connections 
2024-11-08T20:57:43.539Z [info]: Server running on http://localhost:5000 
2024-11-08T20:57:44.926Z [info]: GET /api/single-emp/profile?assessment_id=1 
2024-11-08T20:58:17.873Z [info]: Server running on http://localhost:5000 
2024-11-08T20:58:22.937Z [info]: Server running on http://localhost:5000 
2024-11-08T20:58:24.747Z [info]: GET /api/single-emp/profile?assessment_id=1 
2024-11-08T20:58:44.822Z [info]: Server running on http://localhost:5000 
2024-11-08T20:58:59.706Z [info]: Server running on http://localhost:5000 
2024-11-08T20:59:00.315Z [info]: GET /api/single-emp/profile?assessment_id=1 
2024-11-08T20:59:24.244Z [info]: Server running on http://localhost:5000 
2024-11-08T20:59:26.413Z [info]: GET /api/single-emp/profile?assessment_id=1 
2024-11-08T20:59:45.353Z [info]: Server running on http://localhost:5000 
2024-11-08T20:59:49.766Z [info]: GET /api/single-emp/profile?assessment_id=1 
2024-11-08T20:59:53.787Z [info]: Shutting down gracefully... 
2024-11-08T20:59:56.983Z [info]: Closed all connections 
2024-11-08T20:59:59.282Z [info]: Server running on http://localhost:5000 
2024-11-08T21:00:05.953Z [info]: Server running on http://localhost:5000 
2024-11-08T21:00:16.441Z [info]: Server running on http://localhost:5000 
2024-11-08T21:00:18.159Z [info]: GET /api/single-emp/profile?assessment_id=1 
2024-11-08T21:00:25.483Z [info]: Server running on http://localhost:5000 
2024-11-08T21:00:26.331Z [info]: GET /api/single-emp/profile?assessment_id=1 
2024-11-08T21:00:49.711Z [info]: Server running on http://localhost:5000 
2024-11-08T21:01:22.367Z [info]: GET /api/single-emp/profile?assessment_id=1 
2024-11-08T21:02:46.914Z [info]: Server running on http://localhost:5000 
2024-11-08T21:02:48.644Z [info]: GET /api/single-emp/profile?assessment_id=1 
2024-11-08T21:03:06.977Z [info]: Server running on http://localhost:5000 
2024-11-08T21:03:09.286Z [info]: GET /api/single-emp/profile?assessment_id=1 
2024-11-08T21:03:52.066Z [info]: Server running on http://localhost:5000 
2024-11-08T21:05:09.955Z [info]: Server running on http://localhost:5000 
2024-11-08T21:05:10.501Z [info]: GET /api/single-emp/profile?assessment_id=1 
2024-11-08T21:07:12.226Z [info]: Shutting down gracefully... 
