2024-11-04T12:22:41.329Z [info]: Server running on http://localhost:5000 
2024-11-04T12:31:48.407Z [info]: Shutting down gracefully... 
2024-11-04T12:32:03.827Z [info]: Server running on http://localhost:5000 
2024-11-04T13:44:27.257Z [info]: Server running on http://localhost:5000 
2024-11-04T13:48:36.696Z [info]: Server running on http://localhost:5000 
2024-11-04T13:48:38.342Z [info]: Server running on http://localhost:5000 
2024-11-04T13:48:40.789Z [info]: Server running on http://localhost:5000 
2024-11-04T13:49:45.686Z [info]: Server running on http://localhost:5000 
2024-11-04T13:49:48.756Z [info]: Server running on http://localhost:5000 
2024-11-04T13:49:59.422Z [info]: Server running on http://localhost:5000 
2024-11-04T14:24:51.759Z [info]: Server running on http://localhost:5000 
2024-11-04T14:25:00.686Z [info]: Server running on http://localhost:5000 
2024-11-04T14:25:06.779Z [info]: Server running on http://localhost:5000 
2024-11-04T14:25:08.786Z [info]: Server running on http://localhost:5000 
2024-11-04T14:25:11.850Z [info]: Server running on http://localhost:5000 
2024-11-04T14:25:13.558Z [info]: Server running on http://localhost:5000 
2024-11-04T14:25:15.920Z [info]: Server running on http://localhost:5000 
2024-11-04T14:25:19.569Z [info]: Server running on http://localhost:5000 
2024-11-04T14:25:20.772Z [info]: Server running on http://localhost:5000 
2024-11-04T16:03:50.112Z [info]: Server running on http://localhost:5000 
2024-11-04T16:03:52.310Z [info]: Server running on http://localhost:5000 
2024-11-04T16:29:59.998Z [info]: POST /api/auth/login 
2024-11-04T16:30:01.601Z [info]: GET /api/dashboard/sessionByCompany 
2024-11-04T16:30:01.611Z [info]: GET /api/dashboard/totalUsers 
2024-11-04T16:30:01.660Z [info]: GET /api/dashboard/totalCompanies 
2024-11-04T16:30:01.687Z [info]: GET /api/dashboard/userLogs 
