2024-11-05T09:51:23.968Z [info]: Server running on http://localhost:5000 
2024-11-05T09:51:36.317Z [info]: POST /api/auth/login 
2024-11-05T09:51:38.101Z [info]: GET /api/dashboard/sessionByCompany 
2024-11-05T09:51:38.108Z [info]: GET /api/dashboard/totalUsers 
2024-11-05T09:51:38.148Z [info]: GET /api/dashboard/totalCompanies 
2024-11-05T09:51:38.187Z [info]: GET /api/dashboard/userLogs 
2024-11-05T09:53:19.680Z [info]: Server running on http://localhost:5000 
2024-11-05T09:56:06.682Z [info]: Server running on http://localhost:5000 
2024-11-05T09:56:24.225Z [info]: POST /api/auth/login 
2024-11-05T09:56:24.973Z [info]: GET /api/dashboard/sessionByCompany 
2024-11-05T09:56:24.976Z [info]: GET /api/dashboard/totalUsers 
2024-11-05T09:56:25.000Z [info]: GET /api/dashboard/totalCompanies 
2024-11-05T09:56:25.011Z [info]: GET /api/dashboard/userLogs 
2024-11-05T09:57:32.100Z [info]: Server running on http://localhost:5000 
2024-11-05T09:59:10.868Z [info]: Server running on http://localhost:5000 
2024-11-05T10:00:11.027Z [info]: POST /api/auth/login 
2024-11-05T10:00:11.779Z [info]: GET /api/dashboard/sessionByCompany 
2024-11-05T10:00:11.783Z [info]: GET /api/dashboard/totalUsers 
2024-11-05T10:00:11.806Z [info]: GET /api/dashboard/totalCompanies 
2024-11-05T10:00:11.820Z [info]: GET /api/dashboard/userLogs 
2024-11-05T10:04:23.092Z [info]: GET /api/dashboard/sessionByCompany 
2024-11-05T10:04:23.095Z [info]: GET /api/dashboard/totalUsers 
2024-11-05T10:04:23.131Z [info]: GET /api/dashboard/totalCompanies 
2024-11-05T10:04:23.154Z [info]: GET /api/dashboard/userLogs 
2024-11-05T10:04:25.486Z [info]: Shutting down gracefully... 
2024-11-05T10:04:45.880Z [info]: Server running on http://localhost:5000 
2024-11-05T10:04:53.857Z [info]: GET /api/dashboard/sessionByCompany 
2024-11-05T10:04:53.865Z [info]: GET /api/dashboard/totalUsers 
2024-11-05T10:04:53.917Z [info]: GET /api/dashboard/totalCompanies 
2024-11-05T10:04:53.941Z [info]: GET /api/dashboard/userLogs 
2024-11-05T10:05:55.418Z [info]: POST /api/auth/login 
2024-11-05T10:05:55.738Z [info]: GET /api/dashboard/totalUsers 
2024-11-05T10:05:55.741Z [info]: GET /api/dashboard/sessionByCompany 
2024-11-05T10:05:55.759Z [info]: GET /api/dashboard/totalCompanies 
2024-11-05T10:05:55.780Z [info]: GET /api/dashboard/userLogs 
2024-11-05T10:07:24.851Z [info]: Server running on http://localhost:5000 
2024-11-05T10:07:28.697Z [info]: GET /api/dashboard/sessionByCompany 
2024-11-05T10:07:28.706Z [info]: GET /api/dashboard/totalUsers 
2024-11-05T10:07:28.745Z [info]: GET /api/dashboard/totalCompanies 
2024-11-05T10:07:28.761Z [info]: GET /api/dashboard/userLogs 
2024-11-05T10:07:38.376Z [info]: POST /api/auth/login 
2024-11-05T10:07:39.202Z [info]: GET /api/dashboard/sessionByCompany 
2024-11-05T10:07:39.205Z [info]: GET /api/dashboard/totalUsers 
2024-11-05T10:07:39.219Z [info]: GET /api/dashboard/totalCompanies 
2024-11-05T10:07:39.244Z [info]: GET /api/dashboard/userLogs 
2024-11-05T10:07:55.125Z [info]: POST /api/auth/login 
2024-11-05T10:07:55.693Z [info]: GET /api/dashboard/sessionByCompany 
2024-11-05T10:07:55.695Z [info]: GET /api/dashboard/totalUsers 
2024-11-05T10:07:55.707Z [info]: GET /api/dashboard/totalCompanies 
2024-11-05T10:07:55.718Z [info]: GET /api/dashboard/userLogs 
2024-11-05T10:08:06.070Z [info]: GET /api/dashboard/sessionByCompany 
2024-11-05T10:08:06.075Z [info]: GET /api/dashboard/totalUsers 
2024-11-05T10:08:06.119Z [info]: GET /api/dashboard/totalCompanies 
2024-11-05T10:08:06.170Z [info]: GET /api/dashboard/userLogs 
2024-11-05T10:08:36.341Z [info]: Server running on http://localhost:5000 
2024-11-05T10:08:38.055Z [info]: Server running on http://localhost:5000 
2024-11-05T10:08:40.169Z [info]: Server running on http://localhost:5000 
2024-11-05T10:08:42.164Z [info]: Server running on http://localhost:5000 
2024-11-05T10:08:58.127Z [info]: POST /api/auth/login 
2024-11-05T10:08:59.291Z [info]: GET /api/dashboard/sessionByCompany 
2024-11-05T10:08:59.295Z [info]: GET /api/dashboard/totalUsers 
2024-11-05T10:08:59.320Z [info]: GET /api/dashboard/totalCompanies 
2024-11-05T10:08:59.336Z [info]: GET /api/dashboard/userLogs 
2024-11-05T10:14:23.060Z [info]: Shutting down gracefully... 
2024-11-05T10:14:25.659Z [info]: Server running on http://localhost:5000 
2024-11-05T10:16:20.463Z [info]: Server running on http://localhost:5000 
2024-11-05T10:16:40.574Z [info]: POST /api/auth/login 
2024-11-05T10:16:41.452Z [info]: GET /api/dashboard/sessionByCompany 
2024-11-05T10:16:41.456Z [info]: GET /api/dashboard/totalUsers 
2024-11-05T10:16:41.483Z [info]: GET /api/dashboard/totalCompanies 
2024-11-05T10:16:41.504Z [info]: GET /api/dashboard/userLogs 
2024-11-05T10:17:40.725Z [info]: Server running on http://localhost:5000 
2024-11-05T10:17:43.600Z [info]: Server running on http://localhost:5000 
2024-11-05T10:17:45.307Z [info]: Server running on http://localhost:5000 
2024-11-05T10:17:46.874Z [info]: Shutting down gracefully... 
2024-11-05T10:18:07.545Z [info]: Server running on http://localhost:5000 
2024-11-05T10:18:23.175Z [info]: POST /api/auth/login 
2024-11-05T10:18:24.035Z [info]: GET /api/dashboard/sessionByCompany 
2024-11-05T10:18:24.039Z [info]: GET /api/dashboard/totalUsers 
2024-11-05T10:18:24.083Z [info]: GET /api/dashboard/totalCompanies 
2024-11-05T10:18:24.156Z [info]: GET /api/dashboard/userLogs 
2024-11-05T10:19:06.428Z [info]: Server running on http://localhost:5000 
2024-11-05T10:19:29.011Z [info]: POST /api/auth/login 
2024-11-05T10:19:29.216Z [info]: POST /api/auth/login 
2024-11-05T10:19:29.823Z [info]: GET /api/dashboard/sessionByCompany 
2024-11-05T10:19:29.826Z [info]: GET /api/dashboard/totalUsers 
2024-11-05T10:19:29.851Z [info]: GET /api/dashboard/totalCompanies 
2024-11-05T10:19:29.864Z [info]: GET /api/dashboard/userLogs 
2024-11-05T10:20:45.806Z [info]: Server running on http://localhost:5000 
2024-11-05T10:21:02.043Z [info]: POST /api/auth/login 
2024-11-05T10:21:02.928Z [info]: GET /api/dashboard/sessionByCompany 
2024-11-05T10:21:02.933Z [info]: GET /api/dashboard/totalUsers 
2024-11-05T10:21:02.955Z [info]: GET /api/dashboard/totalCompanies 
2024-11-05T10:21:02.971Z [info]: GET /api/dashboard/userLogs 
2024-11-05T10:46:03.599Z [info]: GET /api/dashboard/sessionByCompany 
2024-11-05T10:46:03.604Z [info]: GET /api/dashboard/totalUsers 
2024-11-05T10:46:03.625Z [info]: GET /api/dashboard/totalCompanies 
2024-11-05T10:46:03.652Z [info]: GET /api/dashboard/userLogs 
2024-11-05T10:47:24.110Z [info]: POST /api/auth/login 
2024-11-05T10:47:24.765Z [info]: GET /api/dashboard/sessionByCompany 
2024-11-05T10:47:24.768Z [info]: GET /api/dashboard/totalUsers 
2024-11-05T10:47:24.786Z [info]: GET /api/dashboard/totalCompanies 
2024-11-05T10:47:24.807Z [info]: GET /api/dashboard/userLogs 
2024-11-05T10:51:00.071Z [info]: GET /api/companies?page=1&limit=8&sort=newest 
2024-11-05T10:51:01.965Z [info]: GET /api/companies/metholoogik?page=1&limit=8&sort=newest 
2024-11-05T10:51:04.652Z [info]: GET /api/companies?page=1&limit=8&sort=newest 
2024-11-05T10:51:06.921Z [info]: GET /api/companies/faketaxi?page=1&limit=8&sort=newest 
2024-11-05T10:51:08.388Z [info]: GET /api/companies?page=1&limit=8&sort=newest 
2024-11-05T10:51:10.169Z [info]: GET /api/companies/metholoogik?page=1&limit=8&sort=newest 
2024-11-05T10:51:12.407Z [info]: GET /api/companies?page=1&limit=8&sort=newest 
2024-11-05T10:51:14.257Z [info]: GET /api/companies/dell?page=1&limit=8&sort=newest 
2024-11-05T10:51:16.009Z [info]: GET /api/companies?page=1&limit=8&sort=newest 
2024-11-05T10:52:14.437Z [info]: POST /api/companies 
2024-11-05T10:52:14.476Z [info]: Checking for existing slug... 
2024-11-05T10:52:14.479Z [info]: Inserting new company into database... 
2024-11-05T10:52:14.489Z [info]: Inserting form structure for company... 
2024-11-05T10:52:14.493Z [info]: Company created successfully with slug: abid 
2024-11-05T10:52:14.638Z [info]: GET /api/companies/undefined 
2024-11-05T10:58:57.486Z [info]: POST /api/auth/login 
2024-11-05T10:58:58.271Z [info]: GET /api/dashboard/sessionByCompany 
2024-11-05T10:58:58.274Z [info]: GET /api/dashboard/totalUsers 
2024-11-05T10:58:58.298Z [info]: GET /api/dashboard/totalCompanies 
2024-11-05T10:58:58.324Z [info]: GET /api/dashboard/userLogs 
2024-11-05T12:10:40.909Z [info]: GET /api/dashboard/sessionByCompany 
2024-11-05T12:10:40.913Z [info]: GET /api/dashboard/totalUsers 
2024-11-05T12:10:40.950Z [info]: GET /api/dashboard/totalCompanies 
2024-11-05T12:10:40.976Z [info]: GET /api/dashboard/userLogs 
2024-11-05T12:19:36.678Z [info]: GET /api/dashboard/sessionByCompany 
2024-11-05T12:19:36.681Z [info]: GET /api/dashboard/totalUsers 
2024-11-05T12:19:36.698Z [info]: GET /api/dashboard/totalCompanies 
2024-11-05T12:19:36.717Z [info]: GET /api/dashboard/userLogs 
2024-11-05T16:07:38.338Z [info]: Shutting down gracefully... 
