2024-10-30T20:47:19.351Z [info]: GET /api/companies/20 
2024-10-30T20:47:19.367Z [warn]: Token has expired 
2024-10-30T20:56:02.715Z [info]: GET /api/companies?page=1&limit=8&sort=newest 
2024-10-30T20:56:02.718Z [warn]: Token has expired 
2024-10-30T20:56:27.908Z [info]: POST /api/companies 
2024-10-30T20:56:27.910Z [warn]: Token has expired 
2024-10-30T20:56:29.864Z [info]: POST /api/companies 
2024-10-30T20:56:29.868Z [warn]: Token has expired 
2024-10-30T20:56:50.667Z [info]: POST /api/auth/login 
2024-10-30T20:56:56.115Z [info]: GET /api/companies?page=1&limit=8&sort=newest 
2024-10-30T20:57:06.448Z [info]: POST /api/companies 
2024-10-30T20:57:06.497Z [info]: GET /api/companies/21 
2024-10-30T20:59:47.565Z [info]: POST /api/assessment/submitAssessment/methologik 
2024-10-30T21:58:46.773Z [info]: POST /api/auth/login 
2024-10-30T22:02:21.355Z [info]: POST /api/assessment/submitAssessment/methologik 
2024-10-30T22:08:19.323Z [info]: POST /api//assessment/submitAssessment/methologik 
2024-10-30T22:08:31.444Z [info]: POST /api/assessment/submitAssessment/methologik 
2024-10-30T22:16:02.858Z [info]: POST /api/auth/login 
2024-10-30T22:16:07.228Z [info]: GET /api/companies?page=1&limit=8&sort=newest 
2024-10-30T22:17:21.389Z [info]: POST /api/companies 
2024-10-30T22:17:21.508Z [info]: GET /api/companies/22 
2024-10-30T22:18:56.925Z [info]: POST /api/assessment/submitAssessment/shaheercorp 
2024-10-30T22:22:26.686Z [info]: POST /api/assessment/submitAssessment/shaheercorp 
2024-10-30T22:23:06.131Z [info]: POST /api/assessment/submitAssessment/shaheercorp 
2024-10-30T22:25:26.539Z [info]: POST /api/assessment/submitAssessment/shaheercorp 
2024-10-30T22:27:42.507Z [info]: POST /api/assessment/submitAssessment/shaheercorp 
2024-10-30T22:30:49.345Z [info]: POST /api/assessment/submitAssessment/shaheercorp 
2024-10-30T22:31:00.445Z [info]: Shutting down gracefully... 
2024-10-30T22:31:07.657Z [info]: Server running on http://localhost:5000 
2024-10-30T22:31:24.248Z [info]: POST /api/assessment/submitAssessment/shaheercorp 
2024-10-30T22:42:13.117Z [info]: Shutting down gracefully... 
2024-10-30T22:47:15.097Z [info]: Server running on http://localhost:5000 
2024-10-30T22:47:32.441Z [info]: POST /api/assessment/submitAssessment/shaheercorp 
2024-10-30T22:52:28.706Z [info]: POST /api/assessment/submitAssessment/shaheercorp 
2024-10-30T23:18:12.719Z [info]: POST /api/assessment/submitAssessment/shaheercorp 
2024-10-30T23:51:30.340Z [info]: GET /api/companies/22 
2024-10-31T00:15:12.774Z [info]: POST /api/assessment/submitAssessment/shaheercorp 
2024-10-31T02:02:10.145Z [info]: GET /api/employees/company/shaheercorp 
2024-10-31T02:02:40.885Z [info]: GET /api/employees/company/shaheercorp 
2024-10-31T02:09:30.781Z [info]: GET /api/companies/22 
2024-10-31T02:18:34.979Z [info]: GET /api/formdata/url/ 
2024-10-31T02:18:40.117Z [info]: GET /api/formdata/url/ 
2024-10-31T02:19:49.964Z [info]: GET /api/formdata/url/ 
2024-10-31T02:22:54.399Z [info]: GET /api/formdata/url/ 
2024-10-31T02:23:46.028Z [info]: GET /api/formdata/url/ 
2024-10-31T02:24:11.562Z [info]: GET /api/formdata/url/ 
2024-10-31T02:28:22.696Z [info]: POST /api/assessment/submitAssessment/undefined 
2024-10-31T02:30:54.851Z [info]: POST /api/personal-info 
2024-10-31T02:35:08.596Z [info]: POST /api/assessment/submitAssessment/undefined 
2024-10-31T02:36:06.066Z [info]: Shutting down gracefully... 
2024-10-31T04:05:39.764Z [info]: Server running on http://localhost:5000 
2024-10-31T04:07:01.856Z [info]: GET /getCompanyAndEmployees 
2024-10-31T04:09:24.135Z [info]: GET /getCompanyAndEmployees 
2024-10-31T04:14:56.085Z [info]: GET /getCompanyAndEmployees 
2024-10-31T04:43:39.844Z [info]: GET / 
2024-10-31T04:43:40.395Z [info]: GET /favicon.ico 
2024-10-31T04:43:44.840Z [info]: GET / 
2024-10-31T04:43:56.149Z [info]: GET /getCompanyAndEmployees 
2024-10-31T04:44:58.296Z [info]: GET //company/shaheercorp 
2024-10-31T05:08:07.702Z [info]: GET /api/companies/methologik 
2024-10-31T05:08:07.706Z [warn]: Authorization header is required 
2024-10-31T05:08:57.413Z [info]: POST /api/auth/login 
2024-10-31T05:09:35.350Z [info]: GET /api/companies/methologik 
2024-10-31T05:16:42.986Z [info]: GET /api/companies/methologik 
2024-10-31T05:16:48.807Z [info]: Shutting down gracefully... 
2024-10-31T07:38:47.445Z [info]: Server running on http://localhost:5000 
2024-10-31T07:39:18.450Z [info]: GET /api/companies 
2024-10-31T07:39:41.229Z [info]: GET /companies 
2024-10-31T07:40:35.995Z [info]: GET /api/companies 
2024-10-31T07:44:11.224Z [info]: POST /api/auth/login 
2024-10-31T07:44:36.475Z [info]: GET /api/companies 
2024-10-31T07:46:04.543Z [info]: Shutting down gracefully... 
2024-10-31T07:46:07.014Z [info]: Server running on http://localhost:5000 
2024-10-31T07:46:18.908Z [info]: GET /api/companies 
2024-10-31T07:47:15.001Z [info]: GET /api/companies 
2024-10-31T07:47:27.198Z [info]: GET /api/companies 
2024-10-31T07:47:33.632Z [info]: Shutting down gracefully... 
2024-10-31T07:47:36.129Z [info]: Server running on http://localhost:5000 
2024-10-31T07:47:41.056Z [info]: GET /api/companies 
2024-10-31T07:50:24.866Z [info]: GET /api/employees 
2024-10-31T07:51:04.042Z [info]: GET /api/companies/methologik 
2024-10-31T07:52:54.395Z [info]: Server running on http://localhost:5000 
2024-10-31T07:53:03.102Z [info]: GET /api/companies/:methologik 
2024-10-31T07:59:48.275Z [info]: GET /api/companies/:methologik 
2024-10-31T08:00:36.444Z [info]: GET /api/companies/:methologik 
2024-10-31T08:11:52.419Z [info]: POST /api/auth/login 
2024-10-31T08:11:58.014Z [info]: GET /api/companies?page=1&limit=8&sort=newest 
2024-10-31T08:14:21.531Z [info]: GET /api/companies?page=1&limit=8&sort=newest 
2024-10-31T08:14:22.639Z [info]: GET /api/companies/:undefined?page=1&limit=8&sort=newest 
2024-10-31T08:21:09.271Z [info]: GET /api/companies/:undefined?page=1&limit=8&sort=newest 
2024-10-31T08:22:12.638Z [info]: GET /api/companies/:undefined?page=1&limit=8&sort=newest 
2024-10-31T08:25:15.761Z [info]: GET /api/companies/:undefined?page=1&limit=8&sort=newest 
2024-10-31T08:25:54.255Z [info]: Shutting down gracefully... 
2024-10-31T08:25:56.620Z [info]: Server running on http://localhost:5000 
2024-10-31T08:26:02.757Z [info]: GET /api/companies/:undefined?page=1&limit=8&sort=newest 
2024-10-31T08:26:46.463Z [info]: GET /api/companies/:undefined?page=1&limit=8&sort=newest 
2024-10-31T08:27:07.438Z [info]: GET /api/companies/:undefined?page=1&limit=8&sort=newest 
2024-10-31T08:30:50.383Z [info]: Shutting down gracefully... 
2024-10-31T08:30:52.576Z [info]: Server running on http://localhost:5000 
2024-10-31T08:30:57.701Z [info]: GET /api/companies/:undefined?page=1&limit=8&sort=newest 
2024-10-31T08:35:00.449Z [info]: GET /api/companies/:undefined?page=1&limit=8&sort=newest 
2024-10-31T09:04:08.030Z [info]: GET /api/companies/:undefined?page=1&limit=8&sort=newest 
2024-10-31T09:06:59.488Z [info]: GET /api/companies/:undefined?page=1&limit=8&sort=newest 
2024-10-31T09:07:22.992Z [info]: Shutting down gracefully... 
2024-10-31T09:07:44.961Z [info]: Server running on http://localhost:5000 
2024-10-31T09:07:47.533Z [info]: POST /api/auth/login 
2024-10-31T09:07:51.701Z [info]: GET /api/companies?page=1&limit=8&sort=newest 
2024-10-31T09:08:03.234Z [info]: GET /api/companies/:undefined?page=1&limit=8&sort=newest 
2024-10-31T09:11:28.560Z [info]: Shutting down gracefully... 
2024-10-31T09:11:31.233Z [info]: Server running on http://localhost:5000 
2024-10-31T09:12:12.065Z [info]: GET /api/companies/:undefined?page=1&limit=8&sort=newest 
2024-10-31T09:18:37.838Z [info]: Shutting down gracefully... 
2024-10-31T09:18:40.106Z [info]: Server running on http://localhost:5000 
2024-10-31T09:18:44.356Z [info]: GET /api/companies/:undefined?page=1&limit=8&sort=newest 
2024-10-31T09:20:58.352Z [info]: Shutting down gracefully... 
2024-10-31T09:21:02.250Z [info]: Server running on http://localhost:5000 
2024-10-31T09:21:03.220Z [info]: Shutting down gracefully... 
2024-10-31T09:22:07.089Z [info]: Server running on http://localhost:5000 
2024-10-31T09:22:15.894Z [info]: Server running on http://localhost:5000 
2024-10-31T09:22:24.758Z [info]: GET /api/companies/:undefined?page=1&limit=8&sort=newest 
2024-10-31T09:24:04.820Z [info]: Server running on http://localhost:5000 
2024-10-31T09:24:18.232Z [info]: Server running on http://localhost:5000 
2024-10-31T09:24:33.841Z [info]: Server running on http://localhost:5000 
2024-10-31T09:24:39.984Z [info]: GET /api/companies/:undefined?page=1&limit=8&sort=newest 
2024-10-31T09:25:30.960Z [info]: GET /api/companies/:undefined?page=1&limit=8&sort=newest 
2024-10-31T09:25:32.364Z [info]: GET /api/companies?page=1&limit=8&sort=newest 
2024-10-31T09:25:34.686Z [info]: GET /api/companies/:undefined?page=1&limit=8&sort=newest 
2024-10-31T09:28:07.368Z [info]: Server running on http://localhost:5000 
2024-10-31T09:28:08.964Z [info]: Server running on http://localhost:5000 
2024-10-31T09:28:27.184Z [info]: GET /api/companies?page=1&limit=8&sort=newest 
2024-10-31T09:28:29.688Z [info]: GET /api/companies/:undefined?page=1&limit=8&sort=newest 
2024-10-31T09:28:32.930Z [info]: GET /api/companies?page=1&limit=8&sort=newest 
2024-10-31T09:28:36.042Z [info]: GET /api/companies/:undefined?page=1&limit=8&sort=newest 
2024-10-31T09:29:22.470Z [info]: GET /api/companies?page=1&limit=8&sort=newest 
2024-10-31T09:29:30.565Z [info]: GET /api/companies/:undefined?page=1&limit=8&sort=newest 
2024-10-31T09:29:43.940Z [info]: GET /api/companies/:undefined?page=1&limit=8&sort=newest 
2024-10-31T09:29:43.941Z [warn]: Authorization header is required 
2024-10-31T09:29:44.099Z [info]: GET /favicon.ico 
2024-10-31T09:55:21.514Z [info]: GET /api/companies/:undefined?page=1&limit=8&sort=newest 
2024-10-31T10:01:17.842Z [info]: Server running on http://localhost:5000 
2024-10-31T10:01:18.974Z [info]: Server running on http://localhost:5000 
2024-10-31T10:01:27.944Z [info]: Server running on http://localhost:5000 
2024-10-31T10:01:32.450Z [info]: Server running on http://localhost:5000 
2024-10-31T10:01:50.419Z [info]: Server running on http://localhost:5000 
2024-10-31T10:02:09.684Z [info]: GET /api/companies/:undefined?page=1&limit=8&sort=newest 
2024-10-31T10:02:48.258Z [info]: Server running on http://localhost:5000 
2024-10-31T10:02:52.156Z [info]: GET /api/companies/:undefined?page=1&limit=8&sort=newest 
2024-10-31T10:03:13.410Z [info]: GET /api/companies?page=1&limit=8&sort=newest 
2024-10-31T10:03:34.564Z [info]: GET /api/companies/ 
2024-10-31T10:03:46.374Z [info]: GET /api/companies/methologik/employees 
2024-10-31T10:03:49.822Z [info]: GET /api/companies/methologik/employee 
2024-10-31T10:03:57.185Z [info]: GET /api/companies/methologik 
2024-10-31T10:12:20.475Z [info]: GET /api/companies/:undefined?page=1&limit=8&sort=newest 
2024-10-31T10:14:15.498Z [info]: GET /api/companies/:undefined?page=1&limit=8&sort=newest 
2024-10-31T10:14:35.447Z [info]: Shutting down gracefully... 
2024-10-31T10:14:40.212Z [info]: Server running on http://localhost:5000 
2024-10-31T10:14:40.816Z [info]: GET /api/companies/:undefined?page=1&limit=8&sort=newest 
2024-10-31T10:15:02.331Z [info]: POST /api/auth/login 
2024-10-31T10:15:10.356Z [info]: GET /api/companies?page=1&limit=8&sort=newest 
2024-10-31T10:15:15.916Z [info]: GET /api/companies/:undefined?page=1&limit=8&sort=newest 
2024-10-31T10:15:23.323Z [info]: GET /api/companies?page=1&limit=8&sort=newest 
2024-10-31T10:15:33.420Z [info]: GET /api/companies/:undefined?page=1&limit=8&sort=newest 
2024-10-31T10:20:08.034Z [info]: GET /api/companies/:undefined?page=1&limit=8&sort=newest 
2024-10-31T10:20:21.701Z [info]: GET /api/companies/:undefined?page=1&limit=8&sort=newest 
2024-10-31T10:22:56.015Z [info]: POST /api/auth/login 
2024-10-31T10:23:00.010Z [info]: GET /api/companies?page=1&limit=8&sort=newest 
2024-10-31T10:24:53.700Z [info]: GET /api/companies?page=1&limit=8&sort=newest 
2024-10-31T10:26:33.897Z [info]: GET /api/companies/methologik 
2024-10-31T10:29:08.636Z [info]: Server running on http://localhost:5000 
2024-10-31T10:29:19.879Z [info]: GET /api/companies?page=1&limit=8&sort=newest 
2024-10-31T10:29:33.982Z [info]: Server running on http://localhost:5000 
2024-10-31T10:29:37.592Z [info]: Server running on http://localhost:5000 
2024-10-31T10:29:44.700Z [info]: Server running on http://localhost:5000 
2024-10-31T10:30:19.860Z [info]: Server running on http://localhost:5000 
2024-10-31T10:41:07.408Z [info]: GET /api/companies?page=1&limit=8&sort=newest 
