2024-11-02T13:46:30.620Z [info]: Server running on http://localhost:5000 
2024-11-02T13:47:17.738Z [info]: POST /api/auth/login 
2024-11-02T13:47:30.283Z [info]: GET /api/auth/all?page=1&limit=8&sort=newest 
2024-11-02T13:49:42.590Z [info]: POST /api/auth/createAdmin 
2024-11-02T13:50:00.131Z [info]: POST /api/auth/login 
2024-11-02T13:50:03.837Z [info]: GET /api/companies?page=1&limit=8&sort=newest 
2024-11-02T13:50:18.301Z [info]: GET /api/companies?page=1&limit=8&sort=newest 
2024-11-02T13:50:52.103Z [info]: POST /api/companies 
2024-11-02T13:50:52.119Z [info]: Checking for existing slug... 
2024-11-02T13:50:52.165Z [info]: Inserting new company into database... 
2024-11-02T13:50:52.171Z [error]: Error creating company: Out of range value for column 'id' at row 1 {"code":"HA_ERR_AUTOINC_ERANGE","errno":167,"sql":"INSERT INTO companies (name, companyType, phoneNumber, email, city, url) VALUES ('MaazCorp', 'Car Rental', '022653235323', 'maazcorp@gmail.com', 'Karachi', 'maazcorp')","sqlState":"22003","sqlMessage":"Out of range value for column 'id' at row 1","stack":"Error: Out of range value for column 'id' at row 1\n    at PromisePool.query (C:\\Users\\Shaheer Khan\\Music\\Health_Risk_New\\backend\\node_modules\\mysql2\\promise.js:356:22)\n    at createCompany (C:\\Users\\Shaheer Khan\\Music\\Health_Risk_New\\backend\\src\\controllers\\companyController.js:190:31)\n    at process.processTicksAndRejections (node:internal/process/task_queues:105:5)"}
2024-11-02T13:51:30.964Z [info]: Server running on http://localhost:5000 
2024-11-02T13:51:57.632Z [info]: POST /api/companies 
2024-11-02T13:51:57.651Z [info]: Checking for existing slug... 
2024-11-02T13:51:57.655Z [info]: Inserting new company into database... 
2024-11-02T13:51:57.658Z [error]: Error creating company: Out of range value for column 'id' at row 1 {"code":"HA_ERR_AUTOINC_ERANGE","errno":167,"sql":"INSERT INTO companies (name, companyType, phoneNumber, email, city, url) VALUES ('MaazCorp', 'Car Rental', '022653235323', 'maazcorp@gmail.com', 'Karachi', 'maazcorp')","sqlState":"22003","sqlMessage":"Out of range value for column 'id' at row 1","stack":"Error: Out of range value for column 'id' at row 1\n    at PromisePool.query (C:\\Users\\Shaheer Khan\\Music\\Health_Risk_New\\backend\\node_modules\\mysql2\\promise.js:356:22)\n    at createCompany (C:\\Users\\Shaheer Khan\\Music\\Health_Risk_New\\backend\\src\\controllers\\companyController.js:189:31)\n    at process.processTicksAndRejections (node:internal/process/task_queues:105:5)"}
2024-11-02T16:32:24.826Z [info]: Server running on http://localhost:5000 
2024-11-02T16:34:42.676Z [info]: Server running on http://localhost:5000 
2024-11-02T16:37:05.430Z [info]: Server running on http://localhost:5000 
2024-11-02T16:38:01.684Z [info]: POST /api/auth/login 
2024-11-02T16:38:09.430Z [info]: GET /api/companies?page=1&limit=8&sort=newest 
2024-11-02T16:40:15.953Z [info]: POST /api/companies 
2024-11-02T16:40:15.966Z [info]: Checking for existing slug... 
2024-11-02T16:40:15.968Z [info]: Inserting new company into database... 
2024-11-02T16:40:15.970Z [info]: Inserting form structure for company... 
2024-11-02T16:40:15.971Z [info]: Company created successfully with slug: hello 
2024-11-02T16:40:16.021Z [info]: GET /api/companies/undefined 
2024-11-02T16:40:47.297Z [info]: GET /api/companies?page=1&limit=8&sort=newest 
2024-11-02T16:47:32.730Z [info]: GET /api/companies?page=1&limit=8&sort=newest 
2024-11-02T16:48:01.954Z [info]: GET /api/companies?page=1&limit=8&sort=newest 
2024-11-02T16:53:42.041Z [info]: Server running on http://localhost:5000 
2024-11-02T16:53:42.971Z [info]: Server running on http://localhost:5000 
2024-11-02T17:01:29.094Z [info]: POST /api/auth/login 
2024-11-02T17:23:14.393Z [info]: GET /api/companies/techinnovators 
2024-11-02T17:37:40.015Z [info]: Server running on http://localhost:5000 
2024-11-02T18:03:42.432Z [info]: Shutting down gracefully... 
2024-11-02T18:07:01.034Z [info]: Server running on http://localhost:5000 
2024-11-02T18:07:02.896Z [info]: Closed all connections 
2024-11-02T18:08:53.829Z [info]: POST /api/auth/login 
2024-11-02T18:08:58.803Z [info]: GET /api/companies?page=1&limit=8&sort=newest 
2024-11-02T18:11:17.640Z [info]: GET /api/companies?page=1&limit=8&sort=newest 
2024-11-02T18:11:31.841Z [info]: GET /api/companies?page=1&limit=8&sort=newest 
2024-11-02T18:12:12.389Z [info]: Server running on http://localhost:5000 
2024-11-02T18:12:34.889Z [info]: GET /api/companies/methoologik 
2024-11-02T18:12:46.713Z [info]: GET /api/companies/metholoogik 
2024-11-02T18:14:17.624Z [info]: GET /api/companies/metholoogik 
2024-11-02T18:14:17.626Z [warn]: Authorization header is required 
2024-11-02T18:14:24.968Z [info]: GET /api/companies/metholoogik 
2024-11-02T18:15:17.319Z [info]: Server running on http://localhost:5000 
2024-11-02T18:15:19.507Z [info]: Server running on http://localhost:5000 
2024-11-02T18:15:21.604Z [info]: GET /api/companies/metholoogik 
2024-11-02T18:15:21.618Z [error]: Error fetching company and employees: employee_info is not defined {"stack":"ReferenceError: employee_info is not defined\n    at getCompanyAndEmployees (C:\\Users\\Shaheer Khan\\Music\\Health_Risk_New\\backend\\src\\controllers\\companyController.js:332:48)\n    at process.processTicksAndRejections (node:internal/process/task_queues:105:5)"}
