2024-12-06T19:02:09.027Z [info]: Server running on http://localhost:5000 
2024-12-06T19:05:33.123Z [info]: Server running on http://localhost:5000 
2024-12-06T19:05:42.988Z [info]: GET /api/company-calculation/companies/generate-report/shaheercorp 
2024-12-06T19:05:43.073Z [error]: Error fetching report data: pdfmake.createPdf is not a function {"stack":"TypeError: pdfmake.createPdf is not a function\n    at generatePdfReport (C:\\Users\\Shaheer Khan\\Music\\Health_Risk_New\\backend_new\\src\\controllers\\CompanyCalculationsController.js:973:26)\n    at getReportData (C:\\Users\\Shaheer Khan\\Music\\Health_Risk_New\\backend_new\\src\\controllers\\CompanyCalculationsController.js:899:11)\n    at process.processTicksAndRejections (node:internal/process/task_queues:105:5)\n    at async C:\\Users\\Shaheer Khan\\Music\\Health_Risk_New\\backend_new\\src\\routes\\companyCalculationsRoutes.js:20:24"}
2024-12-06T19:07:34.377Z [info]: Server running on http://localhost:5000 
2024-12-06T19:07:38.340Z [info]: GET /api/company-calculation/companies/generate-report/shaheercorp 
2024-12-06T19:39:12.473Z [info]: Shutting down gracefully... 
2024-12-06T19:45:24.143Z [info]: Server running on http://localhost:5000 
2024-12-06T19:45:31.726Z [info]: GET /api/employee-report/shaheercorp?assessment_id=9%20%20 
2024-12-06T20:50:50.738Z [info]: POST /api/auth/login 
2024-12-06T20:50:52.395Z [info]: GET /api/dashboard/sessionByCompany 
2024-12-06T20:50:52.402Z [info]: GET /api/dashboard/totalUsers 
2024-12-06T20:50:52.434Z [info]: GET /api/dashboard/totalCompanies 
2024-12-06T20:50:52.466Z [info]: GET /api/dashboard/userLogs 
2024-12-06T20:51:01.018Z [info]: GET /api/companies?page=1&limit=8&sort=newest 
2024-12-06T20:51:03.085Z [info]: GET /api/companies/dell?page=1&limit=8&sort=newest 
2024-12-06T20:51:06.148Z [info]: GET /api/companies?page=1&limit=8&sort=newest 
2024-12-06T20:51:07.133Z [info]: GET /api/companies/shaheercorp?page=1&limit=8&sort=newest 
2024-12-06T20:51:09.325Z [info]: GET /api/shaheercorp/employees/1/userHealthReport?assessment_id=null 
2024-12-06T20:51:09.374Z [info]: GET /api/shaheercorp/employees/1/userHealthReport?assessment_id=8 
2024-12-06T20:51:16.297Z [info]: GET /api/companies/shaheercorp?page=1&limit=8&sort=newest 
2024-12-06T20:51:17.707Z [info]: GET /api/shaheercorp/employees/1/userHealthReport?assessment_id=null 
2024-12-06T20:51:17.746Z [info]: GET /api/shaheercorp/employees/1/userHealthReport?assessment_id=9 
2024-12-06T20:52:55.988Z [info]: GET /api/companies?page=1&limit=8&sort=newest 
2024-12-06T20:52:57.338Z [info]: GET /api/company-calculation/companies/shaheercorp/report-calculation 
2024-12-06T20:53:00.325Z [info]: GET /api/companies?page=1&limit=8&sort=newest 
2024-12-06T20:53:04.034Z [info]: GET /api/company-calculation/companies/dell/report-calculation 
2024-12-06T20:53:07.207Z [info]: GET /api/companies?page=1&limit=8&sort=newest 
2024-12-06T20:54:19.227Z [info]: Server running on http://localhost:5000 
2024-12-06T20:54:26.569Z [info]: GET /api/company-calculation/companies/generate-report/shaheercorp 
2024-12-06T20:55:00.434Z [info]: GET /api/company-calculation/companies/dell/report-calculation 
2024-12-06T20:55:16.223Z [info]: GET /api/company-calculation/companies/shaheercorp/report-calculation 
2024-12-06T20:55:57.477Z [info]: Server running on http://localhost:5000 
2024-12-06T20:56:04.145Z [info]: GET /api/company-calculation/companies/shaheercorp/report-calculation 
2024-12-06T20:59:33.504Z [info]: Server running on http://localhost:5000 
2024-12-06T21:00:12.445Z [info]: Server running on http://localhost:5000 
2024-12-06T21:00:16.880Z [info]: Server running on http://localhost:5000 
2024-12-06T21:00:19.449Z [info]: Server running on http://localhost:5000 
2024-12-06T21:00:22.012Z [info]: Server running on http://localhost:5000 
2024-12-06T21:00:25.037Z [info]: Server running on http://localhost:5000 
2024-12-06T21:00:27.571Z [info]: Server running on http://localhost:5000 
2024-12-06T21:00:32.194Z [info]: Server running on http://localhost:5000 
2024-12-06T21:00:35.748Z [info]: Server running on http://localhost:5000 
2024-12-06T21:00:48.623Z [info]: Server running on http://localhost:5000 
2024-12-06T21:00:51.647Z [info]: Server running on http://localhost:5000 
2024-12-06T21:00:57.971Z [info]: Server running on http://localhost:5000 
2024-12-06T21:01:04.196Z [info]: Server running on http://localhost:5000 
2024-12-06T21:01:39.323Z [info]: Server running on http://localhost:5000 
2024-12-06T21:01:59.255Z [info]: GET /api/employee-report/shaheercorp?assessment_id=8 
2024-12-06T21:02:35.423Z [info]: Server running on http://localhost:5000 
2024-12-06T21:02:38.531Z [info]: Server running on http://localhost:5000 
2024-12-06T21:02:41.245Z [info]: Server running on http://localhost:5000 
2024-12-06T21:02:42.827Z [info]: GET /api/employee-report/shaheercorp?assessment_id=8 
2024-12-06T21:03:16.935Z [info]: GET /api/employee-report/shaheercorp?assessment_id=10 
2024-12-06T21:03:22.128Z [info]: GET /api/employee-report/shaheercorp?assessment_id=16 
2024-12-06T21:03:25.865Z [info]: GET /api/employee-report/shaheercorp?assessment_id=9 
2024-12-06T21:21:04.361Z [info]: Server running on http://localhost:5000 
2024-12-06T21:21:09.232Z [info]: Server running on http://localhost:5000 
2024-12-06T21:21:12.968Z [info]: Server running on http://localhost:5000 
2024-12-06T21:21:14.610Z [info]: Server running on http://localhost:5000 
2024-12-06T21:21:17.047Z [info]: Server running on http://localhost:5000 
2024-12-06T21:23:55.660Z [info]: Server running on http://localhost:5000 
2024-12-06T21:24:06.813Z [info]: Server running on http://localhost:5000 
2024-12-06T21:24:23.709Z [info]: GET /api/company-calculation/companies/shaheercorp/report-calculation 
2024-12-06T21:24:23.717Z [error]: Error fetching report data: companySlug is not defined {"stack":"ReferenceError: companySlug is not defined\n    at C:\\Users\\Shaheer Khan\\Music\\Health_Risk_New\\backend_new\\src\\controllers\\CompanyCalculationsController.js:116:76\n    at Array.filter (<anonymous>)\n    at calculateRiskDistribution (C:\\Users\\Shaheer Khan\\Music\\Health_Risk_New\\backend_new\\src\\controllers\\CompanyCalculationsController.js:116:41)\n    at getReportData (C:\\Users\\Shaheer Khan\\Music\\Health_Risk_New\\backend_new\\src\\controllers\\CompanyCalculationsController.js:766:24)\n    at process.processTicksAndRejections (node:internal/process/task_queues:105:5)\n    at async C:\\Users\\Shaheer Khan\\Music\\Health_Risk_New\\backend_new\\src\\routes\\companyCalculationsRoutes.js:9:24"}
2024-12-06T21:51:25.829Z [info]: GET /api/company-calculation/companies/shaheercorp/report-calculation 
2024-12-06T21:51:25.834Z [error]: Error fetching report data: companySlug is not defined {"stack":"ReferenceError: companySlug is not defined\n    at C:\\Users\\Shaheer Khan\\Music\\Health_Risk_New\\backend_new\\src\\controllers\\CompanyCalculationsController.js:116:76\n    at Array.filter (<anonymous>)\n    at calculateRiskDistribution (C:\\Users\\Shaheer Khan\\Music\\Health_Risk_New\\backend_new\\src\\controllers\\CompanyCalculationsController.js:116:41)\n    at getReportData (C:\\Users\\Shaheer Khan\\Music\\Health_Risk_New\\backend_new\\src\\controllers\\CompanyCalculationsController.js:766:24)\n    at process.processTicksAndRejections (node:internal/process/task_queues:105:5)\n    at async C:\\Users\\Shaheer Khan\\Music\\Health_Risk_New\\backend_new\\src\\routes\\companyCalculationsRoutes.js:9:24"}
2024-12-06T21:52:22.405Z [info]: Server running on http://localhost:5000 
2024-12-06T21:52:27.992Z [info]: GET /api/company-calculation/companies/shaheercorp/report-calculation 
2024-12-06T21:53:11.712Z [info]: Server running on http://localhost:5000 
2024-12-06T21:53:16.487Z [info]: Server running on http://localhost:5000 
2024-12-06T21:53:36.351Z [info]: Server running on http://localhost:5000 
2024-12-06T21:53:49.353Z [info]: GET /api/company-calculation/companies/shaheercorp/report-calculation 
2024-12-06T21:54:20.005Z [info]: Server running on http://localhost:5000 
2024-12-06T21:54:21.419Z [info]: Server running on http://localhost:5000 
2024-12-06T21:54:34.251Z [info]: GET /api/company-calculation/companies/shaheercorp/report-calculation 
2024-12-06T21:54:34.259Z [error]: Error fetching report data: companySlug is not defined {"stack":"ReferenceError: companySlug is not defined\n    at C:\\Users\\Shaheer Khan\\Music\\Health_Risk_New\\backend_new\\src\\controllers\\CompanyCalculationsController.js:115:76\n    at Array.filter (<anonymous>)\n    at calculateRiskDistribution (C:\\Users\\Shaheer Khan\\Music\\Health_Risk_New\\backend_new\\src\\controllers\\CompanyCalculationsController.js:115:41)\n    at getReportData (C:\\Users\\Shaheer Khan\\Music\\Health_Risk_New\\backend_new\\src\\controllers\\CompanyCalculationsController.js:764:24)\n    at process.processTicksAndRejections (node:internal/process/task_queues:105:5)\n    at async C:\\Users\\Shaheer Khan\\Music\\Health_Risk_New\\backend_new\\src\\routes\\companyCalculationsRoutes.js:9:24"}
2024-12-06T22:05:43.891Z [info]: Server running on http://localhost:5000 
2024-12-06T22:05:52.630Z [info]: Server running on http://localhost:5000 
2024-12-06T22:05:54.146Z [info]: Server running on http://localhost:5000 
2024-12-06T22:06:56.736Z [info]: Server running on http://localhost:5000 
2024-12-06T22:07:01.840Z [info]: Server running on http://localhost:5000 
2024-12-06T22:07:07.651Z [info]: GET /api/company-calculation/companies/shaheercorp/report-calculation 
2024-12-06T22:07:07.663Z [error]: Error fetching report data: companySlug is not defined {"stack":"ReferenceError: companySlug is not defined\n    at C:\\Users\\Shaheer Khan\\Music\\Health_Risk_New\\backend_new\\src\\controllers\\CompanyCalculationsController.js:115:76\n    at Array.filter (<anonymous>)\n    at calculateRiskDistribution (C:\\Users\\Shaheer Khan\\Music\\Health_Risk_New\\backend_new\\src\\controllers\\CompanyCalculationsController.js:115:41)\n    at getReportData (C:\\Users\\Shaheer Khan\\Music\\Health_Risk_New\\backend_new\\src\\controllers\\CompanyCalculationsController.js:764:24)\n    at process.processTicksAndRejections (node:internal/process/task_queues:105:5)\n    at async C:\\Users\\Shaheer Khan\\Music\\Health_Risk_New\\backend_new\\src\\routes\\companyCalculationsRoutes.js:9:24"}
2024-12-06T22:07:16.954Z [info]: Server running on http://localhost:5000 
2024-12-06T22:07:18.056Z [info]: Server running on http://localhost:5000 
2024-12-06T22:07:22.632Z [info]: Server running on http://localhost:5000 
2024-12-06T22:07:24.423Z [info]: Server running on http://localhost:5000 
2024-12-06T22:07:32.484Z [info]: Shutting down gracefully... 
