2024-12-05T19:05:55.290Z [info]: GET /api/shaheercorp/employees/1/userHealthReport?assessment_id=2 
2024-12-05T19:05:59.930Z [info]: GET /api/shaheercorp/employees/1/userHealthReport?assessment_id=1 
2024-12-05T19:06:01.025Z [info]: GET /api/shaheercorp/employees/1/userHealthReport?assessment_id=1 
2024-12-05T19:06:08.812Z [info]: GET /api/employee-report/shaheercorp?assessment_id=1 
2024-12-05T19:06:15.912Z [info]: GET /api/company-calculation/companies/shaheercorp/report-calculation 
2024-12-05T19:06:34.083Z [info]: GET /api/shaheercorp/employees/1/userHealthReport?assessment_id=8 
2024-12-05T19:08:18.937Z [info]: GET /api/employee-report/shaheercorp?assessment_id=8 
2024-12-05T20:03:13.088Z [info]: GET /api/company-calculation/companies/shaheercorp/report-calculation 
2024-12-05T20:04:49.954Z [info]: Server running on http://localhost:5000 
2024-12-05T20:05:06.225Z [info]: Server running on http://localhost:5000 
2024-12-05T20:05:12.732Z [info]: GET /api/employee-report/shaheercorp?assessment_id=1 
2024-12-05T20:05:15.726Z [info]: GET /api/employee-report/shaheercorp?assessment_id=8 
2024-12-05T20:05:21.247Z [info]: GET /api/company-calculation/companies/shaheercorp/report-calculation 
2024-12-05T20:05:56.067Z [info]: Server running on http://localhost:5000 
2024-12-05T20:05:59.160Z [info]: GET /api/company-calculation/companies/shaheercorp/report-calculation 
2024-12-05T20:06:00.353Z [info]: GET /api/company-calculation/companies/shaheercorp/report-calculation 
2024-12-05T20:06:36.151Z [info]: GET /api/company-calculation/companies/shaheercorp/report-calculation 
2024-12-05T22:36:09.870Z [info]: Server running on http://localhost:5000 
2024-12-05T22:36:33.887Z [info]: Server running on http://localhost:5000 
2024-12-05T22:36:40.140Z [info]: Server running on http://localhost:5000 
2024-12-05T22:36:50.625Z [info]: GET /api/company-calculation/companies/shaheercorp/report-calculation 
2024-12-05T22:37:53.714Z [info]: GET /api/company-calculation/companies/shaheercorp/report-calculation 
2024-12-05T22:42:36.424Z [info]: POST /api/assessment/submitAssessment/shaheercorp?assessment_id=6 
2024-12-05T22:42:41.985Z [info]: GET /api/company-calculation/companies/shaheercorp/report-calculation 
2024-12-05T22:44:25.813Z [info]: Server running on http://localhost:5000 
2024-12-05T22:44:30.659Z [info]: Server running on http://localhost:5000 
2024-12-05T22:44:33.634Z [info]: GET /api/company-calculation/companies/shaheercorp/report-calculation 
2024-12-05T22:45:12.980Z [info]: Server running on http://localhost:5000 
2024-12-05T22:45:30.481Z [info]: Server running on http://localhost:5000 
2024-12-05T22:45:36.032Z [info]: Server running on http://localhost:5000 
2024-12-05T22:45:40.215Z [info]: Server running on http://localhost:5000 
2024-12-05T22:46:15.123Z [info]: Server running on http://localhost:5000 
2024-12-05T22:46:19.437Z [info]: Server running on http://localhost:5000 
2024-12-05T22:46:28.752Z [info]: Server running on http://localhost:5000 
2024-12-05T22:46:32.397Z [info]: Server running on http://localhost:5000 
2024-12-05T22:46:37.905Z [info]: Server running on http://localhost:5000 
2024-12-05T22:46:38.957Z [info]: GET /api/company-calculation/companies/shaheercorp/report-calculation 
2024-12-05T22:50:06.211Z [info]: Server running on http://localhost:5000 
2024-12-05T22:50:12.444Z [info]: Server running on http://localhost:5000 
2024-12-05T22:50:14.438Z [info]: GET /api/company-calculation/companies/shaheercorp/report-calculation 
2024-12-05T22:50:45.599Z [info]: Server running on http://localhost:5000 
2024-12-05T22:50:49.729Z [info]: Server running on http://localhost:5000 
2024-12-05T22:50:59.566Z [info]: Server running on http://localhost:5000 
2024-12-05T22:51:02.448Z [info]: GET /api/company-calculation/companies/shaheercorp/report-calculation 
2024-12-05T23:01:44.513Z [info]: GET /api/employee-report/shaheercorp?assessment_id=9%20%20 
2024-12-05T23:42:15.687Z [info]: Server running on http://localhost:5000 
2024-12-05T23:42:30.448Z [info]: Server running on http://localhost:5000 
2024-12-05T23:42:35.894Z [info]: Server running on http://localhost:5000 
2024-12-05T23:44:45.641Z [info]: Server running on http://localhost:5000 
2024-12-05T23:45:29.024Z [info]: Server running on http://localhost:5000 
2024-12-05T23:45:34.718Z [info]: Server running on http://localhost:5000 
2024-12-05T23:45:38.527Z [info]: Server running on http://localhost:5000 
2024-12-05T23:45:47.756Z [info]: Server running on http://localhost:5000 
2024-12-05T23:45:53.619Z [info]: GET /api/company-calculation/companies/shaheercorp/report-calculation 
2024-12-05T23:45:53.657Z [error]: Error fetching report data: emp.health_assessment.forEach is not a function {"stack":"TypeError: emp.health_assessment.forEach is not a function\n    at C:\\Users\\Shaheer Khan\\Music\\Health_Risk_New\\backend_new\\src\\controllers\\CompanyCalculationsController.js:280:27\n    at Array.forEach (<anonymous>)\n    at calculateHealthRisk (C:\\Users\\Shaheer Khan\\Music\\Health_Risk_New\\backend_new\\src\\controllers\\CompanyCalculationsController.js:276:13)\n    at getReportData (C:\\Users\\Shaheer Khan\\Music\\Health_Risk_New\\backend_new\\src\\controllers\\CompanyCalculationsController.js:872:27)\n    at process.processTicksAndRejections (node:internal/process/task_queues:105:5)\n    at async C:\\Users\\Shaheer Khan\\Music\\Health_Risk_New\\backend_new\\src\\routes\\companyCalculationsRoutes.js:10:24"}
2024-12-06T00:06:29.493Z [info]: Server running on http://localhost:5000 
2024-12-06T00:13:16.880Z [info]: Server running on http://localhost:5000 
2024-12-06T00:13:22.654Z [info]: GET /api/company-calculation/companies/shaheercorp/report-calculation 
2024-12-06T00:13:22.708Z [error]: Error fetching report data: emp.health_assessment.forEach is not a function {"stack":"TypeError: emp.health_assessment.forEach is not a function\n    at C:\\Users\\Shaheer Khan\\Music\\Health_Risk_New\\backend_new\\src\\controllers\\CompanyCalculationsController.js:322:27\n    at Array.forEach (<anonymous>)\n    at calculateHealthRisk (C:\\Users\\Shaheer Khan\\Music\\Health_Risk_New\\backend_new\\src\\controllers\\CompanyCalculationsController.js:318:13)\n    at getReportData (C:\\Users\\Shaheer Khan\\Music\\Health_Risk_New\\backend_new\\src\\controllers\\CompanyCalculationsController.js:914:27)\n    at process.processTicksAndRejections (node:internal/process/task_queues:105:5)\n    at async C:\\Users\\Shaheer Khan\\Music\\Health_Risk_New\\backend_new\\src\\routes\\companyCalculationsRoutes.js:10:24"}
2024-12-06T01:22:08.731Z [info]: GET /api/employee-report/shaheercorp?assessment_id=9%20%20 
2024-12-06T01:22:13.736Z [info]: GET /api/company-calculation/companies/shaheercorp/report-calculation 
2024-12-06T01:22:13.745Z [error]: Error fetching report data: emp.health_assessment.forEach is not a function {"stack":"TypeError: emp.health_assessment.forEach is not a function\n    at C:\\Users\\Shaheer Khan\\Music\\Health_Risk_New\\backend_new\\src\\controllers\\CompanyCalculationsController.js:322:27\n    at Array.forEach (<anonymous>)\n    at calculateHealthRisk (C:\\Users\\Shaheer Khan\\Music\\Health_Risk_New\\backend_new\\src\\controllers\\CompanyCalculationsController.js:318:13)\n    at getReportData (C:\\Users\\Shaheer Khan\\Music\\Health_Risk_New\\backend_new\\src\\controllers\\CompanyCalculationsController.js:914:27)\n    at process.processTicksAndRejections (node:internal/process/task_queues:105:5)\n    at async C:\\Users\\Shaheer Khan\\Music\\Health_Risk_New\\backend_new\\src\\routes\\companyCalculationsRoutes.js:10:24"}
2024-12-06T01:40:49.573Z [info]: Server running on http://localhost:5000 
2024-12-06T01:46:18.392Z [info]: Server running on http://localhost:5000 
2024-12-06T01:46:21.696Z [info]: GET /api/employee-report/shaheercorp?assessment_id=1 
2024-12-06T01:46:30.016Z [info]: GET /api/employee-report/shaheercorp?assessment_id=8 
2024-12-06T01:48:50.323Z [info]: Server running on http://localhost:5000 
2024-12-06T01:48:52.146Z [info]: GET /api/employee-report/shaheercorp?assessment_id=8 
2024-12-06T01:49:13.317Z [info]: Server running on http://localhost:5000 
2024-12-06T01:49:16.035Z [info]: GET /api/employee-report/shaheercorp?assessment_id=8 
2024-12-06T02:03:02.900Z [info]: GET /api/employee-report/shaheercorp?assessment_id=8 
2024-12-06T02:08:34.346Z [info]: Server running on http://localhost:5000 
2024-12-06T02:15:42.844Z [info]: GET /api/employee-report/shaheercorp?assessment_id=8 
2024-12-06T02:20:00.624Z [info]: Server running on http://localhost:5000 
2024-12-06T02:20:24.379Z [info]: GET /api/employee-report/shaheercorp?assessment_id=9%20%20 
2024-12-06T02:22:45.870Z [info]: Server running on http://localhost:5000 
2024-12-06T02:22:49.572Z [info]: Server running on http://localhost:5000 
2024-12-06T02:23:13.403Z [info]: Server running on http://localhost:5000 
2024-12-06T02:23:38.689Z [info]: Server running on http://localhost:5000 
2024-12-06T02:23:46.393Z [info]: Server running on http://localhost:5000 
2024-12-06T02:23:47.715Z [info]: GET /api/employee-report/shaheercorp?assessment_id=9%20%20 
2024-12-06T02:24:18.126Z [info]: Server running on http://localhost:5000 
2024-12-06T02:24:18.407Z [info]: GET /api/employee-report/shaheercorp?assessment_id=9%20%20 
2024-12-06T02:30:32.718Z [info]: Server running on http://localhost:5000 
2024-12-06T02:30:46.478Z [info]: Server running on http://localhost:5000 
2024-12-06T02:30:55.278Z [info]: GET /api/employee-report/shaheercorp?assessment_id=8 
2024-12-06T02:31:06.472Z [info]: GET /api/employee-report/shaheercorp?assessment_id=9%20%20 
2024-12-06T02:31:48.764Z [info]: Server running on http://localhost:5000 
2024-12-06T02:31:50.318Z [info]: GET /api/employee-report/shaheercorp?assessment_id=9%20%20 
2024-12-06T02:32:28.213Z [info]: Server running on http://localhost:5000 
2024-12-06T02:32:32.975Z [info]: Server running on http://localhost:5000 
2024-12-06T02:32:34.297Z [info]: GET /api/employee-report/shaheercorp?assessment_id=9%20%20 
2024-12-06T02:34:59.063Z [info]: Server running on http://localhost:5000 
2024-12-06T02:35:12.992Z [info]: GET /api/company-calculation/companies/shaheercorp/report-calculation 
2024-12-06T02:35:13.035Z [error]: Error fetching report data: emp.health_assessment.forEach is not a function {"stack":"TypeError: emp.health_assessment.forEach is not a function\n    at C:\\Users\\Shaheer Khan\\Music\\Health_Risk_New\\backend_new\\src\\controllers\\CompanyCalculationsController.js:265:27\n    at Array.forEach (<anonymous>)\n    at calculateHealthRisk (C:\\Users\\Shaheer Khan\\Music\\Health_Risk_New\\backend_new\\src\\controllers\\CompanyCalculationsController.js:261:13)\n    at getReportData (C:\\Users\\Shaheer Khan\\Music\\Health_Risk_New\\backend_new\\src\\controllers\\CompanyCalculationsController.js:857:27)\n    at process.processTicksAndRejections (node:internal/process/task_queues:105:5)\n    at async C:\\Users\\Shaheer Khan\\Music\\Health_Risk_New\\backend_new\\src\\routes\\companyCalculationsRoutes.js:10:24"}
2024-12-06T02:35:30.407Z [info]: Server running on http://localhost:5000 
2024-12-06T02:35:31.065Z [info]: GET /api/company-calculation/companies/shaheercorp/report-calculation 
2024-12-06T02:35:31.114Z [error]: Error fetching report data: calculateHealthRisk is not defined {"stack":"ReferenceError: calculateHealthRisk is not defined\n    at getReportData (C:\\Users\\Shaheer Khan\\Music\\Health_Risk_New\\backend_new\\src\\controllers\\CompanyCalculationsController.js:816:27)\n    at process.processTicksAndRejections (node:internal/process/task_queues:105:5)\n    at async C:\\Users\\Shaheer Khan\\Music\\Health_Risk_New\\backend_new\\src\\routes\\companyCalculationsRoutes.js:10:24"}
2024-12-06T02:35:48.035Z [info]: Server running on http://localhost:5000 
2024-12-06T02:35:56.135Z [info]: Server running on http://localhost:5000 
2024-12-06T02:35:56.670Z [info]: GET /api/company-calculation/companies/shaheercorp/report-calculation 
2024-12-06T02:56:36.240Z [info]: Server running on http://localhost:5000 
2024-12-06T02:56:39.551Z [info]: Server running on http://localhost:5000 
2024-12-06T02:58:04.551Z [info]: Server running on http://localhost:5000 
2024-12-06T02:58:34.918Z [info]: Server running on http://localhost:5000 
2024-12-06T02:58:41.007Z [info]: Server running on http://localhost:5000 
2024-12-06T02:59:27.167Z [info]: GET /api/company-calculation/companies/shaheercorp/report-calculation/pdf 
2024-12-06T03:00:02.278Z [info]: Server running on http://localhost:5000 
2024-12-06T03:00:06.221Z [info]: GET /api/company-calculation/companies/shaheercorp/report-calculation/pdf 
2024-12-06T03:03:12.797Z [info]: Server running on http://localhost:5000 
2024-12-06T03:03:16.506Z [info]: Server running on http://localhost:5000 
2024-12-06T03:03:41.126Z [info]: Server running on http://localhost:5000 
2024-12-06T03:03:42.843Z [info]: Server running on http://localhost:5000 
2024-12-06T03:04:48.382Z [info]: Server running on http://localhost:5000 
2024-12-06T03:04:54.330Z [info]: Server running on http://localhost:5000 
2024-12-06T03:05:44.944Z [info]: Server running on http://localhost:5000 
2024-12-06T03:05:49.394Z [info]: GET /api/company-calculation/companies/shaheercorp/report-calculation/pdf 
2024-12-06T03:07:51.962Z [info]: Server running on http://localhost:5000 
2024-12-06T03:08:41.872Z [info]: Server running on http://localhost:5000 
2024-12-06T03:10:28.116Z [info]: Server running on http://localhost:5000 
2024-12-06T03:10:32.743Z [info]: Server running on http://localhost:5000 
2024-12-06T03:10:34.970Z [info]: Server running on http://localhost:5000 
2024-12-06T03:10:44.727Z [info]: Server running on http://localhost:5000 
2024-12-06T03:14:37.024Z [info]: GET /api/company-calculation/companies/shaheercorp/report-calculation/pdf 
2024-12-06T03:17:08.099Z [info]: Server running on http://localhost:5000 
2024-12-06T03:17:10.548Z [info]: Server running on http://localhost:5000 
2024-12-06T03:17:13.080Z [info]: Server running on http://localhost:5000 
2024-12-06T03:17:14.710Z [info]: Server running on http://localhost:5000 
2024-12-06T03:17:19.189Z [info]: Server running on http://localhost:5000 
2024-12-06T03:19:55.708Z [info]: Server running on http://localhost:5000 
2024-12-06T03:20:00.063Z [info]: Shutting down gracefully... 
2024-12-06T03:21:29.504Z [info]: Server running on http://localhost:5000 
2024-12-06T03:21:32.352Z [info]: GET /api/company-calculation/companies/shaheercorp/report-calculation/pdf 
2024-12-06T03:24:06.902Z [info]: Server running on http://localhost:5000 
2024-12-06T03:24:56.756Z [info]: Server running on http://localhost:5000 
2024-12-06T03:25:01.821Z [info]: Server running on http://localhost:5000 
2024-12-06T03:25:04.754Z [info]: Server running on http://localhost:5000 
2024-12-06T03:31:37.006Z [info]: Server running on http://localhost:5000 
2024-12-06T03:33:36.100Z [info]: GET /api/company-calculation/companies/shaheercorp/report-calculation/pdf 
2024-12-06T03:35:27.751Z [info]: Server running on http://localhost:5000 
2024-12-06T03:35:37.476Z [info]: Server running on http://localhost:5000 
2024-12-06T03:36:53.491Z [info]: Server running on http://localhost:5000 
2024-12-06T03:36:59.605Z [info]: Server running on http://localhost:5000 
2024-12-06T03:37:02.430Z [info]: GET /api/company-calculation/companies/shaheercorp/report-calculation/pdf 
2024-12-06T03:37:05.061Z [info]: GET /api/company-calculation/companies/shaheercorp/report-calculation/pdf 
2024-12-06T03:37:15.331Z [info]: GET /api/company-calculation/companies/shaheercorp/report-calculation/pdf 
2024-12-06T03:37:29.482Z [info]: Server running on http://localhost:5000 
2024-12-06T03:38:54.567Z [info]: Server running on http://localhost:5000 
2024-12-06T03:38:56.987Z [info]: GET /api/company-calculation/companies/shaheercorp/report-calculation/pdf 
2024-12-06T03:39:33.318Z [info]: GET /api/company-calculation/companies/shaheercorp/report-calculation/pdf/company-calculation/companies/shaheercorp/corporate-health-report 
2024-12-06T03:39:56.805Z [info]: GET /api/company-calculation/companies/shaheercorp/report-calculation/pdf/company-calculation/companies/shaheercorp/corporate-health-report 
2024-12-06T03:40:35.375Z [info]: GET /api/company-calculation/companies/shaheercorp/corporate-health-report 
2024-12-06T03:41:32.802Z [info]: Server running on http://localhost:5000 
2024-12-06T03:41:37.631Z [info]: GET /api/company-calculation/companies/shaheercorp/corporate-health-report 
2024-12-06T03:41:40.405Z [info]: GET /api/company-calculation/companies/shaheercorp/corporate-health-report 
2024-12-06T03:43:25.169Z [info]: Server running on http://localhost:5000 
2024-12-06T03:43:26.819Z [info]: GET /api/company-calculation/companies/shaheercorp/corporate-health-report 
2024-12-06T03:44:35.107Z [info]: Server running on http://localhost:5000 
2024-12-06T03:44:36.514Z [info]: GET /api/company-calculation/companies/shaheercorp/corporate-health-report 
2024-12-06T03:45:48.203Z [info]: Server running on http://localhost:5000 
2024-12-06T03:45:50.054Z [info]: GET /api/company-calculation/companies/shaheercorp/corporate-health-report 
2024-12-06T03:47:53.931Z [info]: Server running on http://localhost:5000 
2024-12-06T03:47:56.260Z [info]: GET /api/company-calculation/companies/shaheercorp/corporate-health-report 
2024-12-06T03:48:04.997Z [info]: GET /api/company-calculation/companies/shaheercorp/report-calculation/pdf/company-calculation/companies/shaheercorp/corporate-health-report 
2024-12-06T03:48:08.082Z [info]: GET /api/company-calculation/companies/shaheercorp/report-calculation/pdf/company-calculation/companies/shaheercorp/corporate-health-report 
2024-12-06T03:48:32.352Z [info]: GET /api/company-calculation/companies/shaheercorp/corporate-health-report 
2024-12-06T03:58:53.007Z [info]: GET /api/company-calculation/companies/shaheercorp/corporate-health-report 
2024-12-06T03:59:06.201Z [info]: GET /api/company-calculation/companies/shaheercorp/corporate-health-report 
2024-12-06T04:00:58.905Z [info]: Server running on http://localhost:5000 
2024-12-06T04:03:42.721Z [info]: Server running on http://localhost:5000 
2024-12-06T04:03:51.485Z [info]: GET /api/company-calculation/companies/shaheercorp/corporate-health-report 
2024-12-06T18:08:57.907Z [info]: Server running on http://localhost:5000 
2024-12-06T18:25:01.434Z [info]: POST /api/assessment/submitAssessment/dell?assessment_id=6 
2024-12-06T18:25:22.229Z [info]: POST /api/assessment/submitAssessment/dell?assessment_id=6 
2024-12-06T18:33:50.171Z [info]: Server running on http://localhost:5000 
2024-12-06T18:34:08.647Z [info]: Server running on http://localhost:5000 
2024-12-06T18:34:16.107Z [info]: Server running on http://localhost:5000 
2024-12-06T18:34:25.922Z [info]: Server running on http://localhost:5000 
2024-12-06T18:37:25.396Z [info]: Server running on http://localhost:5000 
2024-12-06T18:54:49.254Z [info]: Server running on http://localhost:5000 
2024-12-06T18:56:10.762Z [info]: Server running on http://localhost:5000 
2024-12-06T18:56:19.805Z [info]: Server running on http://localhost:5000 
2024-12-06T18:57:07.602Z [info]: Server running on http://localhost:5000 
2024-12-06T18:57:57.331Z [info]: GET /api/company-calculation/companies/generate-report/shaheercorp 
2024-12-06T18:58:30.342Z [error]: Error fetching report data: Timed out after waiting 30000ms {"name":"TimeoutError","stack":"TimeoutError: Timed out after waiting 30000ms\n    at C:\\Users\\Shaheer Khan\\Music\\Health_Risk_New\\backend_new\\node_modules\\puppeteer-core\\lib\\cjs\\puppeteer\\common\\util.js:258:19\n    at C:\\Users\\Shaheer Khan\\Music\\Health_Risk_New\\backend_new\\node_modules\\puppeteer-core\\lib\\cjs\\third_party\\rxjs\\rxjs.js:3986:35\n    at OperatorSubscriber2._this._next (C:\\Users\\Shaheer Khan\\Music\\Health_Risk_New\\backend_new\\node_modules\\puppeteer-core\\lib\\cjs\\third_party\\rxjs\\rxjs.js:1055:13)\n    at Subscriber2.next (C:\\Users\\Shaheer Khan\\Music\\Health_Risk_New\\backend_new\\node_modules\\puppeteer-core\\lib\\cjs\\third_party\\rxjs\\rxjs.js:678:16)\n    at AsyncAction2.<anonymous> (C:\\Users\\Shaheer Khan\\Music\\Health_Risk_New\\backend_new\\node_modules\\puppeteer-core\\lib\\cjs\\third_party\\rxjs\\rxjs.js:4863:24)\n    at AsyncAction2._execute (C:\\Users\\Shaheer Khan\\Music\\Health_Risk_New\\backend_new\\node_modules\\puppeteer-core\\lib\\cjs\\third_party\\rxjs\\rxjs.js:1974:16)\n    at AsyncAction2.execute (C:\\Users\\Shaheer Khan\\Music\\Health_Risk_New\\backend_new\\node_modules\\puppeteer-core\\lib\\cjs\\third_party\\rxjs\\rxjs.js:1963:26)\n    at AsyncScheduler2.flush (C:\\Users\\Shaheer Khan\\Music\\Health_Risk_New\\backend_new\\node_modules\\puppeteer-core\\lib\\cjs\\third_party\\rxjs\\rxjs.js:2235:30)\n    at listOnTimeout (node:internal/timers:614:17)\n    at process.processTimers (node:internal/timers:549:7)"}
2024-12-06T18:59:57.114Z [info]: Shutting down gracefully... 
