2024-11-08T10:14:12.508Z [info]: Server running on http://localhost:5000 
2024-11-08T10:14:19.124Z [info]: Server running on http://localhost:5000 
2024-11-08T10:16:26.335Z [info]: POST /api/auth/login 
2024-11-08T10:16:28.184Z [info]: GET /api/dashboard/sessionByCompany 
2024-11-08T10:16:28.189Z [info]: GET /api/dashboard/totalUsers 
2024-11-08T10:16:28.228Z [info]: GET /api/dashboard/totalCompanies 
2024-11-08T10:16:28.255Z [info]: GET /api/dashboard/userLogs 
2024-11-08T10:16:55.839Z [info]: GET /api/company-calculations/companies/shaheercorp/report-calculation 
2024-11-08T10:16:55.895Z [error]: response.includes is not a function {"stack":"TypeError: response.includes is not a function\n    at C:\\Users\\Shaheer Khan\\Music\\Health_Risk_New\\backend\\src\\utils\\helpers.js:172:51\n    at Array.some (<anonymous>)\n    at C:\\Users\\Shaheer Khan\\Music\\Health_Risk_New\\backend\\src\\utils\\helpers.js:172:26\n    at Array.forEach (<anonymous>)\n    at calculateHealthConditionsPrevalence (C:\\Users\\Shaheer Khan\\Music\\Health_Risk_New\\backend\\src\\utils\\helpers.js:169:18)\n    at C:\\Users\\Shaheer Khan\\Music\\Health_Risk_New\\backend\\src\\routes\\companyCalculationsRoutes.js:60:37\n    at process.processTicksAndRejections (node:internal/process/task_queues:105:5)"}
2024-11-08T10:19:19.149Z [info]: Server running on http://localhost:5000 
2024-11-08T10:19:34.531Z [info]: Server running on http://localhost:5000 
2024-11-08T10:19:43.515Z [info]: GET /api/company-calculations/companies/shaheercorp/report-calculation 
2024-11-08T10:19:43.558Z [error]: "undefined" is not valid JSON {"stack":"SyntaxError: \"undefined\" is not valid JSON\n    at JSON.parse (<anonymous>)\n    at C:\\Users\\Shaheer Khan\\Music\\Health_Risk_New\\backend\\src\\routes\\companyCalculationsRoutes.js:116:35\n    at Array.map (<anonymous>)\n    at C:\\Users\\Shaheer Khan\\Music\\Health_Risk_New\\backend\\src\\routes\\companyCalculationsRoutes.js:115:43\n    at process.processTicksAndRejections (node:internal/process/task_queues:105:5)"}
2024-11-08T11:53:37.099Z [info]: GET /api/dashboard/sessionByCompany 
2024-11-08T11:53:37.104Z [info]: GET /api/dashboard/totalUsers 
2024-11-08T11:53:37.129Z [info]: GET /api/dashboard/totalCompanies 
2024-11-08T11:53:37.145Z [info]: GET /api/dashboard/userLogs 
2024-11-08T11:57:53.235Z [info]: Server running on http://localhost:5000 
2024-11-08T11:57:57.939Z [info]: GET /api/company-calculations/companies/shaheercorp/report-calculation 
2024-11-08T12:21:24.857Z [info]: GET /api/dashboard/sessionByCompany 
2024-11-08T12:21:24.866Z [info]: GET /api/dashboard/totalUsers 
2024-11-08T12:21:24.897Z [info]: GET /api/dashboard/totalCompanies 
2024-11-08T12:21:24.912Z [info]: GET /api/dashboard/userLogs 
2024-11-08T12:39:28.046Z [info]: Shutting down gracefully... 
2024-11-08T12:39:31.655Z [info]: Server running on http://localhost:5000 
2024-11-08T12:40:47.782Z [info]: Server running on http://localhost:5000 
2024-11-08T12:45:05.564Z [info]: Server running on http://localhost:5000 
2024-11-08T12:49:00.293Z [info]: POST /api/assessment/submitAssessment/shaheercorp 
2024-11-08T13:27:43.177Z [info]: POST /api/assessment/submitAssessment/shaheercorp 
2024-11-08T13:28:08.655Z [info]: Server running on http://localhost:5000 
2024-11-08T13:28:59.178Z [info]: Shutting down gracefully... 
2024-11-08T13:29:04.908Z [info]: Server running on http://localhost:5000 
2024-11-08T13:33:58.688Z [info]: Server running on http://localhost:5000 
2024-11-08T13:36:23.606Z [info]: Server running on http://localhost:5000 
2024-11-08T13:37:05.138Z [info]: Server running on http://localhost:5000 
2024-11-08T13:46:12.113Z [info]: Server running on http://localhost:5000 
2024-11-08T13:47:21.421Z [info]: POST /api/auth/login 
2024-11-08T14:05:42.973Z [info]: GET /api/dashboard/sessionByCompany 
2024-11-08T14:05:42.978Z [info]: GET /api/dashboard/totalUsers 
2024-11-08T14:05:43.007Z [info]: GET /api/dashboard/totalCompanies 
2024-11-08T14:05:43.030Z [info]: GET /api/dashboard/userLogs 
