2024-11-02T19:06:30.415Z [info]: Server running on http://localhost:5000 
2024-11-02T19:06:35.620Z [info]: GET /api/companies/metholoogik 
2024-11-02T19:06:35.633Z [error]: Error fetching company and employees: employee_info is not defined {"stack":"ReferenceError: employee_info is not defined\n    at getCompanyAndEmployees (C:\\Users\\Shaheer Khan\\Music\\Health_Risk_New\\backend\\src\\controllers\\companyController.js:332:48)\n    at process.processTicksAndRejections (node:internal/process/task_queues:105:5)"}
2024-11-02T19:07:09.536Z [info]: Server running on http://localhost:5000 
2024-11-02T19:07:19.778Z [info]: Server running on http://localhost:5000 
2024-11-02T19:07:24.191Z [info]: Server running on http://localhost:5000 
2024-11-02T19:07:26.878Z [info]: GET /api/companies/metholoogik 
2024-11-02T19:07:26.909Z [error]: Error fetching company and employees: employee_info is not defined {"stack":"ReferenceError: employee_info is not defined\n    at getCompanyAndEmployees (C:\\Users\\Shaheer Khan\\Music\\Health_Risk_New\\backend\\src\\controllers\\companyController.js:332:48)\n    at process.processTicksAndRejections (node:internal/process/task_queues:105:5)"}
2024-11-02T19:07:48.951Z [info]: Server running on http://localhost:5000 
2024-11-02T19:07:54.801Z [info]: Server running on http://localhost:5000 
2024-11-02T19:07:56.273Z [info]: GET /api/companies/metholoogik 
2024-11-02T19:08:19.134Z [info]: Shutting down gracefully... 
2024-11-02T19:10:04.094Z [info]: Server running on http://localhost:5000 
2024-11-02T19:10:07.941Z [info]: GET /api/companies/metholoogik 
2024-11-02T19:10:07.982Z [error]: Error fetching company and employees: assessment_response is not defined {"stack":"ReferenceError: assessment_response is not defined\n    at getCompanyAndEmployees (C:\\Users\\Shaheer Khan\\Music\\Health_Risk_New\\backend\\src\\controllers\\companyController.js:332:48)\n    at process.processTicksAndRejections (node:internal/process/task_queues:105:5)"}
2024-11-02T19:14:02.894Z [info]: Server running on http://localhost:5000 
2024-11-02T19:14:05.985Z [info]: GET /api/companies/metholoogik 
2024-11-02T19:14:06.026Z [error]: Error fetching company and employees: Table 'risk_assessment_new.risk_assessment_new' doesn't exist {"code":"ER_NO_SUCH_TABLE","errno":1146,"sql":"SELECT employee_info FROM risk_assessment_new WHERE company_slug = 'metholoogik'","sqlState":"42S02","sqlMessage":"Table 'risk_assessment_new.risk_assessment_new' doesn't exist","stack":"Error: Table 'risk_assessment_new.risk_assessment_new' doesn't exist\n    at PromisePool.query (C:\\Users\\Shaheer Khan\\Music\\Health_Risk_New\\backend\\node_modules\\mysql2\\promise.js:356:22)\n    at getCompanyAndEmployees (C:\\Users\\Shaheer Khan\\Music\\Health_Risk_New\\backend\\src\\controllers\\companyController.js:328:36)\n    at process.processTicksAndRejections (node:internal/process/task_queues:105:5)"}
2024-11-02T19:15:51.253Z [info]: Server running on http://localhost:5000 
2024-11-02T19:16:00.301Z [info]: GET /api/companies/metholoogik 
2024-11-02T19:16:47.998Z [info]: GET /api/companies/healthsolutions 
2024-11-02T19:17:34.514Z [info]: GET /api/companies?page=1&limit=8&sort=newest 
2024-11-02T19:17:41.292Z [info]: GET /api/companies?page=1&limit=8&sort=newest 
2024-11-02T20:19:13.960Z [info]: GET /api/companies?page=1&limit=8&sort=newest 
2024-11-02T20:19:34.505Z [info]: GET /api/companies?page=1&limit=8&sort=newest 
2024-11-02T20:19:45.919Z [info]: POST /api/auth/login 
2024-11-02T20:19:56.219Z [info]: GET /api/companies?page=1&limit=8&sort=newest 
2024-11-02T20:20:27.711Z [info]: GET /api/companies/Metholoogik 
2024-11-02T20:20:34.209Z [info]: GET /api/companies/Methologik 
2024-11-02T20:23:15.675Z [info]: GET /api/companies?page=1&limit=8&sort=newest 
2024-11-02T20:42:00.251Z [info]: Server running on http://localhost:5000 
2024-11-02T20:43:24.695Z [info]: GET /api/companies/techinnovators 
2024-11-02T20:49:53.904Z [info]: GET /api/companies?page=1&limit=8&sort=newest 
2024-11-02T20:51:49.755Z [info]: POST /api/auth/login 
2024-11-02T20:52:32.107Z [info]: GET /api/companies?page=1&limit=8&sort=newest 
2024-11-02T20:54:08.881Z [info]: GET /api/companies?page=1&limit=8&sort=newest 
2024-11-02T20:56:07.444Z [info]: GET /api/companies?page=1&limit=8&sort=newest 
2024-11-02T20:56:13.563Z [info]: GET /api/companies?page=1&limit=8&sort=newest 
2024-11-02T20:56:34.808Z [info]: GET /api/companies?page=1&limit=8&sort=newest 
2024-11-02T20:57:38.309Z [info]: GET /api/companies?page=1&limit=8&sort=newest 
2024-11-02T20:57:43.428Z [info]: GET /api/companies?page=1&limit=8&sort=newest 
2024-11-02T20:57:50.444Z [info]: GET /api/companies?page=1&limit=8&sort=newest 
2024-11-02T20:58:03.396Z [info]: GET /api/companies?page=1&limit=8&sort=newest 
2024-11-02T20:58:14.958Z [info]: GET /api/companies?page=1&limit=8&sort=newest 
2024-11-02T20:58:17.658Z [info]: GET /api/companies?page=1&limit=8&sort=newest 
2024-11-02T20:58:24.841Z [info]: GET /api/companies?page=1&limit=8&sort=newest 
2024-11-02T20:58:35.612Z [info]: GET /api/companies?page=1&limit=8&sort=newest 
2024-11-02T20:58:38.531Z [info]: GET /api/companies?page=1&limit=8&sort=newest 
2024-11-02T21:02:10.748Z [info]: GET /api/companies?page=1&limit=8&sort=newest 
2024-11-02T21:02:19.442Z [info]: GET /api/companies?page=1&limit=8&sort=newest 
2024-11-02T21:02:22.685Z [info]: GET /api/companies?page=1&limit=8&sort=newest 
2024-11-02T21:02:25.889Z [info]: GET /api/companies?page=1&limit=8&sort=newest 
2024-11-02T21:02:34.855Z [info]: GET /api/companies?page=1&limit=8&sort=newest 
2024-11-02T21:03:19.958Z [info]: GET /api/companies?page=1&limit=8&sort=newest 
2024-11-02T21:03:28.350Z [info]: GET /api/companies?page=1&limit=8&sort=newest 
2024-11-02T21:07:19.541Z [info]: GET /api/companies?page=1&limit=8&sort=newest 
2024-11-02T21:07:20.521Z [info]: GET /api/companies?page=1&limit=8&sort=newest 
2024-11-02T21:07:40.854Z [info]: GET /api/companies?page=1&limit=8&sort=newest 
2024-11-02T21:07:42.128Z [info]: GET /api/companies?page=1&limit=8&sort=newest 
2024-11-02T21:08:03.750Z [info]: GET /api/companies?page=1&limit=8&sort=newest 
2024-11-02T21:08:05.098Z [info]: GET /api/companies?page=1&limit=8&sort=newest 
2024-11-02T21:08:05.448Z [info]: GET /api/companies?page=1&limit=8&sort=newest 
2024-11-02T21:08:19.624Z [info]: GET /favicon.ico 
2024-11-02T21:08:37.751Z [info]: GET /api/companies?page=1&limit=8&sort=newest 
2024-11-02T21:08:38.887Z [info]: GET /api/companies?page=1&limit=8&sort=newest 
2024-11-02T21:09:01.143Z [info]: GET /api/companies?page=1&limit=8&sort=newest 
2024-11-02T21:09:35.760Z [info]: GET /api/companies?page=1&limit=8&sort=newest 
2024-11-02T21:10:03.495Z [info]: GET /api/companies?page=1&limit=8&sort=newest 
2024-11-02T21:10:03.948Z [info]: GET /api/companies?page=1&limit=8&sort=newest 
2024-11-02T21:12:22.340Z [info]: GET /api/companies?page=1&limit=8&sort=newest 
2024-11-02T21:12:23.428Z [info]: GET /api/companies?page=1&limit=8&sort=newest 
2024-11-02T21:13:26.138Z [info]: GET /api/companies/fake?page=1&limit=8&sort=newest 
2024-11-02T21:13:27.656Z [info]: GET /api/companies/techinnovators?page=1&limit=8&sort=newest 
2024-11-02T21:14:37.279Z [info]: GET /api/companies/fake?page=1&limit=8&sort=newest 
2024-11-02T21:14:38.118Z [info]: GET /api/companies/techinnovators?page=1&limit=8&sort=newest 
2024-11-02T21:18:30.910Z [info]: GET /api/companies/fake?page=1&limit=8&sort=newest 
2024-11-02T21:18:31.211Z [info]: GET /api/companies/techinnovators?page=1&limit=8&sort=newest 
2024-11-02T21:20:17.445Z [info]: GET /api/companies/techinnovators?page=1&limit=8&sort=newest 
2024-11-02T21:26:30.504Z [info]: GET /api/companies/fake?page=1&limit=8&sort=newest 
2024-11-02T21:26:30.999Z [info]: GET /api/companies/techinnovators?page=1&limit=8&sort=newest 
2024-11-02T21:39:17.279Z [info]: GET /api/companies/fake?page=1&limit=8&sort=newest 
2024-11-02T21:39:18.134Z [info]: GET /api/companies/techinnovators?page=1&limit=8&sort=newest 
2024-11-02T21:39:19.961Z [info]: GET /api/companies/fake?page=1&limit=8&sort=newest 
2024-11-02T21:39:22.209Z [info]: GET /api/companies/techinnovators?page=1&limit=8&sort=newest 
2024-11-02T21:39:44.733Z [info]: GET /api/companies?page=1&limit=8&sort=newest 
2024-11-02T21:40:35.879Z [info]: GET /api/companies/metholoogik?page=1&limit=8&sort=newest 
2024-11-02T21:40:58.274Z [info]: GET /api/companies/metholoogik?page=1&limit=8&sort=newest 
2024-11-02T21:41:03.029Z [info]: GET /api/companies?page=1&limit=8&sort=newest 
2024-11-02T21:41:05.536Z [info]: GET /api/companies/techinnovators?page=1&limit=8&sort=newest 
2024-11-02T21:41:22.914Z [info]: GET /api/companies?page=1&limit=8&sort=newest 
2024-11-02T21:41:30.709Z [info]: GET /api/companies/metholoogik?page=1&limit=8&sort=newest 
2024-11-02T21:41:32.724Z [info]: GET /api/companies?page=1&limit=8&sort=newest 
2024-11-02T21:41:35.288Z [info]: GET /api/companies/healthsolutions?page=1&limit=8&sort=newest 
2024-11-02T21:42:21.579Z [info]: GET /api/companies/healthsolutions?page=1&limit=8&sort=newest 
2024-11-02T21:42:22.176Z [info]: GET /api/companies/techinnovators?page=1&limit=8&sort=newest 
2024-11-02T21:42:30.891Z [info]: GET /api/companies/healthsolutions?page=1&limit=8&sort=newest 
2024-11-02T21:42:31.682Z [info]: GET /api/companies/techinnovators?page=1&limit=8&sort=newest 
2024-11-02T21:42:37.991Z [info]: GET /api/companies/healthsolutions?page=1&limit=8&sort=newest 
2024-11-02T21:42:38.755Z [info]: GET /api/companies/techinnovators?page=1&limit=8&sort=newest 
2024-11-02T21:42:40.956Z [info]: GET /api/companies/healthsolutions?page=1&limit=8&sort=newest 
2024-11-02T21:42:42.131Z [info]: GET /api/companies/techinnovators?page=1&limit=8&sort=newest 
2024-11-02T21:42:45.311Z [info]: GET /api/companies/healthsolutions?page=1&limit=8&sort=newest 
2024-11-02T21:42:47.786Z [info]: GET /api/companies/techinnovators?page=1&limit=8&sort=newest 
2024-11-02T21:43:03.959Z [info]: GET /api/companies/healthsolutions?page=1&limit=8&sort=newest 
2024-11-02T21:43:04.958Z [info]: GET /api/companies/techinnovators?page=1&limit=8&sort=newest 
2024-11-02T21:43:07.723Z [info]: GET /api/companies/healthsolutions?page=1&limit=8&sort=newest 
2024-11-02T21:43:08.816Z [info]: GET /api/companies/techinnovators?page=1&limit=8&sort=newest 
2024-11-02T21:43:11.054Z [info]: GET /api/companies/healthsolutions?page=1&limit=8&sort=newest 
2024-11-02T21:43:12.329Z [info]: GET /api/companies/techinnovators?page=1&limit=8&sort=newest 
2024-11-02T21:43:30.682Z [info]: GET /api/companies/healthsolutions?page=1&limit=8&sort=newest 
2024-11-02T21:43:34.081Z [info]: GET /api/companies/techinnovators?page=1&limit=8&sort=newest 
2024-11-02T21:44:27.732Z [info]: GET /api/companies/healthsolutions?page=1&limit=8&sort=newest 
2024-11-02T21:46:07.335Z [info]: GET /api/companies/healthsolutions?page=1&limit=8&sort=newest 
2024-11-02T21:46:08.451Z [info]: GET /api/companies/techinnovators?page=1&limit=8&sort=newest 
2024-11-02T21:46:19.444Z [info]: GET /api/companies/healthsolutions?page=1&limit=8&sort=newest 
2024-11-02T21:46:20.322Z [info]: GET /api/companies/techinnovators?page=1&limit=8&sort=newest 
2024-11-02T21:47:51.281Z [info]: GET /api/companies/healthsolutions?page=1&limit=8&sort=newest 
2024-11-02T21:47:52.204Z [info]: GET /api/companies/techinnovators?page=1&limit=8&sort=newest 
2024-11-02T21:47:55.966Z [info]: GET /api/companies/healthsolutions?page=1&limit=8&sort=newest 
2024-11-02T21:47:57.995Z [info]: GET /api/companies/techinnovators?page=1&limit=8&sort=newest 
2024-11-02T21:48:16.152Z [info]: GET /api/companies/healthsolutions?page=1&limit=8&sort=newest 
2024-11-02T21:48:17.440Z [info]: GET /api/companies/techinnovators?page=1&limit=8&sort=newest 
2024-11-02T21:50:04.257Z [info]: GET /api/companies?page=1&limit=8&sort=newest 
2024-11-02T21:50:06.815Z [info]: GET /api/companies/metholoogik?page=1&limit=8&sort=newest 
2024-11-02T21:50:08.859Z [info]: GET /api/companies?page=1&limit=8&sort=newest 
2024-11-02T21:50:11.365Z [info]: GET /api/companies/methologik?page=1&limit=8&sort=newest 
2024-11-02T21:50:20.235Z [info]: GET /api/companies?page=1&limit=8&sort=newest 
2024-11-02T21:50:24.464Z [info]: GET /api/companies/metholoogik?page=1&limit=8&sort=newest 
2024-11-02T21:50:26.219Z [info]: GET /api/auth/all?page=1&limit=8&sort=newest 
2024-11-02T21:50:26.967Z [info]: GET /api/companies?page=1&limit=8&sort=newest 
2024-11-02T21:50:29.736Z [info]: GET /api/companies/techinnovators?page=1&limit=8&sort=newest 
2024-11-02T21:52:07.599Z [info]: GET /api/companies/undefined?page=1&limit=8&sort=newest 
2024-11-02T21:52:08.804Z [info]: GET /api/companies/techinnovators?page=1&limit=8&sort=newest 
2024-11-02T21:52:13.388Z [info]: GET /api/companies/undefined?page=1&limit=8&sort=newest 
2024-11-02T21:52:14.219Z [info]: GET /api/companies/techinnovators?page=1&limit=8&sort=newest 
2024-11-02T21:53:26.761Z [info]: GET /api/companies/undefined?page=1&limit=8&sort=newest 
2024-11-02T21:53:27.980Z [info]: GET /api/companies/techinnovators?page=1&limit=8&sort=newest 
2024-11-02T21:53:30.313Z [info]: GET /api/companies/undefined?page=1&limit=8&sort=newest 
2024-11-02T21:53:45.563Z [info]: GET /api/companies/undefined?page=1&limit=8&sort=newest 
2024-11-02T21:53:46.629Z [info]: GET /api/companies/techinnovators?page=1&limit=8&sort=newest 
2024-11-02T21:53:48.499Z [info]: GET /api/companies/undefined?page=1&limit=8&sort=newest 
2024-11-02T21:53:50.093Z [info]: GET /api/companies/techinnovators?page=1&limit=8&sort=newest 
2024-11-02T21:53:56.981Z [info]: GET /api/companies/undefined?page=1&limit=8&sort=newest 
2024-11-02T21:53:58.195Z [info]: GET /api/companies?page=1&limit=8&sort=newest 
2024-11-02T21:56:50.346Z [info]: POST /api/auth/login 
2024-11-02T21:58:02.254Z [info]: GET /api/companies?page=1&limit=8&sort=newest 
2024-11-02T21:58:31.034Z [info]: POST /api/companies 
2024-11-02T21:58:31.091Z [info]: Checking for existing slug... 
2024-11-02T21:58:31.097Z [info]: Inserting new company into database... 
2024-11-02T21:58:31.103Z [info]: Inserting form structure for company... 
2024-11-02T21:58:31.106Z [info]: Company created successfully with slug: dell 
2024-11-02T21:58:31.271Z [info]: GET /api/companies/undefined 
2024-11-02T22:03:30.100Z [info]: POST /api/assessment/submitAssessment/undefined 
2024-11-02T22:04:12.933Z [info]: GET /api/companies?page=1&limit=8&sort=newest 
2024-11-02T22:04:17.410Z [info]: GET /api/companies/dell?page=1&limit=8&sort=newest 
2024-11-02T22:04:33.671Z [info]: GET /api/companies?page=1&limit=8&sort=newest 
2024-11-02T22:06:14.833Z [info]: GET /api/companies/techinnovators 
2024-11-02T22:06:14.840Z [warn]: Token has expired 
2024-11-02T22:06:24.630Z [info]: GET /api/companies/techinnovators?page=1&limit=8&sort=newest 
2024-11-02T22:06:28.308Z [info]: GET /api/companies?page=1&limit=8&sort=newest 
2024-11-02T22:06:32.605Z [info]: GET /api/companies/dell?page=1&limit=8&sort=newest 
2024-11-02T22:06:35.500Z [info]: GET /api/companies?page=1&limit=8&sort=newest 
2024-11-02T22:06:37.188Z [info]: GET /api/companies/techinnovators?page=1&limit=8&sort=newest 
2024-11-02T22:06:38.964Z [info]: GET /api/companies?page=1&limit=8&sort=newest 
2024-11-02T22:06:41.074Z [info]: GET /api/companies/metholoogik?page=1&limit=8&sort=newest 
2024-11-02T22:06:42.628Z [info]: GET /api/companies?page=1&limit=8&sort=newest 
2024-11-02T22:06:43.933Z [info]: GET /api/companies/dell?page=1&limit=8&sort=newest 
2024-11-02T22:25:33.971Z [info]: POST /api/assessment/submitAssessment/undefined 
2024-11-02T22:31:18.967Z [info]: POST /api/auth/login 
2024-11-02T22:32:14.404Z [info]: GET /api/companies/dell 
2024-11-02T22:34:09.472Z [info]: POST /api/assessment/submitAssessment/undefined 
2024-11-02T22:46:32.111Z [info]: POST /api/assessment/submitAssessment/dell 
2024-11-02T23:09:44.426Z [info]: Server running on http://localhost:5000 
2024-11-02T23:12:15.841Z [info]: POST /api/assessment/submitAssessment/dell 
2024-11-02T23:14:35.244Z [info]: Server running on http://localhost:5000 
2024-11-02T23:14:36.269Z [info]: Server running on http://localhost:5000 
2024-11-02T23:14:37.894Z [info]: Server running on http://localhost:5000 
2024-11-02T23:14:39.302Z [info]: Server running on http://localhost:5000 
2024-11-02T23:15:08.323Z [info]: Server running on http://localhost:5000 
2024-11-02T23:19:15.811Z [info]: POST /api/assessment/submitAssessment/dell 
2024-11-02T23:19:52.634Z [info]: Server running on http://localhost:5000 
2024-11-02T23:36:19.244Z [info]: Server running on http://localhost:5000 
2024-11-02T23:40:21.739Z [info]: Server running on http://localhost:5000 
2024-11-02T23:40:32.895Z [info]: Server running on http://localhost:5000 
2024-11-02T23:40:37.999Z [info]: Server running on http://localhost:5000 
2024-11-02T23:46:20.587Z [info]: Server running on http://localhost:5000 
2024-11-02T23:46:26.209Z [info]: Server running on http://localhost:5000 
2024-11-02T23:50:13.107Z [info]: Shutting down gracefully... 
2024-11-02T23:50:18.461Z [info]: Server running on http://localhost:5000 
2024-11-03T00:25:37.283Z [info]: POST /api/assessment/submit/healthsolutions 
2024-11-03T00:30:00.307Z [info]: Server running on http://localhost:5000 
2024-11-03T00:30:03.486Z [info]: Server running on http://localhost:5000 
2024-11-03T00:30:07.709Z [info]: Server running on http://localhost:5000 
2024-11-03T00:32:26.743Z [info]: GET /api/companies?page=1&limit=8&sort=newest 
2024-11-03T00:53:52.095Z [info]: POST /api/assessment/submitAssessment/undefined 
2024-11-03T01:03:14.761Z [info]: POST /api/assessment/submitAssessment/undefined 
2024-11-03T01:08:19.031Z [info]: POST /api/assessment/submitAssessment/undefined 
2024-11-03T01:09:58.588Z [info]: POST /api/assessment/submitAssessment/undefined 
2024-11-03T01:11:59.704Z [info]: GET /api/companies?page=1&limit=8&sort=newest 
2024-11-03T01:12:02.045Z [info]: GET /api/companies/dell?page=1&limit=8&sort=newest 
2024-11-03T01:14:31.426Z [info]: POST /api/assessment/submit/dell 
2024-11-03T01:42:36.859Z [info]: Server running on http://localhost:5000 
2024-11-03T01:42:41.992Z [info]: Server running on http://localhost:5000 
2024-11-03T01:42:44.622Z [info]: Server running on http://localhost:5000 
2024-11-03T01:42:46.679Z [info]: Server running on http://localhost:5000 
2024-11-03T01:44:15.561Z [info]: Server running on http://localhost:5000 
2024-11-03T01:44:30.090Z [info]: GET /api/companies/dell?page=1&limit=8&sort=newest 
2024-11-03T01:44:31.370Z [info]: GET /api/companies/dell?page=1&limit=8&sort=newest 
2024-11-03T01:44:40.422Z [info]: GET /api/companies?page=1&limit=8&sort=newest 
2024-11-03T01:45:13.937Z [info]: POST /api/companies 
2024-11-03T01:45:13.948Z [info]: Checking for existing slug... 
2024-11-03T01:45:13.950Z [info]: Inserting new company into database... 
2024-11-03T01:45:13.995Z [info]: Inserting form structure for company... 
2024-11-03T01:45:13.997Z [info]: Company created successfully with slug: askani-fc 
2024-11-03T01:45:14.068Z [info]: GET /api/companies/undefined 
2024-11-03T01:50:56.004Z [info]: POST /api/assessment/submitAssessment/askani-fc 
2024-11-03T02:22:49.395Z [info]: Shutting down gracefully... 
2024-11-03T04:01:09.408Z [info]: Server running on http://localhost:5000 
2024-11-03T04:01:18.320Z [info]: Server running on http://localhost:5000 
2024-11-03T04:01:22.064Z [info]: Shutting down gracefully... 
2024-11-03T04:01:27.005Z [info]: Server running on http://localhost:5000 
2024-11-03T04:04:21.573Z [info]: POST /api/auth/login 
2024-11-03T04:06:49.515Z [info]: GET /api/companies/techinnovators 
2024-11-03T04:07:02.565Z [info]: GET /api/companies/undefined 
2024-11-03T04:30:38.451Z [info]: GET /api/companies?page=1&limit=8&sort=newest 
2024-11-03T04:30:41.445Z [info]: GET /api/companies/techinnovators?page=1&limit=8&sort=newest 
2024-11-03T04:30:44.014Z [info]: GET /api/companies?page=1&limit=8&sort=newest 
2024-11-03T04:30:48.036Z [info]: GET /api/companies/fake-company7?page=1&limit=8&sort=newest 
2024-11-03T04:30:52.395Z [info]: GET /api/companies?page=1&limit=8&sort=newest 
2024-11-03T04:30:54.541Z [info]: GET /api/companies/dell?page=1&limit=8&sort=newest 
2024-11-03T04:36:24.456Z [info]: GET /api/companies/undefined 
2024-11-03T04:36:27.234Z [info]: GET /api/companies/undefined 
2024-11-03T04:36:33.246Z [info]: GET /api/companies/undefined 
2024-11-03T04:36:33.320Z [info]: GET /api/companies/dell?page=1&limit=8&sort=newest 
2024-11-03T04:36:41.962Z [info]: GET /api/companies/dell?page=1&limit=8&sort=newest 
2024-11-03T04:36:41.981Z [info]: GET /api/companies/undefined 
2024-11-03T04:37:11.707Z [info]: GET /api/companies/dell?page=1&limit=8&sort=newest 
2024-11-03T04:37:12.019Z [info]: GET /api/companies/undefined 
2024-11-03T04:37:38.588Z [info]: GET /api/companies/dell?page=1&limit=8&sort=newest 
2024-11-03T04:37:39.484Z [info]: GET /api/companies/undefined 
2024-11-03T04:37:40.508Z [info]: GET /api/companies/dell?page=1&limit=8&sort=newest 
2024-11-03T04:37:41.404Z [info]: GET /api/companies/undefined 
2024-11-03T04:37:53.328Z [info]: GET /api/companies/undefined 
2024-11-03T04:37:53.473Z [info]: GET /api/companies/dell?page=1&limit=8&sort=newest 
2024-11-03T04:37:55.048Z [info]: GET /api/companies/undefined 
2024-11-03T04:37:55.089Z [info]: GET /api/companies/dell?page=1&limit=8&sort=newest 
2024-11-03T04:37:58.163Z [info]: GET /api/companies/dell?page=1&limit=8&sort=newest 
2024-11-03T04:37:58.259Z [info]: GET /api/companies/undefined 
2024-11-03T04:38:06.408Z [info]: GET /api/companies/undefined 
2024-11-03T04:38:06.494Z [info]: GET /api/companies/dell?page=1&limit=8&sort=newest 
2024-11-03T04:38:09.165Z [info]: GET /api/companies/undefined 
2024-11-03T04:38:13.367Z [info]: GET /api/companies/undefined 
2024-11-03T04:38:13.383Z [info]: GET /api/companies/dell?page=1&limit=8&sort=newest 
2024-11-03T04:38:15.088Z [info]: GET /api/companies/undefined 
2024-11-03T04:38:15.221Z [info]: GET /api/companies/dell?page=1&limit=8&sort=newest 
2024-11-03T04:38:38.835Z [info]: GET /api/companies/dell?page=1&limit=8&sort=newest 
2024-11-03T04:38:39.105Z [info]: GET /api/companies/undefined 
2024-11-03T04:39:15.521Z [info]: GET /api/companies?page=1&limit=8&sort=newest 
2024-11-03T04:39:18.833Z [info]: GET /api/companies/shaheercorp?page=1&limit=8&sort=newest 
2024-11-03T04:39:26.954Z [info]: GET /api/auth/all?page=1&limit=8&sort=newest 
2024-11-03T04:39:34.977Z [info]: GET /api/companies?page=1&limit=8&sort=newest 
2024-11-03T04:41:47.434Z [info]: POST /api/auth/login 
2024-11-03T06:09:50.092Z [info]: Server running on http://localhost:5000 
2024-11-03T06:09:53.078Z [info]: Shutting down gracefully... 
2024-11-03T06:09:59.540Z [info]: Server running on http://localhost:5000 
2024-11-03T06:13:32.229Z [info]: POST /api/auth/login 
2024-11-03T06:14:48.328Z [info]: GET /api/dashboard/totalUsers 
2024-11-03T06:14:48.333Z [error]: Error stack: 
2024-11-03T06:16:23.015Z [info]: Server running on http://localhost:5000 
2024-11-03T06:16:32.299Z [info]: Server running on http://localhost:5000 
2024-11-03T06:16:42.291Z [info]: Server running on http://localhost:5000 
2024-11-03T06:16:44.105Z [info]: Server running on http://localhost:5000 
2024-11-03T06:16:51.420Z [info]: Server running on http://localhost:5000 
2024-11-03T06:16:53.429Z [info]: Server running on http://localhost:5000 
2024-11-03T06:16:57.608Z [info]: Server running on http://localhost:5000 
2024-11-03T06:17:01.296Z [info]: Server running on http://localhost:5000 
2024-11-03T06:17:02.895Z [info]: Server running on http://localhost:5000 
2024-11-03T06:17:23.051Z [info]: GET /api/dashboard/totalUsers 
2024-11-03T06:17:23.053Z [error]: Error stack: 
2024-11-03T06:17:47.944Z [info]: Shutting down gracefully... 
2024-11-03T06:18:40.292Z [info]: Server running on http://localhost:5000 
2024-11-03T06:18:41.478Z [info]: GET /api/dashboard/totalUsers 
2024-11-03T06:18:41.481Z [error]: Error stack: 
2024-11-03T06:21:02.072Z [info]: Server running on http://localhost:5000 
2024-11-03T06:21:53.729Z [info]: Server running on http://localhost:5000 
2024-11-03T06:21:58.627Z [info]: Server running on http://localhost:5000 
2024-11-03T06:22:01.499Z [info]: Server running on http://localhost:5000 
2024-11-03T06:22:03.395Z [info]: GET /api/dashboard/totalUsers 
2024-11-03T06:24:16.291Z [info]: Server running on http://localhost:5000 
2024-11-03T06:24:18.524Z [info]: GET /api/dashboard/totalUsers 
2024-11-03T06:24:56.190Z [info]: Server running on http://localhost:5000 
2024-11-03T06:24:57.786Z [info]: GET /api/dashboard/totalUsers 
2024-11-03T06:27:30.388Z [info]: GET /api/dashboard/totalCompanies 
2024-11-03T06:28:23.321Z [info]: GET /api/dashboard/sessionByCompany 
2024-11-03T06:29:19.433Z [info]: GET /api/dashboard/userLogs 
2024-11-03T06:30:55.049Z [info]: Server running on http://localhost:5000 
2024-11-03T06:30:58.053Z [info]: GET /api/dashboard/userLogs 
2024-11-03T06:32:03.006Z [info]: GET /api/dashboard/sessionByCompany 
2024-11-03T06:32:28.176Z [info]: GET /api/dashboard/totalCompanies 
2024-11-03T06:32:32.781Z [info]: GET /api/dashboard/totalUsers 
2024-11-03T06:37:10.655Z [info]: GET /api/companies?page=1&limit=8&sort=newest 
2024-11-03T06:37:36.932Z [info]: Server running on http://localhost:5000 
2024-11-03T06:37:47.907Z [info]: Server running on http://localhost:5000 
2024-11-03T06:37:52.324Z [info]: GET /api/companies?page=1&limit=8&sort=newest 
2024-11-03T07:05:17.340Z [info]: GET /api/dashboard/sessionByCompany 
2024-11-03T07:06:38.897Z [info]: GET /api/dashboard/totalUsers 
2024-11-03T07:06:38.917Z [info]: GET /api/dashboard/totalCompanies 
2024-11-03T07:06:38.949Z [info]: GET /api/dashboard/userLogs 
2024-11-03T07:06:39.071Z [info]: GET /api/dashboard/totalUsers 
2024-11-03T07:06:39.196Z [info]: GET /api/dashboard/totalCompanies 
2024-11-03T07:06:39.255Z [info]: GET /api/dashboard/userLogs 
2024-11-03T07:09:41.015Z [info]: Server running on http://localhost:5000 
2024-11-03T07:10:05.289Z [info]: Server running on http://localhost:5000 
2024-11-03T07:10:09.184Z [info]: Server running on http://localhost:5000 
2024-11-03T07:10:35.955Z [info]: GET /api/dashboard/totalUsers 
2024-11-03T07:10:36.042Z [info]: GET /api/dashboard/totalCompanies 
2024-11-03T07:10:36.085Z [info]: GET /api/dashboard/userLogs 
2024-11-03T07:11:09.750Z [info]: GET /api/dashboard/totalUsers 
2024-11-03T07:11:09.787Z [info]: GET /api/dashboard/totalCompanies 
2024-11-03T07:11:09.806Z [info]: GET /api/dashboard/userLogs 
2024-11-03T07:12:00.076Z [info]: Server running on http://localhost:5000 
2024-11-03T07:12:03.414Z [info]: Server running on http://localhost:5000 
2024-11-03T07:12:10.356Z [info]: GET /api/dashboard/totalUsers 
2024-11-03T07:12:10.388Z [info]: GET /api/dashboard/totalCompanies 
2024-11-03T07:12:10.435Z [info]: GET /api/dashboard/userLogs 
2024-11-03T07:12:32.898Z [info]: Server running on http://localhost:5000 
2024-11-03T07:12:34.412Z [info]: Server running on http://localhost:5000 
2024-11-03T07:12:36.963Z [info]: Server running on http://localhost:5000 
2024-11-03T07:13:25.250Z [info]: Server running on http://localhost:5000 
2024-11-03T07:13:27.137Z [info]: Server running on http://localhost:5000 
2024-11-03T07:13:31.746Z [info]: Server running on http://localhost:5000 
2024-11-03T07:13:34.068Z [info]: GET /api/dashboard/totalUsers 
2024-11-03T07:13:34.096Z [info]: GET /api/dashboard/totalCompanies 
2024-11-03T07:13:34.121Z [info]: GET /api/dashboard/userLogs 
2024-11-03T07:13:47.056Z [info]: GET /api/dashboard/totalUsers 
2024-11-03T07:13:47.071Z [info]: GET /api/dashboard/totalCompanies 
2024-11-03T07:13:47.089Z [info]: GET /api/dashboard/userLogs 
2024-11-03T07:13:59.811Z [info]: Server running on http://localhost:5000 
2024-11-03T07:14:05.014Z [info]: Server running on http://localhost:5000 
2024-11-03T07:14:51.119Z [info]: GET /api/dashboard/totalUsers 
2024-11-03T07:14:51.161Z [info]: GET /api/dashboard/totalCompanies 
2024-11-03T07:14:51.196Z [info]: GET /api/dashboard/userLogs 
2024-11-03T07:14:51.210Z [info]: GET /api/dashboard/totalUsers 
2024-11-03T07:14:51.230Z [info]: GET /api/dashboard/totalCompanies 
2024-11-03T07:14:51.273Z [info]: GET /api/dashboard/userLogs 
2024-11-03T07:14:54.881Z [info]: GET /api/dashboard/totalUsers 
2024-11-03T07:14:54.893Z [info]: GET /api/dashboard/totalCompanies 
2024-11-03T07:14:54.946Z [info]: GET /api/dashboard/userLogs 
2024-11-03T07:14:55.312Z [info]: GET /api/dashboard/totalUsers 
2024-11-03T07:14:55.335Z [info]: GET /api/dashboard/totalCompanies 
2024-11-03T07:14:55.408Z [info]: GET /api/dashboard/userLogs 
2024-11-03T07:14:57.214Z [info]: GET /api/dashboard/totalUsers 
2024-11-03T07:14:57.234Z [info]: GET /api/dashboard/totalCompanies 
2024-11-03T07:14:57.254Z [info]: GET /api/dashboard/userLogs 
2024-11-03T07:14:57.618Z [info]: GET /api/dashboard/totalUsers 
2024-11-03T07:14:57.632Z [info]: GET /api/dashboard/totalCompanies 
2024-11-03T07:14:57.685Z [info]: GET /api/dashboard/userLogs 
2024-11-03T07:17:39.425Z [info]: GET /api/companies/undefined 
2024-11-03T07:20:33.971Z [info]: GET /api/dashboard/totalUsers 
2024-11-03T07:20:34.008Z [info]: GET /api/dashboard/totalCompanies 
2024-11-03T07:20:34.049Z [info]: GET /api/dashboard/userLogs 
2024-11-03T07:21:26.549Z [info]: GET /api/dashboard/totalUsers 
2024-11-03T07:21:26.577Z [info]: GET /api/dashboard/totalCompanies 
2024-11-03T07:21:26.596Z [info]: GET /api/dashboard/userLogs 
2024-11-03T07:22:39.590Z [info]: Server running on http://localhost:5000 
2024-11-03T07:22:42.060Z [info]: Server running on http://localhost:5000 
2024-11-03T07:22:49.247Z [info]: GET /api/dashboard/totalUsers 
2024-11-03T07:22:49.283Z [info]: GET /api/dashboard/totalCompanies 
2024-11-03T07:22:49.320Z [info]: GET /api/dashboard/userLogs 
2024-11-03T07:25:04.591Z [info]: GET /api/dashboard/totalUsers 
2024-11-03T07:25:04.631Z [info]: GET /api/dashboard/totalCompanies 
2024-11-03T07:25:04.655Z [info]: GET /api/dashboard/userLogs 
2024-11-03T07:25:05.812Z [info]: GET /api/companies/undefined 
2024-11-03T07:25:06.055Z [info]: GET /api/dashboard/totalUsers 
2024-11-03T07:25:06.085Z [info]: GET /api/dashboard/totalCompanies 
2024-11-03T07:25:06.147Z [info]: GET /api/dashboard/userLogs 
2024-11-03T07:25:19.665Z [info]: GET /api/dashboard/totalUsers 
2024-11-03T07:25:19.694Z [info]: GET /api/dashboard/totalCompanies 
2024-11-03T07:25:19.721Z [info]: GET /api/dashboard/userLogs 
2024-11-03T07:25:20.463Z [info]: GET /api/companies/undefined 
2024-11-03T07:25:21.072Z [info]: GET /api/dashboard/totalUsers 
2024-11-03T07:25:21.179Z [info]: GET /api/dashboard/totalCompanies 
2024-11-03T07:25:21.244Z [info]: GET /api/dashboard/userLogs 
2024-11-03T07:25:24.538Z [info]: GET /api/dashboard/totalUsers 
2024-11-03T07:25:24.548Z [info]: GET /api/dashboard/totalUsers 
2024-11-03T07:25:24.615Z [info]: GET /api/dashboard/totalCompanies 
2024-11-03T07:25:24.629Z [info]: GET /api/dashboard/totalCompanies 
2024-11-03T07:25:24.650Z [info]: GET /api/dashboard/userLogs 
2024-11-03T07:25:24.665Z [info]: GET /api/companies/undefined 
2024-11-03T07:25:24.677Z [info]: GET /api/dashboard/userLogs 
2024-11-03T07:25:27.367Z [info]: GET /api/dashboard/totalUsers 
2024-11-03T07:25:27.381Z [info]: GET /api/dashboard/totalCompanies 
2024-11-03T07:25:27.429Z [info]: GET /api/dashboard/userLogs 
2024-11-03T07:25:27.451Z [info]: GET /api/companies/undefined 
2024-11-03T07:25:27.515Z [info]: GET /api/dashboard/totalUsers 
2024-11-03T07:25:27.523Z [info]: GET /api/dashboard/totalCompanies 
2024-11-03T07:25:27.559Z [info]: GET /api/dashboard/userLogs 
2024-11-03T07:26:37.013Z [info]: GET /api/dashboard/totalUsers 
2024-11-03T07:26:37.042Z [info]: GET /api/dashboard/totalCompanies 
2024-11-03T07:26:37.085Z [info]: GET /api/companies/undefined 
2024-11-03T07:26:38.771Z [info]: GET /api/dashboard/totalUsers 
2024-11-03T07:26:38.785Z [info]: GET /api/dashboard/totalCompanies 
2024-11-03T07:26:46.690Z [info]: GET /api/dashboard/totalUsers 
2024-11-03T07:26:46.709Z [info]: GET /api/dashboard/totalCompanies 
2024-11-03T07:26:46.742Z [info]: GET /api/dashboard/userLogs 
2024-11-03T07:26:47.974Z [info]: GET /api/companies/undefined 
2024-11-03T07:26:48.073Z [info]: GET /api/dashboard/totalUsers 
2024-11-03T07:26:48.085Z [info]: GET /api/dashboard/totalCompanies 
2024-11-03T07:26:48.142Z [info]: GET /api/dashboard/userLogs 
2024-11-03T07:27:16.832Z [info]: GET /api/companies/undefined 
2024-11-03T07:27:17.163Z [info]: GET /api/dashboard/totalUsers 
2024-11-03T07:27:17.177Z [info]: GET /api/dashboard/totalUsers 
2024-11-03T07:27:18.270Z [info]: GET /api/dashboard/totalUsers 
2024-11-03T07:27:19.825Z [info]: GET /api/companies/undefined 
2024-11-03T07:27:20.047Z [info]: GET /api/dashboard/totalUsers 
2024-11-03T07:27:40.908Z [info]: GET /api/dashboard/totalUsers 
2024-11-03T07:27:40.921Z [info]: GET /api/dashboard/totalCompanies 
2024-11-03T07:27:40.938Z [info]: GET /api/companies/undefined 
2024-11-03T07:27:41.064Z [info]: GET /api/dashboard/totalUsers 
2024-11-03T07:27:41.076Z [info]: GET /api/dashboard/totalCompanies 
2024-11-03T07:27:45.171Z [info]: GET /api/dashboard/totalUsers 
2024-11-03T07:27:45.186Z [info]: GET /api/dashboard/totalCompanies 
2024-11-03T07:27:45.215Z [info]: GET /api/dashboard/userLogs 
2024-11-03T07:27:46.067Z [info]: GET /api/companies/undefined 
2024-11-03T07:27:46.262Z [info]: GET /api/dashboard/totalUsers 
2024-11-03T07:27:46.277Z [info]: GET /api/dashboard/totalCompanies 
2024-11-03T07:27:46.327Z [info]: GET /api/dashboard/userLogs 
2024-11-03T07:27:58.087Z [info]: GET /api/dashboard/totalUsers 
2024-11-03T07:27:58.099Z [info]: GET /api/dashboard/totalCompanies 
2024-11-03T07:27:58.121Z [info]: GET /api/dashboard/userLogs 
2024-11-03T07:27:58.510Z [info]: GET /api/companies/undefined 
2024-11-03T07:27:58.839Z [info]: GET /api/dashboard/totalUsers 
2024-11-03T07:27:58.851Z [info]: GET /api/dashboard/totalCompanies 
2024-11-03T07:27:58.901Z [info]: GET /api/dashboard/userLogs 
2024-11-03T07:29:37.065Z [info]: GET /api/companies/undefined 
2024-11-03T07:29:37.582Z [info]: GET /api/dashboard/totalUsers 
2024-11-03T07:29:37.595Z [info]: GET /api/dashboard/totalCompanies 
2024-11-03T07:29:37.642Z [info]: GET /api/dashboard/userLogs 
2024-11-03T07:29:37.739Z [info]: GET /api/dashboard/totalUsers 
2024-11-03T07:29:37.765Z [info]: GET /api/dashboard/totalCompanies 
2024-11-03T07:29:37.814Z [info]: GET /api/dashboard/userLogs 
2024-11-03T07:29:48.044Z [info]: GET /api/dashboard/totalUsers 
2024-11-03T07:29:48.075Z [info]: GET /api/dashboard/totalCompanies 
2024-11-03T07:29:48.104Z [info]: GET /api/dashboard/userLogs 
2024-11-03T07:29:49.078Z [info]: GET /api/companies/undefined 
2024-11-03T07:29:49.379Z [info]: GET /api/dashboard/totalUsers 
2024-11-03T07:29:49.513Z [info]: GET /api/dashboard/totalCompanies 
2024-11-03T07:29:49.597Z [info]: GET /api/dashboard/userLogs 
2024-11-03T07:30:10.047Z [info]: GET /api/companies/undefined 
2024-11-03T07:30:10.199Z [info]: GET /api/dashboard/totalUsers 
2024-11-03T07:30:10.210Z [info]: GET /api/dashboard/totalCompanies 
2024-11-03T07:30:10.212Z [info]: GET /api/dashboard/totalUsers 
2024-11-03T07:30:10.231Z [info]: GET /api/dashboard/totalCompanies 
2024-11-03T07:30:10.262Z [info]: GET /api/dashboard/userLogs 
2024-11-03T07:37:25.244Z [info]: Shutting down gracefully... 
2024-11-03T07:37:30.108Z [info]: Server running on http://localhost:5000 
2024-11-03T07:37:43.081Z [info]: POST /api/auth/login 
2024-11-03T07:37:43.864Z [info]: GET /api/dashboard/totalUsers 
2024-11-03T07:37:43.878Z [info]: GET /api/dashboard/totalCompanies 
2024-11-03T07:37:43.907Z [info]: GET /api/dashboard/userLogs 
2024-11-03T07:39:29.690Z [info]: GET /api/dashboard/totalUsers 
2024-11-03T07:39:29.708Z [info]: GET /api/dashboard/totalCompanies 
2024-11-03T07:39:29.737Z [info]: GET /api/dashboard/userLogs 
2024-11-03T07:39:31.651Z [info]: GET /api/companies/undefined 
2024-11-03T07:39:31.824Z [info]: GET /api/dashboard/totalUsers 
2024-11-03T07:39:31.843Z [info]: GET /api/dashboard/totalCompanies 
2024-11-03T07:39:31.868Z [info]: GET /api/dashboard/userLogs 
2024-11-03T07:39:31.918Z [info]: GET /api/dashboard/totalUsers 
2024-11-03T07:39:31.937Z [info]: GET /api/dashboard/totalCompanies 
2024-11-03T07:39:31.967Z [info]: GET /api/dashboard/userLogs 
2024-11-03T07:41:29.085Z [info]: GET /api/companies/undefined 
2024-11-03T07:41:29.144Z [info]: GET /api/dashboard/totalUsers 
2024-11-03T07:41:29.164Z [info]: GET /api/dashboard/totalCompanies 
2024-11-03T07:41:29.182Z [info]: GET /api/dashboard/userLogs 
2024-11-03T07:41:29.229Z [info]: GET /api/dashboard/totalUsers 
2024-11-03T07:41:29.245Z [info]: GET /api/dashboard/totalCompanies 
2024-11-03T07:41:29.289Z [info]: GET /api/dashboard/userLogs 
2024-11-03T07:41:29.413Z [info]: GET /api/dashboard/totalUsers 
2024-11-03T07:41:29.438Z [info]: GET /api/dashboard/totalCompanies 
2024-11-03T07:41:29.484Z [info]: GET /api/dashboard/userLogs 
2024-11-03T07:41:32.368Z [info]: GET /api/companies/undefined 
2024-11-03T07:41:32.768Z [info]: GET /api/dashboard/totalUsers 
2024-11-03T07:41:32.787Z [info]: GET /api/dashboard/totalCompanies 
2024-11-03T07:41:32.810Z [info]: GET /api/dashboard/userLogs 
2024-11-03T07:41:32.811Z [info]: GET /api/dashboard/totalUsers 
2024-11-03T07:41:32.833Z [info]: GET /api/dashboard/totalCompanies 
2024-11-03T07:41:32.839Z [info]: GET /api/dashboard/totalUsers 
2024-11-03T07:41:32.860Z [info]: GET /api/dashboard/userLogs 
2024-11-03T07:41:32.873Z [info]: GET /api/dashboard/totalCompanies 
2024-11-03T07:41:32.888Z [info]: GET /api/dashboard/userLogs 
2024-11-03T07:41:51.043Z [info]: GET /api/dashboard/totalUsers 
2024-11-03T07:41:51.060Z [info]: GET /api/dashboard/totalCompanies 
2024-11-03T07:41:51.075Z [info]: GET /api/dashboard/userLogs 
2024-11-03T07:41:52.279Z [info]: GET /api/companies/undefined 
2024-11-03T07:41:52.422Z [info]: GET /api/dashboard/totalUsers 
2024-11-03T07:41:52.438Z [info]: GET /api/dashboard/totalCompanies 
2024-11-03T07:41:52.467Z [info]: GET /api/dashboard/userLogs 
2024-11-03T07:41:52.848Z [info]: GET /api/dashboard/totalUsers 
2024-11-03T07:41:52.862Z [info]: GET /api/dashboard/totalCompanies 
2024-11-03T07:41:52.885Z [info]: GET /api/dashboard/userLogs 
2024-11-03T07:42:01.458Z [info]: GET /api/companies/undefined 
2024-11-03T07:42:01.818Z [info]: GET /api/dashboard/totalUsers 
2024-11-03T07:42:01.835Z [info]: GET /api/dashboard/totalCompanies 
2024-11-03T07:42:01.874Z [info]: GET /api/dashboard/userLogs 
2024-11-03T07:42:01.900Z [info]: GET /api/dashboard/totalUsers 
2024-11-03T07:42:01.911Z [info]: GET /api/dashboard/totalCompanies 
2024-11-03T07:42:01.947Z [info]: GET /api/dashboard/userLogs 
2024-11-03T07:42:02.079Z [info]: GET /api/dashboard/totalUsers 
2024-11-03T07:42:02.099Z [info]: GET /api/dashboard/totalCompanies 
2024-11-03T07:42:02.114Z [info]: GET /api/dashboard/userLogs 
2024-11-03T07:42:15.826Z [info]: GET /api/companies/undefined 
2024-11-03T07:42:16.399Z [info]: GET /api/dashboard/totalUsers 
2024-11-03T07:42:16.418Z [info]: GET /api/dashboard/totalCompanies 
2024-11-03T07:42:16.450Z [info]: GET /api/dashboard/userLogs 
2024-11-03T07:42:16.551Z [info]: GET /api/dashboard/totalUsers 
2024-11-03T07:42:18.339Z [info]: GET /api/dashboard/totalUsers 
2024-11-03T07:42:18.445Z [info]: GET /api/dashboard/totalCompanies 
2024-11-03T07:42:18.535Z [info]: GET /api/dashboard/userLogs 
2024-11-03T07:42:19.257Z [info]: GET /api/companies/undefined 
2024-11-03T07:42:19.925Z [info]: GET /api/dashboard/totalUsers 
2024-11-03T07:42:19.938Z [info]: GET /api/dashboard/totalCompanies 
2024-11-03T07:42:19.959Z [info]: GET /api/dashboard/userLogs 
2024-11-03T07:42:19.976Z [info]: GET /api/dashboard/totalUsers 
2024-11-03T07:42:19.994Z [info]: GET /api/dashboard/totalCompanies 
2024-11-03T07:42:20.024Z [info]: GET /api/dashboard/userLogs 
2024-11-03T07:49:15.067Z [info]: POST /api/auth/login 
2024-11-03T07:49:15.371Z [info]: GET /api/dashboard/totalUsers 
2024-11-03T07:49:15.386Z [info]: GET /api/dashboard/totalCompanies 
2024-11-03T07:49:15.402Z [info]: GET /api/dashboard/userLogs 
2024-11-03T07:49:43.578Z [info]: GET /api/dashboard/sessionByCompany 
2024-11-03T07:51:31.105Z [info]: Server running on http://localhost:5000 
2024-11-03T07:51:33.909Z [info]: GET /api/dashboard/sessionByCompany 
2024-11-03T07:54:59.838Z [info]: GET /api/companies/undefined 
2024-11-03T07:55:24.368Z [info]: GET /api/companies/undefined 
2024-11-03T07:55:34.036Z [info]: GET /api/companies/undefined 
2024-11-03T07:55:37.101Z [info]: GET /api/companies/undefined 
2024-11-03T07:55:40.145Z [info]: GET /api/companies/undefined 
2024-11-03T07:55:43.902Z [info]: GET /api/dashboard/totalUsers 
2024-11-03T07:55:43.924Z [info]: GET /api/dashboard/totalCompanies 
2024-11-03T07:55:43.941Z [info]: GET /api/dashboard/userLogs 
2024-11-03T07:55:44.163Z [info]: GET /api/dashboard/totalUsers 
2024-11-03T07:55:44.180Z [info]: GET /api/dashboard/totalCompanies 
2024-11-03T07:55:44.204Z [info]: GET /api/dashboard/userLogs 
2024-11-03T07:55:44.248Z [info]: GET /api/companies/undefined 
2024-11-03T07:55:44.391Z [info]: GET /api/dashboard/totalUsers 
2024-11-03T07:55:44.404Z [info]: GET /api/dashboard/totalCompanies 
2024-11-03T07:55:44.424Z [info]: GET /api/dashboard/userLogs 
2024-11-03T07:55:54.420Z [info]: GET /api/companies/undefined 
2024-11-03T07:55:55.587Z [info]: GET /api/dashboard/totalUsers 
2024-11-03T07:55:56.005Z [info]: GET /api/companies/undefined 
2024-11-03T07:55:56.052Z [info]: GET /api/dashboard/totalUsers 
2024-11-03T07:55:56.058Z [info]: GET /api/dashboard/totalCompanies 
2024-11-03T07:55:56.067Z [info]: GET /api/dashboard/userLogs 
2024-11-03T07:55:56.370Z [info]: GET /api/dashboard/totalUsers 
2024-11-03T07:55:56.378Z [info]: GET /api/dashboard/totalCompanies 
2024-11-03T07:55:56.387Z [info]: GET /api/dashboard/userLogs 
2024-11-03T07:55:56.608Z [info]: GET /api/dashboard/totalUsers 
2024-11-03T07:55:56.614Z [info]: GET /api/dashboard/totalCompanies 
2024-11-03T07:55:56.622Z [info]: GET /api/dashboard/userLogs 
2024-11-03T07:56:03.201Z [info]: GET /api/dashboard/totalUsers 
2024-11-03T07:56:03.213Z [info]: GET /api/dashboard/totalCompanies 
2024-11-03T07:56:03.233Z [info]: GET /api/dashboard/userLogs 
2024-11-03T07:56:03.280Z [info]: GET /api/companies/undefined 
2024-11-03T07:56:03.390Z [info]: GET /api/dashboard/totalUsers 
2024-11-03T07:56:03.396Z [info]: GET /api/dashboard/totalCompanies 
2024-11-03T07:56:03.407Z [info]: GET /api/dashboard/userLogs 
2024-11-03T07:56:03.425Z [info]: GET /api/dashboard/totalUsers 
2024-11-03T07:56:03.435Z [info]: GET /api/dashboard/totalCompanies 
2024-11-03T07:56:03.446Z [info]: GET /api/dashboard/userLogs 
2024-11-03T07:56:07.552Z [info]: GET /api/dashboard/totalUsers 
2024-11-03T07:56:07.569Z [info]: GET /api/dashboard/totalCompanies 
2024-11-03T07:56:07.582Z [info]: GET /api/dashboard/userLogs 
2024-11-03T07:56:26.230Z [info]: GET /api/dashboard/totalUsers 
2024-11-03T07:56:26.236Z [info]: GET /api/dashboard/totalCompanies 
2024-11-03T07:56:26.244Z [info]: GET /api/dashboard/userLogs 
2024-11-03T07:56:26.444Z [info]: GET /api/companies/undefined 
2024-11-03T07:56:26.573Z [info]: GET /api/dashboard/totalUsers 
2024-11-03T07:56:26.582Z [info]: GET /api/dashboard/totalCompanies 
2024-11-03T07:56:26.591Z [info]: GET /api/dashboard/totalUsers 
2024-11-03T07:56:26.595Z [info]: GET /api/dashboard/userLogs 
2024-11-03T07:56:26.604Z [info]: GET /api/dashboard/totalCompanies 
2024-11-03T07:56:26.613Z [info]: GET /api/dashboard/userLogs 
2024-11-03T07:56:29.780Z [info]: GET /api/dashboard/totalUsers 
2024-11-03T07:56:29.796Z [info]: GET /api/dashboard/totalCompanies 
2024-11-03T07:56:29.812Z [info]: GET /api/dashboard/userLogs 
2024-11-03T07:56:29.989Z [info]: GET /api/dashboard/totalUsers 
2024-11-03T07:56:29.997Z [info]: GET /api/dashboard/totalCompanies 
2024-11-03T07:56:30.009Z [info]: GET /api/dashboard/userLogs 
2024-11-03T07:56:30.065Z [info]: GET /api/companies/undefined 
2024-11-03T07:56:30.159Z [info]: GET /api/dashboard/totalUsers 
2024-11-03T07:56:30.168Z [info]: GET /api/dashboard/totalCompanies 
2024-11-03T07:56:30.180Z [info]: GET /api/dashboard/userLogs 
2024-11-03T07:56:42.072Z [info]: GET /api/dashboard/totalUsers 
2024-11-03T07:56:42.088Z [info]: GET /api/dashboard/totalCompanies 
2024-11-03T07:56:42.115Z [info]: GET /api/dashboard/userLogs 
2024-11-03T07:56:42.238Z [info]: GET /api/companies/undefined 
2024-11-03T07:56:42.327Z [info]: GET /api/dashboard/totalUsers 
2024-11-03T07:56:42.332Z [info]: GET /api/dashboard/totalCompanies 
2024-11-03T07:56:42.340Z [info]: GET /api/dashboard/userLogs 
2024-11-03T07:56:42.593Z [info]: GET /api/dashboard/totalUsers 
2024-11-03T07:56:42.602Z [info]: GET /api/dashboard/totalCompanies 
2024-11-03T07:56:42.610Z [info]: GET /api/dashboard/userLogs 
2024-11-03T07:56:45.135Z [info]: GET /api/dashboard/totalUsers 
2024-11-03T07:56:45.157Z [info]: GET /api/dashboard/totalCompanies 
2024-11-03T07:56:45.172Z [info]: GET /api/dashboard/userLogs 
2024-11-03T07:56:46.101Z [info]: GET /api/dashboard/totalUsers 
2024-11-03T07:56:46.147Z [info]: GET /api/dashboard/totalCompanies 
2024-11-03T07:56:46.177Z [info]: GET /api/dashboard/userLogs 
2024-11-03T07:56:46.226Z [info]: GET /api/companies/undefined 
2024-11-03T07:56:46.336Z [info]: GET /api/dashboard/totalUsers 
2024-11-03T07:56:46.349Z [info]: GET /api/dashboard/totalCompanies 
2024-11-03T07:56:46.365Z [info]: GET /api/dashboard/userLogs 
2024-11-03T07:56:55.919Z [info]: GET /api/dashboard/totalUsers 
2024-11-03T07:56:55.931Z [info]: GET /api/dashboard/totalCompanies 
2024-11-03T07:56:55.965Z [info]: GET /api/dashboard/userLogs 
2024-11-03T07:56:56.300Z [info]: GET /api/companies/undefined 
2024-11-03T07:56:56.374Z [info]: GET /api/dashboard/totalUsers 
2024-11-03T07:56:56.380Z [info]: GET /api/dashboard/totalCompanies 
2024-11-03T07:56:56.387Z [info]: GET /api/dashboard/userLogs 
2024-11-03T07:56:56.395Z [info]: GET /api/dashboard/totalUsers 
2024-11-03T07:56:56.401Z [info]: GET /api/dashboard/totalCompanies 
2024-11-03T07:56:56.410Z [info]: GET /api/dashboard/userLogs 
2024-11-03T07:57:20.015Z [info]: GET /api/dashboard/totalUsers 
2024-11-03T08:00:35.407Z [info]: Shutting down gracefully... 
2024-11-03T08:00:37.841Z [info]: Server running on http://localhost:5000 
2024-11-03T08:01:03.845Z [info]: GET /api/dashboard/totalUsers 
2024-11-03T08:01:03.859Z [info]: GET /api/dashboard/totalCompanies 
2024-11-03T08:01:03.877Z [info]: GET /api/dashboard/userLogs 
2024-11-03T08:01:08.662Z [info]: POST /api/auth/login 
2024-11-03T08:01:09.022Z [info]: GET /api/dashboard/totalUsers 
2024-11-03T08:01:09.028Z [info]: GET /api/dashboard/totalCompanies 
2024-11-03T08:01:09.043Z [info]: GET /api/dashboard/userLogs 
2024-11-03T08:02:05.063Z [info]: GET /api/dashboard/sessionByCompany 
2024-11-03T08:03:22.276Z [info]: GET /api/dashboard/totalUsers 
2024-11-03T08:03:22.285Z [info]: GET /api/dashboard/totalCompanies 
2024-11-03T08:03:22.297Z [info]: GET /api/dashboard/userLogs 
2024-11-03T08:03:22.312Z [info]: GET /api/dashboard/sessionByCompany 
2024-11-03T08:03:22.916Z [info]: GET /api/dashboard/totalUsers 
2024-11-03T08:03:22.928Z [info]: GET /api/dashboard/totalUsers 
2024-11-03T08:03:22.932Z [info]: GET /api/dashboard/totalCompanies 
2024-11-03T08:03:22.938Z [info]: GET /api/dashboard/totalCompanies 
2024-11-03T08:03:22.944Z [info]: GET /api/dashboard/userLogs 
2024-11-03T08:03:22.953Z [info]: GET /api/dashboard/userLogs 
2024-11-03T08:03:22.961Z [info]: GET /api/dashboard/sessionByCompany 
2024-11-03T08:03:22.964Z [info]: GET /api/dashboard/sessionByCompany 
2024-11-03T08:03:25.083Z [info]: GET /api/dashboard/totalUsers 
2024-11-03T08:03:25.156Z [info]: GET /api/dashboard/totalCompanies 
2024-11-03T08:03:25.169Z [info]: GET /api/dashboard/userLogs 
2024-11-03T08:03:25.186Z [info]: GET /api/dashboard/sessionByCompany 
2024-11-03T08:03:25.748Z [info]: GET /api/dashboard/totalUsers 
2024-11-03T08:03:25.758Z [info]: GET /api/dashboard/totalCompanies 
2024-11-03T08:03:25.770Z [info]: GET /api/dashboard/userLogs 
2024-11-03T08:03:25.784Z [info]: GET /api/dashboard/sessionByCompany 
2024-11-03T08:03:29.160Z [info]: GET /api/dashboard/totalUsers 
2024-11-03T08:03:29.173Z [info]: GET /api/dashboard/totalCompanies 
2024-11-03T08:03:29.183Z [info]: GET /api/dashboard/userLogs 
2024-11-03T08:03:29.200Z [info]: GET /api/dashboard/sessionByCompany 
2024-11-03T08:03:29.710Z [info]: GET /api/dashboard/totalUsers 
2024-11-03T08:03:29.721Z [info]: GET /api/dashboard/totalCompanies 
2024-11-03T08:03:29.737Z [info]: GET /api/dashboard/userLogs 
2024-11-03T08:03:29.760Z [info]: GET /api/dashboard/sessionByCompany 
2024-11-03T08:03:38.141Z [info]: GET /api/dashboard/totalUsers 
2024-11-03T08:03:38.183Z [info]: GET /api/dashboard/totalCompanies 
2024-11-03T08:03:38.231Z [info]: GET /api/dashboard/userLogs 
2024-11-03T08:03:38.244Z [info]: GET /api/dashboard/sessionByCompany 
2024-11-03T08:03:38.775Z [info]: GET /api/dashboard/totalUsers 
2024-11-03T08:03:38.786Z [info]: GET /api/dashboard/totalCompanies 
2024-11-03T08:03:38.801Z [info]: GET /api/dashboard/userLogs 
2024-11-03T08:03:38.816Z [info]: GET /api/dashboard/sessionByCompany 
2024-11-03T08:03:44.210Z [info]: GET /api/dashboard/totalUsers 
2024-11-03T08:03:44.220Z [info]: GET /api/dashboard/totalCompanies 
2024-11-03T08:03:44.229Z [info]: GET /api/dashboard/userLogs 
2024-11-03T08:03:44.243Z [info]: GET /api/dashboard/sessionByCompany 
2024-11-03T08:03:44.856Z [info]: GET /api/dashboard/totalUsers 
2024-11-03T08:03:44.874Z [info]: GET /api/dashboard/totalCompanies 
2024-11-03T08:03:44.888Z [info]: GET /api/dashboard/userLogs 
2024-11-03T08:03:44.904Z [info]: GET /api/dashboard/sessionByCompany 
2024-11-03T08:03:44.936Z [info]: GET /api/dashboard/totalUsers 
2024-11-03T08:03:44.947Z [info]: GET /api/dashboard/totalCompanies 
2024-11-03T08:03:44.955Z [info]: GET /api/dashboard/userLogs 
2024-11-03T08:03:44.965Z [info]: GET /api/dashboard/sessionByCompany 
2024-11-03T08:03:49.649Z [info]: GET /api/dashboard/totalUsers 
2024-11-03T08:03:49.663Z [info]: GET /api/dashboard/totalCompanies 
2024-11-03T08:03:49.678Z [info]: GET /api/dashboard/userLogs 
2024-11-03T08:03:49.691Z [info]: GET /api/dashboard/sessionByCompany 
2024-11-03T08:04:24.600Z [info]: GET /api/dashboard/totalUsers 
2024-11-03T08:04:24.611Z [info]: GET /api/dashboard/totalCompanies 
2024-11-03T08:04:24.622Z [info]: GET /api/dashboard/userLogs 
2024-11-03T08:04:24.638Z [info]: GET /api/dashboard/sessionByCompany 
2024-11-03T08:04:25.097Z [info]: GET /api/dashboard/totalUsers 
2024-11-03T08:04:25.110Z [info]: GET /api/dashboard/totalCompanies 
2024-11-03T08:04:25.118Z [info]: GET /api/dashboard/userLogs 
2024-11-03T08:04:25.131Z [info]: GET /api/dashboard/sessionByCompany 
2024-11-03T08:04:54.550Z [info]: GET /api/dashboard/totalUsers 
2024-11-03T08:04:54.564Z [info]: GET /api/dashboard/totalCompanies 
2024-11-03T08:04:54.581Z [info]: GET /api/dashboard/userLogs 
2024-11-03T08:04:54.597Z [info]: GET /api/dashboard/sessionByCompany 
2024-11-03T08:04:54.805Z [info]: GET /api/dashboard/totalUsers 
2024-11-03T08:04:54.817Z [info]: GET /api/dashboard/totalCompanies 
2024-11-03T08:04:54.828Z [info]: GET /api/dashboard/userLogs 
2024-11-03T08:04:54.845Z [info]: GET /api/dashboard/sessionByCompany 
2024-11-03T08:04:57.598Z [info]: GET /api/dashboard/totalUsers 
2024-11-03T08:04:57.604Z [info]: GET /api/dashboard/totalCompanies 
2024-11-03T08:04:57.611Z [info]: GET /api/dashboard/userLogs 
2024-11-03T08:04:57.623Z [info]: GET /api/dashboard/sessionByCompany 
2024-11-03T08:04:57.829Z [info]: GET /api/dashboard/totalUsers 
2024-11-03T08:04:57.839Z [info]: GET /api/dashboard/totalCompanies 
2024-11-03T08:04:57.853Z [info]: GET /api/dashboard/userLogs 
2024-11-03T08:04:57.874Z [info]: GET /api/dashboard/sessionByCompany 
2024-11-03T08:05:06.521Z [info]: GET /api/dashboard/totalUsers 
2024-11-03T08:05:06.572Z [info]: GET /api/dashboard/totalCompanies 
2024-11-03T08:05:06.583Z [info]: GET /api/dashboard/userLogs 
2024-11-03T08:05:06.598Z [info]: GET /api/dashboard/sessionByCompany 
2024-11-03T08:05:06.977Z [info]: GET /api/dashboard/totalUsers 
2024-11-03T08:05:06.998Z [info]: GET /api/dashboard/totalCompanies 
2024-11-03T08:05:07.016Z [info]: GET /api/dashboard/userLogs 
2024-11-03T08:05:07.037Z [info]: GET /api/dashboard/sessionByCompany 
2024-11-03T08:05:40.627Z [info]: GET /api/dashboard/totalUsers 
2024-11-03T08:05:40.634Z [info]: GET /api/dashboard/totalCompanies 
2024-11-03T08:05:40.645Z [info]: GET /api/dashboard/userLogs 
2024-11-03T08:05:40.667Z [info]: GET /api/dashboard/sessionByCompany 
2024-11-03T08:05:40.926Z [info]: GET /api/dashboard/totalUsers 
2024-11-03T08:05:40.937Z [info]: GET /api/dashboard/totalCompanies 
2024-11-03T08:05:40.953Z [info]: GET /api/dashboard/userLogs 
2024-11-03T08:05:40.965Z [info]: GET /api/dashboard/sessionByCompany 
2024-11-03T08:08:25.975Z [info]: Shutting down gracefully... 
2024-11-03T08:08:28.997Z [info]: Server running on http://localhost:5000 
2024-11-03T08:08:42.195Z [info]: POST /api/auth/login 
2024-11-03T08:08:44.070Z [info]: POST /api/auth/login 
2024-11-03T08:08:53.380Z [info]: POST /api/auth/login 
2024-11-03T08:08:53.494Z [info]: GET /api/dashboard/totalUsers 
2024-11-03T08:08:53.496Z [info]: GET /api/chart/data 
2024-11-03T08:08:53.505Z [info]: GET /api/dashboard/totalCompanies 
2024-11-03T08:08:53.513Z [info]: GET /api/dashboard/userLogs 
2024-11-03T08:08:53.527Z [info]: GET /api/dashboard/sessionByCompany 
2024-11-03T08:09:52.159Z [info]: GET /api/chart/data 
2024-11-03T08:09:52.162Z [info]: GET /api/dashboard/totalUsers 
2024-11-03T08:09:52.170Z [info]: GET /api/dashboard/totalCompanies 
2024-11-03T08:09:52.183Z [info]: GET /api/dashboard/userLogs 
2024-11-03T08:09:53.980Z [info]: GET /api/chart/data 
2024-11-03T08:09:53.981Z [info]: GET /api/dashboard/totalUsers 
2024-11-03T08:09:53.988Z [info]: GET /api/dashboard/totalCompanies 
2024-11-03T08:09:53.998Z [info]: GET /api/dashboard/userLogs 
2024-11-03T08:09:54.705Z [info]: GET /api/chart/data 
2024-11-03T08:09:54.707Z [info]: GET /api/dashboard/totalUsers 
2024-11-03T08:09:54.727Z [info]: GET /api/dashboard/totalCompanies 
2024-11-03T08:09:54.739Z [info]: GET /api/dashboard/userLogs 
2024-11-03T08:09:55.405Z [info]: GET /api/chart/data 
2024-11-03T08:09:55.407Z [info]: GET /api/dashboard/totalUsers 
2024-11-03T08:09:55.414Z [info]: GET /api/dashboard/totalCompanies 
2024-11-03T08:09:55.421Z [info]: GET /api/dashboard/userLogs 
2024-11-03T08:09:59.697Z [info]: GET /api/chart/data 
2024-11-03T08:09:59.698Z [info]: GET /api/dashboard/totalUsers 
2024-11-03T08:09:59.711Z [info]: GET /api/dashboard/totalCompanies 
2024-11-03T08:09:59.726Z [info]: GET /api/dashboard/userLogs 
2024-11-03T08:10:15.962Z [info]: GET /api/chart/data 
2024-11-03T08:10:15.965Z [info]: GET /api/dashboard/totalUsers 
2024-11-03T08:10:15.971Z [info]: GET /api/dashboard/totalCompanies 
2024-11-03T08:10:15.981Z [info]: GET /api/dashboard/userLogs 
2024-11-03T08:10:16.053Z [info]: GET /api/chart/data 
2024-11-03T08:10:16.055Z [info]: GET /api/dashboard/totalUsers 
2024-11-03T08:10:16.066Z [info]: GET /api/dashboard/totalCompanies 
2024-11-03T08:10:16.081Z [info]: GET /api/dashboard/userLogs 
2024-11-03T08:10:19.614Z [info]: GET /api/dashboard/sessionByCompany 
2024-11-03T08:10:19.615Z [info]: GET /api/dashboard/totalUsers 
2024-11-03T08:10:19.632Z [info]: GET /api/dashboard/totalCompanies 
2024-11-03T08:10:19.646Z [info]: GET /api/dashboard/userLogs 
2024-11-03T08:10:19.806Z [info]: GET /api/dashboard/sessionByCompany 
2024-11-03T08:10:19.807Z [info]: GET /api/dashboard/totalUsers 
2024-11-03T08:10:19.818Z [info]: GET /api/dashboard/totalCompanies 
2024-11-03T08:10:19.831Z [info]: GET /api/dashboard/userLogs 
2024-11-03T08:10:42.051Z [info]: GET /api/dashboard/sessionByCompany 
2024-11-03T08:10:42.052Z [info]: GET /api/dashboard/totalUsers 
2024-11-03T08:10:42.066Z [info]: GET /api/dashboard/totalCompanies 
2024-11-03T08:10:42.073Z [info]: GET /api/dashboard/userLogs 
2024-11-03T08:15:02.920Z [info]: GET /api/chart/data 
2024-11-03T08:15:02.922Z [info]: GET /api/dashboard/totalUsers 
2024-11-03T08:15:02.928Z [info]: GET /api/dashboard/totalCompanies 
2024-11-03T08:15:02.947Z [info]: GET /api/dashboard/userLogs 
2024-11-03T08:15:03.268Z [info]: GET /api/chart/data 
2024-11-03T08:15:03.270Z [info]: GET /api/dashboard/totalUsers 
2024-11-03T08:15:03.278Z [info]: GET /api/dashboard/totalCompanies 
2024-11-03T08:15:03.296Z [info]: GET /api/dashboard/userLogs 
2024-11-03T08:15:05.897Z [info]: GET /api/dashboard/sessionByCompany 
2024-11-03T08:15:05.898Z [info]: GET /api/dashboard/totalUsers 
2024-11-03T08:15:05.907Z [info]: GET /api/dashboard/totalCompanies 
2024-11-03T08:15:05.917Z [info]: GET /api/dashboard/userLogs 
2024-11-03T08:15:06.175Z [info]: GET /api/dashboard/sessionByCompany 
2024-11-03T08:15:06.177Z [info]: GET /api/dashboard/totalUsers 
2024-11-03T08:15:06.190Z [info]: GET /api/dashboard/totalCompanies 
2024-11-03T08:15:06.199Z [info]: GET /api/dashboard/userLogs 
2024-11-03T08:15:12.643Z [info]: GET /api/chart/data 
2024-11-03T08:15:12.645Z [info]: GET /api/dashboard/totalUsers 
2024-11-03T08:15:12.652Z [info]: GET /api/dashboard/totalCompanies 
2024-11-03T08:15:12.660Z [info]: GET /api/dashboard/userLogs 
2024-11-03T08:15:12.853Z [info]: GET /api/chart/data 
2024-11-03T08:15:12.854Z [info]: GET /api/dashboard/totalUsers 
2024-11-03T08:15:12.866Z [info]: GET /api/dashboard/totalCompanies 
2024-11-03T08:15:12.883Z [info]: GET /api/dashboard/userLogs 
2024-11-03T08:15:19.758Z [info]: GET /api/dashboard/sessionByCompany 
2024-11-03T08:15:19.759Z [info]: GET /api/dashboard/totalUsers 
2024-11-03T08:15:19.767Z [info]: GET /api/dashboard/totalCompanies 
2024-11-03T08:15:19.775Z [info]: GET /api/dashboard/userLogs 
2024-11-03T08:15:19.900Z [info]: GET /api/dashboard/sessionByCompany 
2024-11-03T08:15:19.902Z [info]: GET /api/dashboard/totalUsers 
2024-11-03T08:15:19.916Z [info]: GET /api/dashboard/totalCompanies 
2024-11-03T08:15:19.936Z [info]: GET /api/dashboard/userLogs 
2024-11-03T08:16:33.643Z [info]: GET /api/dashboard/sessionByCompany 
2024-11-03T08:16:33.645Z [info]: GET /api/dashboard/totalUsers 
2024-11-03T08:16:33.654Z [info]: GET /api/dashboard/totalCompanies 
2024-11-03T08:16:33.661Z [info]: GET /api/dashboard/userLogs 
2024-11-03T08:16:34.019Z [info]: GET /api/dashboard/sessionByCompany 
2024-11-03T08:16:34.021Z [info]: GET /api/dashboard/totalUsers 
2024-11-03T08:16:34.034Z [info]: GET /api/dashboard/totalCompanies 
2024-11-03T08:16:34.043Z [info]: GET /api/dashboard/userLogs 
2024-11-03T08:16:35.306Z [info]: GET /api/dashboard/sessionByCompany 
2024-11-03T08:16:35.307Z [info]: GET /api/dashboard/totalUsers 
2024-11-03T08:16:35.326Z [info]: GET /api/dashboard/totalCompanies 
2024-11-03T08:16:35.346Z [info]: GET /api/dashboard/userLogs 
2024-11-03T08:16:36.008Z [info]: GET /api/dashboard/sessionByCompany 
2024-11-03T08:16:36.009Z [info]: GET /api/dashboard/totalUsers 
2024-11-03T08:16:36.022Z [info]: GET /api/dashboard/totalCompanies 
2024-11-03T08:16:36.030Z [info]: GET /api/dashboard/userLogs 
2024-11-03T08:16:48.263Z [info]: GET /api/dashboard/sessionByCompany 
2024-11-03T08:16:48.265Z [info]: GET /api/dashboard/totalUsers 
2024-11-03T08:17:25.066Z [info]: Shutting down gracefully... 
2024-11-03T08:17:27.677Z [info]: Server running on http://localhost:5000 
2024-11-03T08:17:39.272Z [info]: POST /api/auth/login 
2024-11-03T08:17:39.389Z [info]: GET /api/dashboard/sessionByCompany 
2024-11-03T08:17:39.391Z [info]: GET /api/dashboard/totalUsers 
2024-11-03T08:17:39.405Z [info]: GET /api/dashboard/totalCompanies 
2024-11-03T08:17:39.414Z [info]: GET /api/dashboard/userLogs 
2024-11-03T08:17:55.936Z [info]: GET /api/dashboard/sessionByCompany 
2024-11-03T08:17:55.938Z [info]: GET /api/dashboard/totalUsers 
2024-11-03T08:17:55.950Z [info]: GET /api/dashboard/totalCompanies 
2024-11-03T08:17:55.958Z [info]: GET /api/dashboard/userLogs 
2024-11-03T08:17:58.903Z [info]: GET /api/dashboard/sessionByCompany 
2024-11-03T08:17:58.904Z [info]: GET /api/dashboard/totalUsers 
2024-11-03T08:17:58.916Z [info]: GET /api/dashboard/totalCompanies 
2024-11-03T08:17:58.922Z [info]: GET /api/dashboard/userLogs 
2024-11-03T08:18:11.861Z [info]: GET /api/dashboard/sessionByCompany 
2024-11-03T08:18:11.862Z [info]: GET /api/dashboard/totalUsers 
2024-11-03T08:18:11.871Z [info]: GET /api/dashboard/totalCompanies 
2024-11-03T08:18:11.882Z [info]: GET /api/dashboard/userLogs 
2024-11-03T08:19:11.930Z [info]: GET /api/dashboard/sessionByCompany 
2024-11-03T08:19:11.931Z [info]: GET /api/dashboard/totalUsers 
2024-11-03T08:19:11.943Z [info]: GET /api/dashboard/totalCompanies 
2024-11-03T08:19:11.950Z [info]: GET /api/dashboard/userLogs 
2024-11-03T08:19:56.902Z [info]: GET /api/dashboard/sessionByCompany 
2024-11-03T08:19:56.903Z [info]: GET /api/dashboard/totalUsers 
2024-11-03T08:19:56.914Z [info]: GET /api/dashboard/totalCompanies 
2024-11-03T08:19:56.921Z [info]: GET /api/dashboard/userLogs 
2024-11-03T08:19:57.315Z [info]: GET /api/dashboard/sessionByCompany 
2024-11-03T08:19:57.316Z [info]: GET /api/dashboard/totalUsers 
2024-11-03T08:19:57.323Z [info]: GET /api/dashboard/totalCompanies 
2024-11-03T08:19:57.332Z [info]: GET /api/dashboard/userLogs 
2024-11-03T08:20:13.357Z [info]: GET /api/dashboard/sessionByCompany 
2024-11-03T08:20:13.358Z [info]: GET /api/dashboard/totalUsers 
2024-11-03T08:20:13.370Z [info]: GET /api/dashboard/totalCompanies 
2024-11-03T08:20:13.377Z [info]: GET /api/dashboard/userLogs 
2024-11-03T08:21:37.871Z [info]: GET /api/dashboard/sessionByCompany 
2024-11-03T08:21:37.872Z [info]: GET /api/dashboard/totalUsers 
2024-11-03T08:21:37.878Z [info]: GET /api/dashboard/totalCompanies 
2024-11-03T08:21:37.887Z [info]: GET /api/dashboard/userLogs 
2024-11-03T08:21:41.862Z [info]: GET /api/dashboard/sessionByCompany 
2024-11-03T08:21:41.863Z [info]: GET /api/dashboard/totalUsers 
2024-11-03T08:21:41.878Z [info]: GET /api/dashboard/totalCompanies 
2024-11-03T08:21:41.885Z [info]: GET /api/dashboard/userLogs 
2024-11-03T08:21:46.826Z [info]: GET /api/dashboard/sessionByCompany 
2024-11-03T08:21:46.827Z [info]: GET /api/dashboard/totalUsers 
2024-11-03T08:21:46.841Z [info]: GET /api/dashboard/totalCompanies 
2024-11-03T08:21:46.849Z [info]: GET /api/dashboard/userLogs 
2024-11-03T08:22:04.871Z [info]: GET /api/dashboard/sessionByCompany 
2024-11-03T08:22:04.872Z [info]: GET /api/dashboard/totalUsers 
2024-11-03T08:22:04.889Z [info]: GET /api/dashboard/totalCompanies 
2024-11-03T08:22:04.898Z [info]: GET /api/dashboard/userLogs 
2024-11-03T08:22:05.819Z [info]: GET /api/dashboard/sessionByCompany 
2024-11-03T08:22:05.820Z [info]: GET /api/dashboard/totalUsers 
2024-11-03T08:22:05.838Z [info]: GET /api/dashboard/totalCompanies 
2024-11-03T08:22:05.846Z [info]: GET /api/dashboard/userLogs 
2024-11-03T08:22:06.627Z [info]: GET /api/dashboard/sessionByCompany 
2024-11-03T08:22:06.628Z [info]: GET /api/dashboard/totalUsers 
2024-11-03T08:22:06.637Z [info]: GET /api/dashboard/totalCompanies 
2024-11-03T08:22:06.646Z [info]: GET /api/dashboard/userLogs 
2024-11-03T08:22:15.722Z [info]: GET /api/dashboard/sessionByCompany 
2024-11-03T08:22:15.723Z [info]: GET /api/dashboard/totalUsers 
2024-11-03T08:22:15.732Z [info]: GET /api/dashboard/totalCompanies 
2024-11-03T08:22:15.739Z [info]: GET /api/dashboard/userLogs 
2024-11-03T08:22:33.728Z [info]: GET /api/dashboard/sessionByCompany 
2024-11-03T08:22:33.729Z [info]: GET /api/dashboard/totalUsers 
2024-11-03T08:22:33.762Z [info]: GET /api/dashboard/totalCompanies 
2024-11-03T08:22:33.770Z [info]: GET /api/dashboard/userLogs 
2024-11-03T08:23:05.783Z [info]: GET /api/dashboard/sessionByCompany 
2024-11-03T08:23:05.784Z [info]: GET /api/dashboard/totalUsers 
2024-11-03T08:23:05.795Z [info]: GET /api/dashboard/totalCompanies 
2024-11-03T08:23:05.804Z [info]: GET /api/dashboard/userLogs 
2024-11-03T08:23:19.863Z [info]: GET /api/dashboard/sessionByCompany 
2024-11-03T08:23:19.864Z [info]: GET /api/dashboard/totalUsers 
2024-11-03T08:23:19.869Z [info]: GET /api/dashboard/totalCompanies 
2024-11-03T08:23:19.877Z [info]: GET /api/dashboard/userLogs 
2024-11-03T08:23:22.828Z [info]: GET /api/dashboard/sessionByCompany 
2024-11-03T08:23:22.829Z [info]: GET /api/dashboard/totalUsers 
2024-11-03T08:23:22.835Z [info]: GET /api/dashboard/totalCompanies 
2024-11-03T08:23:22.843Z [info]: GET /api/dashboard/userLogs 
2024-11-03T08:23:48.917Z [info]: GET /api/dashboard/sessionByCompany 
2024-11-03T08:23:48.919Z [info]: GET /api/dashboard/totalUsers 
2024-11-03T08:23:48.925Z [info]: GET /api/dashboard/totalCompanies 
2024-11-03T08:23:48.936Z [info]: GET /api/dashboard/userLogs 
2024-11-03T08:23:49.809Z [info]: GET /api/dashboard/sessionByCompany 
2024-11-03T08:23:49.810Z [info]: GET /api/dashboard/totalUsers 
2024-11-03T08:23:49.816Z [info]: GET /api/dashboard/totalCompanies 
2024-11-03T08:23:49.823Z [info]: GET /api/dashboard/userLogs 
2024-11-03T08:24:21.876Z [info]: GET /api/dashboard/sessionByCompany 
2024-11-03T08:24:21.877Z [info]: GET /api/dashboard/totalUsers 
2024-11-03T08:24:21.890Z [info]: GET /api/dashboard/totalCompanies 
2024-11-03T08:24:21.898Z [info]: GET /api/dashboard/userLogs 
2024-11-03T08:24:23.847Z [info]: GET /api/dashboard/sessionByCompany 
2024-11-03T08:24:23.848Z [info]: GET /api/dashboard/totalUsers 
2024-11-03T08:24:23.869Z [info]: GET /api/dashboard/totalCompanies 
2024-11-03T08:24:23.876Z [info]: GET /api/dashboard/userLogs 
2024-11-03T08:24:26.555Z [info]: GET /api/dashboard/sessionByCompany 
2024-11-03T08:24:26.557Z [info]: GET /api/dashboard/totalUsers 
2024-11-03T08:24:26.570Z [info]: GET /api/dashboard/totalCompanies 
2024-11-03T08:24:26.579Z [info]: GET /api/dashboard/userLogs 
2024-11-03T08:24:52.964Z [info]: GET /api/dashboard/sessionByCompany 
2024-11-03T08:24:52.965Z [info]: GET /api/dashboard/totalUsers 
2024-11-03T08:26:31.915Z [info]: Shutting down gracefully... 
2024-11-03T08:26:34.142Z [info]: Server running on http://localhost:5000 
2024-11-03T08:26:35.473Z [info]: POST /api/auth/login 
2024-11-03T08:26:35.704Z [info]: GET /api/dashboard/totalUsers 
2024-11-03T08:26:35.706Z [info]: GET /api/dashboard/sessionByCompany 
2024-11-03T08:26:35.716Z [info]: GET /api/dashboard/totalCompanies 
2024-11-03T08:26:35.725Z [info]: GET /api/dashboard/userLogs 
2024-11-03T08:26:44.856Z [info]: GET /api/dashboard/sessionByCompany 
2024-11-03T08:26:44.859Z [info]: GET /api/dashboard/totalUsers 
2024-11-03T08:26:44.870Z [info]: GET /api/dashboard/totalCompanies 
2024-11-03T08:26:44.877Z [info]: GET /api/dashboard/userLogs 
2024-11-03T08:26:53.766Z [info]: GET /api/dashboard/sessionByCompany 
2024-11-03T08:26:53.767Z [info]: GET /api/dashboard/totalUsers 
2024-11-03T08:26:53.772Z [info]: GET /api/dashboard/totalCompanies 
2024-11-03T08:26:53.779Z [info]: GET /api/dashboard/userLogs 
2024-11-03T08:26:54.244Z [info]: GET /api/dashboard/sessionByCompany 
2024-11-03T08:26:54.245Z [info]: GET /api/dashboard/totalUsers 
2024-11-03T08:26:54.255Z [info]: GET /api/dashboard/totalCompanies 
2024-11-03T08:26:54.263Z [info]: GET /api/dashboard/userLogs 
2024-11-03T08:28:22.935Z [info]: GET /api/dashboard/sessionByCompany 
2024-11-03T08:28:22.936Z [info]: GET /api/dashboard/totalUsers 
2024-11-03T08:28:22.944Z [info]: GET /api/dashboard/totalCompanies 
2024-11-03T08:28:22.952Z [info]: GET /api/dashboard/userLogs 
2024-11-03T08:28:27.063Z [info]: GET /api/dashboard/sessionByCompany 
2024-11-03T08:28:27.063Z [info]: GET /api/dashboard/totalUsers 
2024-11-03T08:28:27.075Z [info]: GET /api/dashboard/totalCompanies 
2024-11-03T08:28:27.086Z [info]: GET /api/dashboard/userLogs 
2024-11-03T08:28:54.648Z [info]: POST /api/auth/login 
2024-11-03T08:28:56.681Z [info]: POST /api/auth/login 
2024-11-03T08:29:03.056Z [info]: POST /api/auth/login 
2024-11-03T08:29:03.274Z [info]: GET /api/dashboard/sessionByCompany 
2024-11-03T08:29:03.275Z [info]: GET /api/dashboard/totalUsers 
2024-11-03T08:29:03.285Z [info]: GET /api/dashboard/totalCompanies 
2024-11-03T08:29:03.295Z [info]: GET /api/dashboard/userLogs 
2024-11-03T08:29:06.454Z [info]: GET /api/auth/all?page=1&limit=8&sort=newest 
2024-11-03T08:29:51.263Z [info]: POST /api/auth/createAdmin 
2024-11-03T08:30:13.883Z [info]: POST /api/auth/login 
2024-11-03T08:30:13.999Z [info]: GET /api/dashboard/sessionByCompany 
2024-11-03T08:30:14.000Z [info]: GET /api/dashboard/totalUsers 
2024-11-03T08:30:14.011Z [info]: GET /api/dashboard/totalCompanies 
2024-11-03T08:30:14.021Z [info]: GET /api/dashboard/userLogs 
2024-11-03T08:30:47.429Z [info]: GET /api/dashboard/sessionByCompany 
2024-11-03T08:30:47.430Z [info]: GET /api/dashboard/totalUsers 
2024-11-03T08:30:47.438Z [info]: GET /api/dashboard/totalCompanies 
2024-11-03T08:30:47.451Z [info]: GET /api/dashboard/userLogs 
2024-11-03T08:30:54.419Z [info]: GET /api/dashboard/sessionByCompany 
2024-11-03T08:30:54.421Z [info]: GET /api/dashboard/totalUsers 
2024-11-03T08:30:54.441Z [info]: GET /api/dashboard/totalCompanies 
2024-11-03T08:30:54.454Z [info]: GET /api/dashboard/userLogs 
2024-11-03T08:34:10.328Z [info]: Server running on http://localhost:5000 
2024-11-03T08:34:15.412Z [info]: GET /api/dashboard/sessionByCompany 
2024-11-03T08:34:15.415Z [info]: GET /api/dashboard/totalUsers 
2024-11-03T08:34:15.435Z [info]: GET /api/dashboard/totalCompanies 
2024-11-03T08:34:15.442Z [info]: GET /api/dashboard/userLogs 
2024-11-03T08:34:55.038Z [info]: POST /api/auth/login 
2024-11-03T08:34:55.155Z [info]: GET /api/dashboard/totalUsers 
2024-11-03T08:34:55.158Z [info]: GET /api/dashboard/sessionByCompany 
2024-11-03T08:34:55.166Z [info]: GET /api/dashboard/totalCompanies 
2024-11-03T08:34:55.174Z [info]: GET /api/dashboard/userLogs 
2024-11-03T08:37:42.296Z [info]: GET /api/dashboard/sessionByCompany 
2024-11-03T08:37:42.299Z [info]: GET /api/dashboard/totalUsers 
2024-11-03T08:37:42.309Z [info]: GET /api/dashboard/totalCompanies 
2024-11-03T08:37:42.321Z [info]: GET /api/dashboard/userLogs 
2024-11-03T08:37:57.293Z [info]: GET /api/dashboard/sessionByCompany 
2024-11-03T08:37:57.295Z [info]: GET /api/dashboard/totalUsers 
2024-11-03T08:37:57.307Z [info]: GET /api/dashboard/totalCompanies 
2024-11-03T08:37:57.330Z [info]: GET /api/dashboard/userLogs 
2024-11-03T08:46:35.902Z [info]: GET /api/dashboard/sessionByCompany 
2024-11-03T08:46:35.903Z [info]: GET /api/dashboard/totalUsers 
2024-11-03T08:46:35.911Z [info]: GET /api/dashboard/totalCompanies 
2024-11-03T08:46:35.920Z [info]: GET /api/dashboard/userLogs 
2024-11-03T08:47:39.028Z [info]: GET /api/dashboard/sessionByCompany 
2024-11-03T08:47:39.029Z [info]: GET /api/dashboard/totalUsers 
2024-11-03T08:47:39.035Z [info]: GET /api/dashboard/totalCompanies 
2024-11-03T08:47:39.044Z [info]: GET /api/dashboard/userLogs 
2024-11-03T08:47:52.802Z [info]: GET /api/dashboard/sessionByCompany 
2024-11-03T08:47:52.803Z [info]: GET /api/dashboard/totalUsers 
2024-11-03T08:47:52.811Z [info]: GET /api/dashboard/totalCompanies 
2024-11-03T08:47:52.825Z [info]: GET /api/dashboard/userLogs 
2024-11-03T08:49:53.993Z [info]: GET /api/dashboard/sessionByCompany 
2024-11-03T08:49:53.994Z [info]: GET /api/dashboard/totalUsers 
2024-11-03T08:49:54.001Z [info]: GET /api/dashboard/totalCompanies 
2024-11-03T08:49:54.010Z [info]: GET /api/dashboard/userLogs 
2024-11-03T08:50:12.150Z [info]: Shutting down gracefully... 
2024-11-03T08:50:15.077Z [info]: Server running on http://localhost:5000 
2024-11-03T08:50:15.847Z [info]: GET /api/dashboard/sessionByCompany 
2024-11-03T08:50:15.851Z [info]: GET /api/dashboard/totalUsers 
2024-11-03T08:50:15.870Z [info]: GET /api/dashboard/totalCompanies 
2024-11-03T08:50:15.876Z [info]: GET /api/dashboard/userLogs 
2024-11-03T08:50:33.764Z [info]: GET /api/dashboard/sessionByCompany 
2024-11-03T08:50:33.766Z [info]: GET /api/dashboard/totalUsers 
2024-11-03T08:50:33.774Z [info]: GET /api/dashboard/totalCompanies 
2024-11-03T08:50:33.784Z [info]: GET /api/dashboard/userLogs 
2024-11-03T08:50:54.287Z [info]: POST /api/auth/login 
2024-11-03T08:50:54.399Z [info]: GET /api/dashboard/totalUsers 
2024-11-03T08:50:54.401Z [info]: GET /api/dashboard/sessionByCompany 
2024-11-03T08:50:54.410Z [info]: GET /api/dashboard/totalCompanies 
2024-11-03T08:50:54.422Z [info]: GET /api/dashboard/userLogs 
2024-11-03T08:55:59.826Z [info]: GET /api/dashboard/sessionByCompany 
2024-11-03T08:55:59.827Z [info]: GET /api/dashboard/totalUsers 
2024-11-03T08:55:59.847Z [info]: GET /api/dashboard/totalCompanies 
2024-11-03T08:55:59.862Z [info]: GET /api/dashboard/userLogs 
2024-11-03T09:02:07.147Z [info]: GET /api/dashboard/sessionByCompany 
2024-11-03T09:02:07.148Z [info]: GET /api/dashboard/totalUsers 
2024-11-03T09:02:07.156Z [info]: GET /api/dashboard/totalCompanies 
2024-11-03T09:02:07.167Z [info]: GET /api/dashboard/userLogs 
2024-11-03T09:02:22.895Z [info]: GET /api/dashboard/sessionByCompany 
2024-11-03T09:02:22.896Z [info]: GET /api/dashboard/totalUsers 
2024-11-03T09:02:22.909Z [info]: GET /api/dashboard/totalCompanies 
2024-11-03T09:02:22.916Z [info]: GET /api/dashboard/userLogs 
2024-11-03T09:06:08.006Z [info]: GET /api/dashboard/sessionByCompany 
2024-11-03T09:06:08.007Z [info]: GET /api/dashboard/totalUsers 
2024-11-03T09:06:08.020Z [info]: GET /api/dashboard/totalCompanies 
2024-11-03T09:06:08.025Z [info]: GET /api/dashboard/userLogs 
2024-11-03T09:06:25.903Z [info]: POST /api/auth/login 
2024-11-03T09:06:26.205Z [info]: GET /api/dashboard/sessionByCompany 
2024-11-03T09:06:26.207Z [info]: GET /api/dashboard/totalUsers 
2024-11-03T09:06:26.216Z [info]: GET /api/dashboard/totalCompanies 
2024-11-03T09:06:26.233Z [info]: GET /api/dashboard/userLogs 
2024-11-03T09:08:55.294Z [info]: GET /api/dashboard/sessionByCompany 
2024-11-03T09:08:55.295Z [info]: GET /api/dashboard/totalUsers 
2024-11-03T09:08:55.305Z [info]: GET /api/dashboard/totalCompanies 
2024-11-03T09:08:55.315Z [info]: GET /api/dashboard/userLogs 
2024-11-03T09:09:40.347Z [info]: GET /api/dashboard/sessionByCompany 
2024-11-03T09:09:40.348Z [info]: GET /api/dashboard/totalUsers 
2024-11-03T09:09:40.357Z [info]: GET /api/dashboard/totalCompanies 
2024-11-03T09:09:40.368Z [info]: GET /api/dashboard/userLogs 
2024-11-03T09:09:48.310Z [info]: GET /api/dashboard/sessionByCompany 
2024-11-03T09:09:48.311Z [info]: GET /api/dashboard/totalUsers 
2024-11-03T09:09:48.325Z [info]: GET /api/dashboard/totalCompanies 
2024-11-03T09:09:48.336Z [info]: GET /api/dashboard/userLogs 
2024-11-03T09:11:37.290Z [info]: GET /api/dashboard/sessionByCompany 
2024-11-03T09:11:37.291Z [info]: GET /api/dashboard/totalUsers 
2024-11-03T09:11:37.304Z [info]: GET /api/dashboard/totalCompanies 
2024-11-03T09:11:37.312Z [info]: GET /api/dashboard/userLogs 
2024-11-03T09:11:42.668Z [info]: GET /api/dashboard/sessionByCompany 
2024-11-03T09:11:42.669Z [info]: GET /api/dashboard/totalUsers 
2024-11-03T09:11:42.691Z [info]: GET /api/dashboard/totalCompanies 
2024-11-03T09:11:42.701Z [info]: GET /api/dashboard/userLogs 
2024-11-03T09:12:47.701Z [info]: POST /api/auth/login 
2024-11-03T09:12:48.105Z [info]: GET /api/dashboard/sessionByCompany 
2024-11-03T09:12:48.107Z [info]: GET /api/dashboard/totalUsers 
2024-11-03T09:12:48.118Z [info]: GET /api/dashboard/totalCompanies 
2024-11-03T09:12:48.124Z [info]: GET /api/dashboard/userLogs 
2024-11-03T09:17:33.850Z [info]: POST /api/auth/login 
2024-11-03T09:17:35.063Z [info]: GET /api/dashboard/sessionByCompany 
2024-11-03T09:17:35.066Z [info]: GET /api/dashboard/totalUsers 
2024-11-03T09:17:35.093Z [info]: GET /api/dashboard/totalCompanies 
2024-11-03T09:17:35.122Z [info]: GET /api/dashboard/userLogs 
2024-11-03T09:17:41.539Z [info]: GET /api/dashboard/sessionByCompany 
2024-11-03T09:17:41.540Z [info]: GET /api/dashboard/totalUsers 
2024-11-03T09:17:41.552Z [info]: GET /api/dashboard/totalCompanies 
2024-11-03T09:17:41.566Z [info]: GET /api/dashboard/userLogs 
2024-11-03T09:17:53.069Z [info]: GET /api/dashboard/sessionByCompany 
2024-11-03T09:17:53.070Z [info]: GET /api/dashboard/totalUsers 
2024-11-03T09:17:53.083Z [info]: GET /api/dashboard/totalCompanies 
2024-11-03T09:17:53.094Z [info]: GET /api/dashboard/userLogs 
2024-11-03T09:17:53.936Z [info]: GET /api/dashboard/sessionByCompany 
2024-11-03T09:17:53.938Z [info]: GET /api/dashboard/totalUsers 
2024-11-03T09:17:53.958Z [info]: GET /api/dashboard/totalCompanies 
2024-11-03T09:17:53.975Z [info]: GET /api/dashboard/userLogs 
2024-11-03T09:17:56.179Z [info]: GET /api/dashboard/sessionByCompany 
2024-11-03T09:17:56.181Z [info]: GET /api/dashboard/totalUsers 
2024-11-03T09:17:56.194Z [info]: GET /api/dashboard/totalCompanies 
2024-11-03T09:17:56.207Z [info]: GET /api/dashboard/userLogs 
2024-11-03T09:17:57.424Z [info]: GET /api/dashboard/sessionByCompany 
2024-11-03T09:17:57.426Z [info]: GET /api/dashboard/totalUsers 
2024-11-03T09:17:57.520Z [info]: GET /api/dashboard/totalCompanies 
2024-11-03T09:17:57.540Z [info]: GET /api/dashboard/userLogs 
2024-11-03T09:25:09.818Z [info]: GET /api/dashboard/sessionByCompany 
2024-11-03T09:25:09.821Z [info]: GET /api/dashboard/totalUsers 
2024-11-03T09:25:09.853Z [info]: GET /api/dashboard/totalCompanies 
2024-11-03T09:25:09.864Z [info]: GET /api/dashboard/userLogs 
2024-11-03T10:08:45.288Z [info]: Server running on http://localhost:5000 
2024-11-03T10:08:52.429Z [info]: Server running on http://localhost:5000 
2024-11-03T13:47:15.626Z [info]: Server running on http://localhost:5000 
2024-11-03T13:47:26.570Z [info]: Shutting down gracefully... 
2024-11-03T13:47:34.614Z [info]: Server running on http://localhost:5000 
