2024-11-07T06:20:26.087Z [info]: Server running on http://localhost:5000 
2024-11-07T08:08:42.597Z [info]: Server running on http://localhost:5000 
2024-11-07T08:11:10.506Z [info]: Server running on http://localhost:5000 
2024-11-07T08:18:07.149Z [info]: Server running on http://localhost:5000 
2024-11-07T08:25:33.016Z [info]: Server running on http://localhost:5000 
2024-11-07T11:18:26.580Z [info]: Server running on http://localhost:5000 
2024-11-07T14:09:30.683Z [info]: Server running on http://localhost:5000 
2024-11-07T14:14:15.036Z [info]: POST /api/auth/login 
2024-11-07T14:14:16.726Z [info]: GET /api/dashboard/sessionByCompany 
2024-11-07T14:14:16.733Z [info]: GET /api/dashboard/totalUsers 
2024-11-07T14:14:16.781Z [info]: GET /api/dashboard/totalCompanies 
2024-11-07T14:14:16.820Z [info]: GET /api/dashboard/userLogs 
2024-11-07T14:14:57.528Z [info]: GET /api/companies/techinnovators 
2024-11-07T14:16:30.976Z [info]: GET /api/companies/shaheercorp/report-calculation 
2024-11-07T14:17:53.848Z [info]: GET /api 
2024-11-07T14:18:51.963Z [info]: GET /api/companies/shaheercorp/report-calculation 
2024-11-07T14:21:15.495Z [info]: Server running on http://localhost:5000 
2024-11-07T14:21:24.011Z [info]: GET /api/companies/shaheercorp/report-calculation 
2024-11-07T14:21:37.825Z [info]: GET /api/companies/shaheercorp 
2024-11-07T14:37:15.138Z [info]: Server running on http://localhost:5000 
2024-11-07T14:39:20.057Z [info]: GET /companies/dhaheercorp/report-calculation 
2024-11-07T14:39:26.959Z [info]: GET /companies/shaheercorp/report-calculation 
2024-11-07T15:55:41.287Z [info]: GET /companies/shaheercorp/report-calculation 
2024-11-07T16:08:01.097Z [info]: Server running on http://localhost:5000 
2024-11-07T16:08:03.851Z [info]: Server running on http://localhost:5000 
2024-11-07T16:08:08.058Z [info]: Server running on http://localhost:5000 
2024-11-07T16:08:10.282Z [info]: Server running on http://localhost:5000 
2024-11-07T16:08:14.921Z [info]: Server running on http://localhost:5000 
2024-11-07T16:10:10.145Z [info]: GET /api/company-calculations/companies/shaheercorp/report-calculation 
2024-11-07T16:10:10.149Z [error]: Unknown column 'slug' in 'where clause' {"code":"ER_BAD_FIELD_ERROR","errno":1054,"sql":"SELECT * FROM companies WHERE slug = 'shaheercorp'","sqlState":"42S22","sqlMessage":"Unknown column 'slug' in 'where clause'","stack":"Error: Unknown column 'slug' in 'where clause'\n    at PromisePool.query (C:\\Users\\Shaheer Khan\\Music\\Health_Risk_New\\backend\\node_modules\\mysql2\\promise.js:356:22)\n    at C:\\Users\\Shaheer Khan\\Music\\Health_Risk_New\\backend\\src\\routes\\companyCalculationsRoutes.js:71:42\n    at Layer.handle [as handle_request] (C:\\Users\\Shaheer Khan\\Music\\Health_Risk_New\\backend\\node_modules\\express\\lib\\router\\layer.js:95:5)\n    at next (C:\\Users\\Shaheer Khan\\Music\\Health_Risk_New\\backend\\node_modules\\express\\lib\\router\\route.js:149:13)\n    at Route.dispatch (C:\\Users\\Shaheer Khan\\Music\\Health_Risk_New\\backend\\node_modules\\express\\lib\\router\\route.js:119:3)\n    at Layer.handle [as handle_request] (C:\\Users\\Shaheer Khan\\Music\\Health_Risk_New\\backend\\node_modules\\express\\lib\\router\\layer.js:95:5)\n    at C:\\Users\\Shaheer Khan\\Music\\Health_Risk_New\\backend\\node_modules\\express\\lib\\router\\index.js:284:15\n    at param (C:\\Users\\Shaheer Khan\\Music\\Health_Risk_New\\backend\\node_modules\\express\\lib\\router\\index.js:365:14)\n    at param (C:\\Users\\Shaheer Khan\\Music\\Health_Risk_New\\backend\\node_modules\\express\\lib\\router\\index.js:376:14)\n    at Function.process_params (C:\\Users\\Shaheer Khan\\Music\\Health_Risk_New\\backend\\node_modules\\express\\lib\\router\\index.js:421:3)"}
2024-11-07T16:10:58.556Z [info]: GET /api/company-calculations/companies/healthsolutions/report-calculation 
2024-11-07T16:10:58.558Z [error]: Unknown column 'slug' in 'where clause' {"code":"ER_BAD_FIELD_ERROR","errno":1054,"sql":"SELECT * FROM companies WHERE slug = 'healthsolutions'","sqlState":"42S22","sqlMessage":"Unknown column 'slug' in 'where clause'","stack":"Error: Unknown column 'slug' in 'where clause'\n    at PromisePool.query (C:\\Users\\Shaheer Khan\\Music\\Health_Risk_New\\backend\\node_modules\\mysql2\\promise.js:356:22)\n    at C:\\Users\\Shaheer Khan\\Music\\Health_Risk_New\\backend\\src\\routes\\companyCalculationsRoutes.js:71:42\n    at Layer.handle [as handle_request] (C:\\Users\\Shaheer Khan\\Music\\Health_Risk_New\\backend\\node_modules\\express\\lib\\router\\layer.js:95:5)\n    at next (C:\\Users\\Shaheer Khan\\Music\\Health_Risk_New\\backend\\node_modules\\express\\lib\\router\\route.js:149:13)\n    at Route.dispatch (C:\\Users\\Shaheer Khan\\Music\\Health_Risk_New\\backend\\node_modules\\express\\lib\\router\\route.js:119:3)\n    at Layer.handle [as handle_request] (C:\\Users\\Shaheer Khan\\Music\\Health_Risk_New\\backend\\node_modules\\express\\lib\\router\\layer.js:95:5)\n    at C:\\Users\\Shaheer Khan\\Music\\Health_Risk_New\\backend\\node_modules\\express\\lib\\router\\index.js:284:15\n    at param (C:\\Users\\Shaheer Khan\\Music\\Health_Risk_New\\backend\\node_modules\\express\\lib\\router\\index.js:365:14)\n    at param (C:\\Users\\Shaheer Khan\\Music\\Health_Risk_New\\backend\\node_modules\\express\\lib\\router\\index.js:376:14)\n    at Function.process_params (C:\\Users\\Shaheer Khan\\Music\\Health_Risk_New\\backend\\node_modules\\express\\lib\\router\\index.js:421:3)"}
2024-11-07T16:11:45.682Z [info]: Server running on http://localhost:5000 
2024-11-07T16:11:55.193Z [info]: GET /api/company-calculations/companies/healthsolutions/report-calculation 
2024-11-07T16:11:55.196Z [error]: Unknown column 'slug' in 'where clause' {"code":"ER_BAD_FIELD_ERROR","errno":1054,"sql":"SELECT * FROM companies WHERE slug = 'healthsolutions'","sqlState":"42S22","sqlMessage":"Unknown column 'slug' in 'where clause'","stack":"Error: Unknown column 'slug' in 'where clause'\n    at PromisePool.query (C:\\Users\\Shaheer Khan\\Music\\Health_Risk_New\\backend\\node_modules\\mysql2\\promise.js:356:22)\n    at C:\\Users\\Shaheer Khan\\Music\\Health_Risk_New\\backend\\src\\routes\\companyCalculationsRoutes.js:71:42\n    at Layer.handle [as handle_request] (C:\\Users\\Shaheer Khan\\Music\\Health_Risk_New\\backend\\node_modules\\express\\lib\\router\\layer.js:95:5)\n    at next (C:\\Users\\Shaheer Khan\\Music\\Health_Risk_New\\backend\\node_modules\\express\\lib\\router\\route.js:149:13)\n    at Route.dispatch (C:\\Users\\Shaheer Khan\\Music\\Health_Risk_New\\backend\\node_modules\\express\\lib\\router\\route.js:119:3)\n    at Layer.handle [as handle_request] (C:\\Users\\Shaheer Khan\\Music\\Health_Risk_New\\backend\\node_modules\\express\\lib\\router\\layer.js:95:5)\n    at C:\\Users\\Shaheer Khan\\Music\\Health_Risk_New\\backend\\node_modules\\express\\lib\\router\\index.js:284:15\n    at param (C:\\Users\\Shaheer Khan\\Music\\Health_Risk_New\\backend\\node_modules\\express\\lib\\router\\index.js:365:14)\n    at param (C:\\Users\\Shaheer Khan\\Music\\Health_Risk_New\\backend\\node_modules\\express\\lib\\router\\index.js:376:14)\n    at Function.process_params (C:\\Users\\Shaheer Khan\\Music\\Health_Risk_New\\backend\\node_modules\\express\\lib\\router\\index.js:421:3)"}
2024-11-07T16:12:43.753Z [info]: Server running on http://localhost:5000 
2024-11-07T16:12:46.578Z [info]: GET /api/company-calculations/companies/healthsolutions/report-calculation 
2024-11-07T16:12:46.584Z [error]: Unknown column 'assessment_response.response' in 'field list' {"code":"ER_BAD_FIELD_ERROR","errno":1054,"sql":"SELECT employees.*, assessment_response.response \n             FROM employees \n             LEFT JOIN assessment_response ON employees.id = assessment_response.employee_id \n             WHERE employees.company_id = 1583","sqlState":"42S22","sqlMessage":"Unknown column 'assessment_response.response' in 'field list'","stack":"Error: Unknown column 'assessment_response.response' in 'field list'\n    at PromisePool.query (C:\\Users\\Shaheer Khan\\Music\\Health_Risk_New\\backend\\node_modules\\mysql2\\promise.js:356:22)\n    at C:\\Users\\Shaheer Khan\\Music\\Health_Risk_New\\backend\\src\\routes\\companyCalculationsRoutes.js:78:43\n    at process.processTicksAndRejections (node:internal/process/task_queues:105:5)"}
2024-11-07T16:13:53.528Z [info]: Server running on http://localhost:5000 
2024-11-07T16:16:21.339Z [info]: Server running on http://localhost:5000 
2024-11-07T16:16:25.694Z [info]: Server running on http://localhost:5000 
2024-11-07T16:16:31.408Z [info]: GET /api/company-calculations/companies/healthsolutions/report-calculation 
2024-11-07T16:16:31.414Z [error]: Unknown column 'company_id' in 'where clause' {"code":"ER_BAD_FIELD_ERROR","errno":1054,"sql":"SELECT * FROM assessment_response WHERE company_id = 1583","sqlState":"42S22","sqlMessage":"Unknown column 'company_id' in 'where clause'","stack":"Error: Unknown column 'company_id' in 'where clause'\n    at PromisePool.query (C:\\Users\\Shaheer Khan\\Music\\Health_Risk_New\\backend\\node_modules\\mysql2\\promise.js:356:22)\n    at C:\\Users\\Shaheer Khan\\Music\\Health_Risk_New\\backend\\src\\routes\\companyCalculationsRoutes.js:78:43\n    at process.processTicksAndRejections (node:internal/process/task_queues:105:5)"}
2024-11-07T16:16:52.525Z [info]: Server running on http://localhost:5000 
2024-11-07T16:17:18.176Z [info]: Server running on http://localhost:5000 
2024-11-07T16:17:23.409Z [info]: Server running on http://localhost:5000 
2024-11-07T16:17:36.516Z [info]: Server running on http://localhost:5000 
2024-11-07T16:17:38.986Z [info]: GET /api/company-calculations/companies/healthsolutions/report-calculation 
2024-11-07T16:18:55.464Z [info]: Server running on http://localhost:5000 
2024-11-07T16:19:00.536Z [info]: GET /api/company-calculations/companies/healthsolutions/report-calculation 
2024-11-07T16:20:16.614Z [info]: GET /api/company-calculations/companies/shaheercorp/report-calculation 
2024-11-07T16:21:41.086Z [info]: Server running on http://localhost:5000 
2024-11-07T16:21:53.777Z [info]: Server running on http://localhost:5000 
2024-11-07T16:24:07.256Z [info]: Server running on http://localhost:5000 
2024-11-07T16:24:12.397Z [info]: Server running on http://localhost:5000 
2024-11-07T16:24:26.362Z [info]: Server running on http://localhost:5000 
2024-11-07T16:24:28.571Z [info]: Server running on http://localhost:5000 
2024-11-07T16:24:30.141Z [info]: Server running on http://localhost:5000 
2024-11-07T16:24:33.259Z [info]: Server running on http://localhost:5000 
2024-11-07T16:24:41.822Z [info]: Server running on http://localhost:5000 
2024-11-07T16:37:18.384Z [info]: Server running on http://localhost:5000 
2024-11-07T16:38:02.678Z [info]: Server running on http://localhost:5000 
2024-11-07T16:38:15.212Z [info]: Server running on http://localhost:5000 
2024-11-07T16:43:40.550Z [info]: Server running on http://localhost:5000 
2024-11-07T16:54:56.618Z [info]: Server running on http://localhost:5000 
